\BOOKMARK [1][-]{section.0}{\376\377\0000\000\040\000M\000o\000t\000i\000v\000a\000t\000i\000o\000n\000\040\000a\000n\000d\000\040\000h\000i\000s\000t\000o\000r\000y}{}% 1
\BOOKMARK [2][-]{subsection.0.1}{\376\377\0000\000.\0001\000\040\000K\000o\000s\000z\000u\000l\000\040\000d\000u\000a\000l\000i\000t\000y}{section.0}% 2
\BOOKMARK [2][-]{subsection.0.2}{\376\377\0000\000.\0002\000\040\000G\000r\000\366\000b\000n\000e\000r\000\040\000b\000a\000s\000e\000s}{section.0}% 3
\BOOKMARK [2][-]{subsection.0.3}{\376\377\0000\000.\0003\000\040\000E\000f\000f\000e\000c\000t\000i\000v\000e\000\040\000m\000e\000t\000h\000o\000d\000s}{section.0}% 4
\BOOKMARK [2][-]{subsection.0.4}{\376\377\0000\000.\0004\000\040\000E\000x\000e\000r\000c\000i\000s\000e\000s}{section.0}% 5
\BOOKMARK [1][-]{section.1}{\376\377\0001\000\040\000S\000y\000m\000m\000e\000t\000r\000i\000c\000\040\000m\000o\000d\000u\000l\000e\000s\000\040\000a\000n\000d\000\040\000a\000l\000g\000e\000b\000r\000a\000i\000c\000\040\000o\000p\000e\000r\000a\000d\000s}{}% 6
\BOOKMARK [2][-]{subsection.1.1}{\376\377\0001\000.\0001\000\040\000B\000a\000s\000i\000c\000\040\000d\000e\000f\000i\000n\000i\000t\000i\000o\000n\000s}{section.1}% 7
\BOOKMARK [2][-]{subsection.1.2}{\376\377\0001\000.\0002\000\040\000C\000o\000n\000s\000t\000r\000u\000c\000t\000i\000n\000g\000\040\000o\000p\000e\000r\000a\000d\000s\000\040\000b\000y\000\040\000h\000a\000n\000d}{section.1}% 8
\BOOKMARK [2][-]{subsection.1.3}{\376\377\0001\000.\0003\000\040\000E\000x\000e\000r\000c\000i\000s\000e\000s}{section.1}% 9
\BOOKMARK [1][-]{section.2}{\376\377\0002\000\040\000F\000r\000e\000e\000\040\000o\000p\000e\000r\000a\000d\000s\000\040\000a\000n\000d\000\040\000p\000r\000e\000s\000e\000n\000t\000a\000t\000i\000o\000n\000s}{}% 10
\BOOKMARK [2][-]{subsection.2.1}{\376\377\0002\000.\0001\000\040\000T\000r\000e\000e\000s}{section.2}% 11
\BOOKMARK [2][-]{subsection.2.2}{\376\377\0002\000.\0002\000\040\000T\000r\000e\000e\000\040\000m\000o\000n\000o\000m\000i\000a\000l\000s}{section.2}% 12
\BOOKMARK [2][-]{subsection.2.3}{\376\377\0002\000.\0003\000\040\000T\000h\000e\000\040\000f\000r\000e\000e\000\040\000o\000p\000e\000r\000a\000d}{section.2}% 13
\BOOKMARK [2][-]{subsection.2.4}{\376\377\0002\000.\0004\000\040\000E\000x\000e\000r\000c\000i\000s\000e\000s}{section.2}% 14
\BOOKMARK [1][-]{section.3}{\376\377\0003\000\040\000Q\000u\000a\000d\000r\000a\000t\000i\000c\000\040\000o\000p\000e\000r\000a\000d\000s}{}% 15
\BOOKMARK [2][-]{subsection.3.1}{\376\377\0003\000.\0001\000\040\000W\000e\000i\000g\000h\000t\000\040\000g\000r\000a\000d\000i\000n\000g\000s\000\040\000a\000n\000d\000\040\000p\000r\000e\000s\000e\000n\000t\000a\000t\000i\000o\000n\000s}{section.3}% 16
\BOOKMARK [2][-]{subsection.3.2}{\376\377\0003\000.\0002\000\040\000Q\000u\000a\000d\000r\000a\000t\000i\000c\000\040\000o\000p\000e\000r\000a\000d\000s}{section.3}% 17
\BOOKMARK [2][-]{subsection.3.3}{\376\377\0003\000.\0003\000\040\000E\000x\000e\000r\000c\000i\000s\000e\000s}{section.3}% 18
\BOOKMARK [1][-]{section.4}{\376\377\0004\000\040\000Q\000u\000a\000d\000r\000a\000t\000i\000c\000\040\000d\000u\000a\000l\000s}{}% 19
\BOOKMARK [2][-]{subsection.4.1}{\376\377\0004\000.\0001\000\040\000D\000i\000f\000f\000e\000r\000e\000n\000t\000i\000a\000l\000\040\000g\000r\000a\000d\000e\000d\000\040\000s\000e\000q\000u\000e\000n\000c\000e\000s}{section.4}% 20
\BOOKMARK [2][-]{subsection.4.2}{\376\377\0004\000.\0002\000\040\000T\000h\000e\000\040\000K\000o\000s\000z\000u\000l\000\040\000d\000u\000a\000l}{section.4}% 21
\BOOKMARK [2][-]{subsection.4.3}{\376\377\0004\000.\0003\000\040\000E\000x\000e\000r\000c\000i\000s\000e\000s}{section.4}% 22
\BOOKMARK [1][-]{section.5}{\376\377\0005\000\040\000S\000h\000u\000f\000f\000l\000e\000\040\000o\000p\000e\000r\000a\000d\000s}{}% 23
\BOOKMARK [2][-]{subsection.5.1}{\376\377\0005\000.\0001\000\040\000S\000h\000u\000f\000f\000l\000e\000\040\000o\000p\000e\000r\000a\000d\000s}{section.5}% 24
\BOOKMARK [2][-]{subsection.5.2}{\376\377\0005\000.\0002\000\040\000F\000r\000e\000e\000\040\000s\000h\000u\000f\000f\000l\000e\000\040\000o\000p\000e\000r\000a\000d}{section.5}% 25
\BOOKMARK [2][-]{subsection.5.3}{\376\377\0005\000.\0003\000\040\000F\000o\000r\000g\000e\000t\000f\000u\000l\000\040\000f\000u\000n\000c\000t\000o\000r}{section.5}% 26
\BOOKMARK [2][-]{subsection.5.4}{\376\377\0005\000.\0004\000\040\000E\000x\000e\000r\000c\000i\000s\000e\000s}{section.5}% 27
\BOOKMARK [1][-]{section.6}{\376\377\0006\000\040\000M\000o\000n\000o\000m\000i\000a\000l\000\040\000o\000r\000d\000e\000r\000s}{}% 28
\BOOKMARK [2][-]{subsection.6.1}{\376\377\0006\000.\0001\000\040\000S\000o\000m\000e\000\040\000r\000e\000m\000i\000n\000d\000e\000r\000s}{section.6}% 29
\BOOKMARK [2][-]{subsection.6.2}{\376\377\0006\000.\0002\000\040\000T\000w\000o\000\040\000s\000t\000a\000t\000i\000s\000t\000i\000c\000s}{section.6}% 30
\BOOKMARK [2][-]{subsection.6.3}{\376\377\0006\000.\0003\000\040\000O\000r\000d\000e\000r\000e\000d\000\040\000s\000h\000u\000f\000f\000l\000e\000\040\000o\000p\000e\000r\000a\000d\000s}{section.6}% 31
\BOOKMARK [2][-]{subsection.6.4}{\376\377\0006\000.\0004\000\040\000E\000x\000e\000r\000c\000i\000s\000e\000s}{section.6}% 32
\BOOKMARK [1][-]{section.7}{\376\377\0007\000\040\000G\000r\000\366\000b\000n\000e\000r\000\040\000b\000a\000s\000e\000s}{}% 33
\BOOKMARK [2][-]{subsection.7.1}{\376\377\0007\000.\0001\000\040\000T\000r\000e\000e\000\040\000i\000n\000s\000e\000r\000t\000i\000o\000n}{section.7}% 34
\BOOKMARK [2][-]{subsection.7.2}{\376\377\0007\000.\0002\000\040\000L\000o\000n\000g\000\040\000d\000i\000v\000i\000s\000i\000o\000n}{section.7}% 35
\BOOKMARK [2][-]{subsection.7.3}{\376\377\0007\000.\0003\000\040\000E\000x\000i\000s\000t\000e\000n\000c\000e\000\040\000a\000n\000d\000\040\000u\000n\000i\000q\000u\000e\000n\000e\000s\000s}{section.7}% 36
\BOOKMARK [2][-]{subsection.7.4}{\376\377\0007\000.\0004\000\040\000E\000x\000e\000r\000c\000i\000s\000e\000s}{section.7}% 37
\BOOKMARK [1][-]{section.8}{\376\377\0008\000\040\000C\000o\000m\000p\000u\000t\000i\000n\000g\000\040\000G\000r\000\366\000b\000n\000e\000r\000\040\000b\000a\000s\000e\000s}{}% 38
\BOOKMARK [2][-]{subsection.8.1}{\376\377\0008\000.\0001\000\040\000S\000-\000p\000o\000l\000y\000n\000o\000m\000i\000a\000l\000s}{section.8}% 39
\BOOKMARK [2][-]{subsection.8.2}{\376\377\0008\000.\0002\000\040\000D\000i\000a\000m\000o\000n\000d\000\040\000L\000e\000m\000m\000a}{section.8}% 40
\BOOKMARK [2][-]{subsection.8.3}{\376\377\0008\000.\0003\000\040\000B\000u\000c\000h\000b\000e\000r\000g\000e\000r\000'\000s\000\040\000A\000l\000g\000o\000r\000i\000t\000h\000m}{section.8}% 41
\BOOKMARK [2][-]{subsection.8.4}{\376\377\0008\000.\0004\000\040\000E\000x\000e\000r\000c\000i\000s\000e\000s}{section.8}% 42
\BOOKMARK [1][-]{section.9}{\376\377\0009\000\040\000B\000a\000r\000\040\000a\000n\000d\000\040\000c\000o\000b\000a\000r\000\040\000c\000o\000n\000s\000t\000r\000u\000c\000t\000i\000o\000n\000s}{}% 43
\BOOKMARK [2][-]{subsection.9.1}{\376\377\0009\000.\0001\000\040\000T\000h\000e\000\040\000b\000a\000r\000\040\000c\000o\000n\000s\000t\000r\000u\000c\000t\000i\000o\000n}{section.9}% 44
\BOOKMARK [2][-]{subsection.9.2}{\376\377\0009\000.\0002\000\040\000K\000o\000s\000z\000u\000l\000\040\000d\000u\000a\000l\000\040\000c\000o\000o\000p\000e\000r\000a\000d}{section.9}% 45
\BOOKMARK [2][-]{subsection.9.3}{\376\377\0009\000.\0003\000\040\000E\000x\000e\000r\000c\000i\000s\000e\000s}{section.9}% 46
\BOOKMARK [1][-]{section.10}{\376\377\0001\0000\000\040\000K\000o\000s\000z\000u\000l\000\040\000c\000o\000m\000p\000l\000e\000x\000e\000s}{}% 47
\BOOKMARK [2][-]{subsection.10.1}{\376\377\0001\0000\000.\0001\000\040\000T\000w\000i\000s\000t\000i\000n\000g\000\040\000m\000o\000r\000p\000h\000i\000s\000m\000s}{section.10}% 48
\BOOKMARK [2][-]{subsection.10.2}{\376\377\0001\0000\000.\0002\000\040\000A\000d\000j\000u\000n\000c\000t\000i\000o\000n}{section.10}% 49
\BOOKMARK [2][-]{subsection.10.3}{\376\377\0001\0000\000.\0003\000\040\000K\000o\000s\000z\000u\000l\000\040\000c\000o\000m\000p\000l\000e\000x\000e\000s}{section.10}% 50
\BOOKMARK [2][-]{subsection.10.4}{\376\377\0001\0000\000.\0004\000\040\000E\000x\000e\000r\000c\000i\000s\000e\000s}{section.10}% 51
\BOOKMARK [1][-]{section.11}{\376\377\0001\0001\000\040\000M\000e\000t\000h\000o\000d\000s\000\040\000t\000o\000\040\000p\000r\000o\000v\000e\000\040\000a\000n\000\040\000o\000p\000e\000r\000a\000d\000\040\000i\000s\000\040\000K\000o\000s\000z\000u\000l\000\040\000I}{}% 52
\BOOKMARK [2][-]{subsection.11.1}{\376\377\0001\0001\000.\0001\000\040\000M\000o\000n\000o\000m\000i\000a\000l\000\040\000o\000p\000e\000r\000a\000d\000s}{section.11}% 53
\BOOKMARK [2][-]{subsection.11.2}{\376\377\0001\0001\000.\0002\000\040\000T\000h\000e\000\040\000n\000u\000m\000e\000r\000i\000c\000a\000l\000\040\000c\000r\000i\000t\000e\000r\000i\000o\000n}{section.11}% 54
\BOOKMARK [2][-]{subsection.11.3}{\376\377\0001\0001\000.\0003\000\040\000E\000x\000e\000r\000c\000i\000s\000e\000s}{section.11}% 55
\BOOKMARK [1][-]{section.12}{\376\377\0001\0002\000\040\000M\000e\000t\000h\000o\000d\000s\000\040\000t\000o\000\040\000p\000r\000o\000v\000e\000\040\000a\000n\000\040\000o\000p\000e\000r\000a\000d\000\040\000i\000s\000\040\000K\000o\000s\000z\000u\000l\000\040\000I\000I}{}% 56
\BOOKMARK [2][-]{subsection.12.1}{\376\377\0001\0002\000.\0001\000\040\000F\000i\000l\000t\000r\000a\000t\000i\000o\000n\000s\000\040\000a\000n\000d\000\040\000r\000e\000w\000r\000i\000t\000i\000n\000g}{section.12}% 57
\BOOKMARK [2][-]{subsection.12.2}{\376\377\0001\0002\000.\0002\000\040\000D\000i\000s\000t\000r\000i\000b\000u\000t\000i\000v\000e\000\040\000l\000a\000w\000s}{section.12}% 58
\BOOKMARK [2][-]{subsection.12.3}{\376\377\0001\0002\000.\0003\000\040\000E\000x\000e\000r\000c\000i\000s\000e\000s}{section.12}% 59
\BOOKMARK [1][-]{appendix.A}{\376\377\000A\000\040\000T\000e\000c\000h\000n\000i\000c\000a\000l\000\040\000h\000o\000m\000o\000l\000o\000g\000i\000c\000a\000l\000\040\000r\000e\000s\000u\000l\000t\000s}{}% 60
\BOOKMARK [2][-]{subsection.A.1}{\376\377\000A\000.\0001\000\040\000C\000o\000m\000p\000a\000r\000i\000s\000o\000n\000\040\000t\000h\000e\000o\000r\000e\000m}{appendix.A}% 61
\BOOKMARK [2][-]{subsection.A.2}{\376\377\000A\000.\0002\000\040\000B\000i\000g\000\040\000K\000o\000s\000z\000u\000l\000\040\000c\000o\000m\000p\000l\000e\000x\000e\000s\000\040\000a\000r\000e\000\040\000a\000c\000y\000l\000i\000c}{appendix.A}% 62
\BOOKMARK [2][-]{subsection.A.3}{\376\377\000A\000.\0003\000\040\000F\000u\000n\000d\000a\000m\000e\000n\000t\000a\000l\000\040\000t\000h\000e\000o\000r\000e\000m}{appendix.A}% 63
\BOOKMARK [1][-]{appendix.B}{\376\377\000B\000\040\000F\000u\000r\000t\000h\000e\000r\000\040\000t\000o\000p\000i\000c\000s}{}% 64
\BOOKMARK [2][-]{subsection.B.1}{\376\377\000B\000.\0001\000\040\000A\000l\000g\000e\000b\000r\000a\000s\000\040\000o\000v\000e\000r\000\040\000o\000p\000e\000r\000a\000d\000s}{appendix.B}% 65
\BOOKMARK [2][-]{subsection.B.2}{\376\377\000B\000.\0002\000\040\000R\000e\000w\000r\000i\000t\000i\000n\000g\000\040\000t\000h\000e\000o\000r\000y\000\040\000f\000o\000r\000\040\000a\000l\000g\000e\000b\000r\000a\000s\000\040}{appendix.B}% 66
\BOOKMARK [2][-]{subsection.B.3}{\376\377\000B\000.\0003\000\040\000H\000o\000m\000o\000t\000o\000p\000y\000\040\000a\000l\000g\000e\000b\000r\000a\000s}{appendix.B}% 67
\BOOKMARK [1][-]{appendix.C}{\376\377\000C\000\040\000C\000l\000a\000s\000s\000i\000c\000a\000l\000\040\000t\000h\000e\000o\000r\000y}{}% 68
\BOOKMARK [2][-]{subsection.C.1}{\376\377\000C\000.\0001\000\040\000N\000o\000n\000-\000c\000o\000m\000m\000u\000t\000a\000t\000i\000v\000e\000\040\000G\000r\000\366\000b\000n\000e\000r\000\040\000b\000a\000s\000e\000s}{appendix.C}% 69
