This is pdfTeX, Version 3.141592653-2.6-1.40.22 (MiKTeX 21.3) (preloaded format=pdflatex 2021.5.31)  5 OCT 2021 21:52
entering extended mode
**./notes-matamzee.tex
(notes-matamzee.tex
LaTeX2e <2020-10-01> patch level 4
L3 programming layer <2021-05-27>
(C:\Program Files\MiKTeX 2.9\tex/latex/base\article.cls
Document Class: article 2020/04/10 v1.4m Standard LaTeX document class
(C:\Program Files\MiKTeX 2.9\tex/latex/base\fleqn.clo
File: fleqn.clo 2016/12/29 v1.2b Standard LaTeX option (flush left equations)
\mathindent=\skip47
Applying: [2015/01/01] Make \[ robust on input line 50.
LaTeX Info: Redefining \[ on input line 51.
Already applied: [0000/00/00] Make \[ robust on input line 62.
Applying: [2015/01/01] Make \] robust on input line 74.
LaTeX Info: Redefining \] on input line 75.
Already applied: [0000/00/00] Make \] robust on input line 83.
)
(C:\Program Files\MiKTeX 2.9\tex/latex/base\size10.clo
File: size10.clo 2020/04/10 v1.4m Standard LaTeX file (size option)
)
\c@part=\count181
\c@section=\count182
\c@subsection=\count183
\c@subsubsection=\count184
\c@paragraph=\count185
\c@subparagraph=\count186
\c@figure=\count187
\c@table=\count188
\abovecaptionskip=\skip48
\belowcaptionskip=\skip49
\bibindent=\dimen138
)
(C:\Program Files\MiKTeX 2.9\tex/latex/geometry\geometry.sty
Package: geometry 2020/01/02 v5.9 Page Geometry

(C:\Program Files\MiKTeX 2.9\tex/latex/graphics\keyval.sty
Package: keyval 2014/10/28 v1.15 key=value parser (DPC)
\KV@toks@=\toks15
)
(C:\Program Files\MiKTeX 2.9\tex/generic/iftex\ifvtex.sty
Package: ifvtex 2019/10/25 v1.7 ifvtex legacy package. Use iftex instead.

(C:\Program Files\MiKTeX 2.9\tex/generic/iftex\iftex.sty
Package: iftex 2020/03/06 v1.0d TeX engine tests
))
\Gm@cnth=\count189
\Gm@cntv=\count190
\c@Gm@tempcnt=\count191
\Gm@bindingoffset=\dimen139
\Gm@wd@mp=\dimen140
\Gm@odd@mp=\dimen141
\Gm@even@mp=\dimen142
\Gm@layoutwidth=\dimen143
\Gm@layoutheight=\dimen144
\Gm@layouthoffset=\dimen145
\Gm@layoutvoffset=\dimen146
\Gm@dimlist=\toks16

(C:\Program Files\MiKTeX 2.9\tex/latex/geometry\geometry.cfg))
(C:\Program Files\MiKTeX 2.9\tex/latex/koma-script\scrextend.sty
Package: scrextend 2021/03/17 v3.33 KOMA-Script package (extend other classes w
ith features of KOMA-Script classes)

(C:\Program Files\MiKTeX 2.9\tex/latex/koma-script\scrkbase.sty
Package: scrkbase 2021/03/17 v3.33 KOMA-Script package (KOMA-Script-dependent b
asics and keyval usage)

(C:\Program Files\MiKTeX 2.9\tex/latex/koma-script\scrbase.sty
Package: scrbase 2021/03/17 v3.33 KOMA-Script package (KOMA-Script-independent 
basics and keyval usage)

(C:\Program Files\MiKTeX 2.9\tex/latex/koma-script\scrlfile.sty
Package: scrlfile 2021/03/17 v3.33 KOMA-Script package (file load hooks)

(C:\Program Files\MiKTeX 2.9\tex/latex/koma-script\scrlfile-hook.sty
Package: scrlfile-hook 2021/03/17 v3.33 KOMA-Script package (using LaTeX hooks)


LaTeX3 Info: Defining command \BeforeFile with sig. 'm' on line 61.


LaTeX3 Info: Defining command \AfterFile with sig. 'm' on line 65.


LaTeX3 Info: Defining command \BeforeClass with sig. 'm' on line 69.


LaTeX3 Info: Defining command \BeforePackage with sig. 'm' on line 73.


LaTeX3 Info: Defining command \AfterAtEndOfClass with sig. 'smo+m' on line 83.


LaTeX3 Info: Defining command \AfterAtEndOfPackage with sig. 'smo+m' on line
(LaTeX3)     93.


LaTeX3 Info: Defining command \scrlfile@AfterClass with sig. 'smo+m' on line
(LaTeX3)     173.


LaTeX3 Info: Defining command \AfterClass with sig. '' on line 174.


LaTeX3 Info: Defining command \scrlfile@AfterPackage with sig. 'smo+m' on line
(LaTeX3)     191.


LaTeX3 Info: Defining command \AfterPackage with sig. '' on line 192.


LaTeX3 Info: Defining command \ReplaceInput with sig. '' on line 193.


LaTeX3 Info: Defining command \ReplaceClass with sig. 'mm' on line 196.


LaTeX3 Info: Defining command \ReplacePackage with sig. 'mm' on line 199.


LaTeX3 Info: Defining command \UnReplaceInput with sig. '' on line 200.


LaTeX3 Info: Defining command \UnReplaceClass with sig. 'm' on line 203.


LaTeX3 Info: Defining command \UnReplacePackage with sig. 'mm' on line 206.


LaTeX3 Info: Defining command \PreventPackageFromLoading with sig. 's+om' on
(LaTeX3)     line 234.


LaTeX3 Info: Defining command \StorePreventPackageFromLoading with sig. 'm' on
(LaTeX3)     line 242.


LaTeX3 Info: Defining command \ResetPreventPackageFromLoading with sig. '' on
(LaTeX3)     line 247.


LaTeX3 Info: Defining command \UnPreventPackageFromLoading with sig. 'sm' on
(LaTeX3)     line 261.


LaTeX3 Info: Defining command \BeforeClosingMainAux with sig. 'om' on line
(LaTeX3)     274.


LaTeX3 Info: Defining command \AfterReadingMainAux with sig. 'om' on line 287.


LaTeX3 Info: Defining command \protected@immediate@write with sig. 'm+m+m' on
(LaTeX3)     line 298.


(C:\Program Files\MiKTeX 2.9\tex/latex/koma-script\scrlogo.sty
Package: scrlogo 2021/03/17 v3.33 KOMA-Script package (logo)
)))
Skipping: [2021/05/01] Usage of raw option list on input line 252.
Applying: [0000/00/00] compatibility for LaTeX before 2021/05/01 on input line 
337.
)))
(C:\Program Files\MiKTeX 2.9\tex/latex/nowidow\nowidow.sty
Package: nowidow 2011/09/20 1.0 Easily prevent widows and orphans
Package: nowidow 

(C:\Program Files\MiKTeX 2.9\tex/latex/kvoptions\kvoptions.sty
Package: kvoptions 2020-10-07 v3.14 Key value format for package options (HO)

(C:\Program Files\MiKTeX 2.9\tex/generic/ltxcmds\ltxcmds.sty
Package: ltxcmds 2020-05-10 v1.25 LaTeX kernel commands for general use (HO)
)
(C:\Program Files\MiKTeX 2.9\tex/generic/kvsetkeys\kvsetkeys.sty
Package: kvsetkeys 2019/12/15 v1.18 Key value parser (HO)
)))
(C:\Program Files\MiKTeX 2.9\tex/latex/changepage\changepage.sty
Package: changepage 2009/10/20 v1.0c check page and change page layout
\c@cp@cntr=\count192
\cp@tempcnt=\count193
)
(C:\Program Files\MiKTeX 2.9\tex/latex/base\inputenc.sty
Package: inputenc 2020/08/01 v1.3d Input encoding file
\inpenc@prehook=\toks17
\inpenc@posthook=\toks18

(C:\Program Files\MiKTeX 2.9\tex/latex/ucs\utf8x.def
File: utf8x.def 2004/10/17 UCS: Input encoding UTF-8
))
(C:\Program Files\MiKTeX 2.9\tex/latex/ucs\ucs.sty
Package: ucs 2013/05/11 v2.2 UCS: Unicode input support

(C:\Program Files\MiKTeX 2.9\tex/latex/ucs\uni-global.def
File: uni-global.def 2013/05/13 UCS: Unicode global data
)
\uc@secondtry=\count194
\uc@combtoks=\toks19
\uc@combtoksb=\toks20
\uc@temptokena=\toks21
)
(C:\Program Files\MiKTeX 2.9\tex/latex/amsmath\amscd.sty
Package: amscd 2017/04/14 v2.1 AMS Commutative Diagrams

(C:\Program Files\MiKTeX 2.9\tex/latex/amsmath\amsgen.sty
File: amsgen.sty 1999/11/30 v2.0 generic functions
\@emptytoks=\toks22
\ex@=\dimen147
)
\athelp@=\toks23
\minaw@=\dimen148
\bigaw@=\dimen149
\minCDarrowwidth=\dimen150
)
(C:\Program Files\MiKTeX 2.9\tex/latex/amsfonts\amssymb.sty
Package: amssymb 2013/01/14 v3.01 AMS font symbols

(C:\Program Files\MiKTeX 2.9\tex/latex/amsfonts\amsfonts.sty
Package: amsfonts 2013/01/14 v3.01 Basic AMSFonts support
\symAMSa=\mathgroup4
\symAMSb=\mathgroup5
LaTeX Font Info:    Redeclaring math symbol \hbar on input line 98.
LaTeX Font Info:    Overwriting math alphabet `\mathfrak' in version `bold'
(Font)                  U/euf/m/n --> U/euf/b/n on input line 106.
))
(C:\Program Files\MiKTeX 2.9\tex/latex/amsmath\amsmath.sty
Package: amsmath 2020/09/23 v2.17i AMS math features
\@mathmargin=\skip50

For additional information on amsmath, use the `?' option.
(C:\Program Files\MiKTeX 2.9\tex/latex/amsmath\amstext.sty
Package: amstext 2000/06/29 v2.01 AMS text
)
(C:\Program Files\MiKTeX 2.9\tex/latex/amsmath\amsbsy.sty
Package: amsbsy 1999/11/29 v1.2d Bold Symbols
\pmbraise@=\dimen151
)
(C:\Program Files\MiKTeX 2.9\tex/latex/amsmath\amsopn.sty
Package: amsopn 2016/03/08 v2.02 operator names
)
\inf@bad=\count195
LaTeX Info: Redefining \frac on input line 234.
\uproot@=\count196
\leftroot@=\count197
LaTeX Info: Redefining \overline on input line 399.
\classnum@=\count198
\DOTSCASE@=\count199
LaTeX Info: Redefining \ldots on input line 496.
LaTeX Info: Redefining \dots on input line 499.
LaTeX Info: Redefining \cdots on input line 620.
\Mathstrutbox@=\box47
\strutbox@=\box48
\big@size=\dimen152
LaTeX Font Info:    Redeclaring font encoding OML on input line 743.
LaTeX Font Info:    Redeclaring font encoding OMS on input line 744.
\macc@depth=\count266
\c@MaxMatrixCols=\count267
\dotsspace@=\muskip16
\c@parentequation=\count268
\dspbrk@lvl=\count269
\tag@help=\toks24
\row@=\count270
\column@=\count271
\maxfields@=\count272
\andhelp@=\toks25
\eqnshift@=\dimen153
\alignsep@=\dimen154
\tagshift@=\dimen155
\tagwidth@=\dimen156
\totwidth@=\dimen157
\lineht@=\dimen158
\@envbody=\toks26
\multlinegap=\skip51
\multlinetaggap=\skip52
\mathdisplay@stack=\toks27
LaTeX Info: Redefining \[ on input line 2923.
LaTeX Info: Redefining \] on input line 2924.
)
(C:\Program Files\MiKTeX 2.9\tex/latex/amsrefs\amsrefs.sty
Package: amsrefs 2013/03/07 v2.14

(C:\Program Files\MiKTeX 2.9\tex/latex/url\url.sty
\Urlmuskip=\muskip17
Package: url 2013/09/16  ver 3.4  Verb mode for urls, etc.
)
(C:\Program Files\MiKTeX 2.9\tex/latex/amsrefs\pcatcode.sty
Package: pcatcode 2002/04/16 v1.04
)
(C:\Program Files\MiKTeX 2.9\tex/latex/amsrefs\ifoption.sty
Package: ifoption 2002/03/04 v1.02
)
(C:\Program Files\MiKTeX 2.9\tex/latex/amsrefs\rkeyval.sty
Package: rkeyval 2004/05/05 v1.08
\@temptokenb=\toks28
\rsk@toks=\toks29
)
(C:\Program Files\MiKTeX 2.9\tex/latex/amsrefs\textcmds.sty
Package: textcmds 2012/08/02 v2.00
)
(C:\Program Files\MiKTeX 2.9\tex/latex/amsrefs\mathscinet.sty
Package: mathscinet 2002/04/17 v1.05
)
\c@bib=\count273
\@maxlabelwidth=\dimen159
\c@bib@env=\count274
\bib@dbfile=\read2
\alpha@suffix=\count275
\series@index=\count276
)
(C:\Program Files\MiKTeX 2.9\tex/latex/psnfss\mathptmx.sty
Package: mathptmx 2020/03/25 PSNFSS-v9.3 Times w/ Math, improved (SPQR, WaS) 
LaTeX Font Info:    Redeclaring symbol font `operators' on input line 28.
LaTeX Font Info:    Overwriting symbol font `operators' in version `normal'
(Font)                  OT1/cmr/m/n --> OT1/ztmcm/m/n on input line 28.
LaTeX Font Info:    Overwriting symbol font `operators' in version `bold'
(Font)                  OT1/cmr/bx/n --> OT1/ztmcm/m/n on input line 28.
LaTeX Font Info:    Redeclaring symbol font `letters' on input line 29.
LaTeX Font Info:    Overwriting symbol font `letters' in version `normal'
(Font)                  OML/cmm/m/it --> OML/ztmcm/m/it on input line 29.
LaTeX Font Info:    Overwriting symbol font `letters' in version `bold'
(Font)                  OML/cmm/b/it --> OML/ztmcm/m/it on input line 29.
LaTeX Font Info:    Redeclaring symbol font `symbols' on input line 30.
LaTeX Font Info:    Overwriting symbol font `symbols' in version `normal'
(Font)                  OMS/cmsy/m/n --> OMS/ztmcm/m/n on input line 30.
LaTeX Font Info:    Overwriting symbol font `symbols' in version `bold'
(Font)                  OMS/cmsy/b/n --> OMS/ztmcm/m/n on input line 30.
LaTeX Font Info:    Redeclaring symbol font `largesymbols' on input line 31.
LaTeX Font Info:    Overwriting symbol font `largesymbols' in version `normal'
(Font)                  OMX/cmex/m/n --> OMX/ztmcm/m/n on input line 31.
LaTeX Font Info:    Overwriting symbol font `largesymbols' in version `bold'
(Font)                  OMX/cmex/m/n --> OMX/ztmcm/m/n on input line 31.
\symbold=\mathgroup6
\symitalic=\mathgroup7
LaTeX Font Info:    Redeclaring math alphabet \mathbf on input line 34.
LaTeX Font Info:    Overwriting math alphabet `\mathbf' in version `normal'
(Font)                  OT1/cmr/bx/n --> OT1/ptm/bx/n on input line 34.
LaTeX Font Info:    Overwriting math alphabet `\mathbf' in version `bold'
(Font)                  OT1/cmr/bx/n --> OT1/ptm/bx/n on input line 34.
LaTeX Font Info:    Redeclaring math alphabet \mathit on input line 35.
LaTeX Font Info:    Overwriting math alphabet `\mathit' in version `normal'
(Font)                  OT1/cmr/m/it --> OT1/ptm/m/it on input line 35.
LaTeX Font Info:    Overwriting math alphabet `\mathit' in version `bold'
(Font)                  OT1/cmr/bx/it --> OT1/ptm/m/it on input line 35.
LaTeX Info: Redefining \hbar on input line 50.
)
(C:\Program Files\MiKTeX 2.9\tex/latex/base\fontenc.sty
Package: fontenc 2020/08/10 v2.0s Standard LaTeX package
LaTeX Font Info:    Trying to load font information for T1+ptm on input line 11
2.

(C:\Program Files\MiKTeX 2.9\tex/latex/psnfss\t1ptm.fd
File: t1ptm.fd 2001/06/04 font definitions for T1/ptm.
))
(C:\Program Files\MiKTeX 2.9\tex/latex/booktabs\booktabs.sty
Package: booktabs 2020/01/12 v1.61803398 Publication quality tables
\heavyrulewidth=\dimen160
\lightrulewidth=\dimen161
\cmidrulewidth=\dimen162
\belowrulesep=\dimen163
\belowbottomsep=\dimen164
\aboverulesep=\dimen165
\abovetopsep=\dimen166
\cmidrulesep=\dimen167
\cmidrulekern=\dimen168
\defaultaddspace=\dimen169
\@cmidla=\count277
\@cmidlb=\count278
\@aboverulesep=\dimen170
\@belowrulesep=\dimen171
\@thisruleclass=\count279
\@lastruleclass=\count280
\@thisrulewidth=\dimen172
)
(C:\Program Files\MiKTeX 2.9\tex/latex/graphics\graphicx.sty
Package: graphicx 2020/09/09 v1.2b Enhanced LaTeX Graphics (DPC,SPQR)

(C:\Program Files\MiKTeX 2.9\tex/latex/graphics\graphics.sty
Package: graphics 2020/08/30 v1.4c Standard LaTeX Graphics (DPC,SPQR)

(C:\Program Files\MiKTeX 2.9\tex/latex/graphics\trig.sty
Package: trig 2016/01/03 v1.10 sin cos tan (DPC)
)
(C:\Program Files\MiKTeX 2.9\tex/latex/graphics-cfg\graphics.cfg
File: graphics.cfg 2016/06/04 v1.11 sample graphics configuration
)
Package graphics Info: Driver file: pdftex.def on input line 105.

(C:\Program Files\MiKTeX 2.9\tex/latex/graphics-def\pdftex.def
File: pdftex.def 2020/10/05 v1.2a Graphics/color driver for pdftex
))
\Gin@req@height=\dimen173
\Gin@req@width=\dimen174
)
(C:\Program Files\MiKTeX 2.9\tex/generic/babel\babel.sty
Package: babel 2021/05/16 3.59 The Babel package

(C:\Program Files\MiKTeX 2.9\tex/generic/babel\babel.def
File: babel.def 2021/05/16 3.59 Babel common definitions
\babel@savecnt=\count281
\U@D=\dimen175
\l@unhyphenated=\language80

(C:\Program Files\MiKTeX 2.9\tex/generic/babel\txtbabel.def)
\bbl@readstream=\read3
)
\bbl@dirlevel=\count282

*************************************
* Local config file bblopts.cfg used
*
(C:\Program Files\MiKTeX 2.9\tex/latex/arabi\bblopts.cfg
File: bblopts.cfg 2005/09/08 v0.1 add Arabic and Farsi to "declared" options of
 babel
)
(C:\Program Files\MiKTeX 2.9\tex/latex/babel-english\british.ldf
Language: british 2017/06/06 v3.3r English support from the babel system

(C:\Program Files\MiKTeX 2.9\tex/latex/babel-english\english.ldf
Language: english 2017/06/06 v3.3r English support from the babel system
Package babel Info: Hyphen rules for 'canadian' set to \l@english
(babel)             (\language0). Reported on input line 102.
Package babel Info: Hyphen rules for 'australian' set to \l@ukenglish
(babel)             (\language74). Reported on input line 105.
Package babel Info: Hyphen rules for 'newzealand' set to \l@ukenglish
(babel)             (\language74). Reported on input line 108.
)))
(C:\Program Files\MiKTeX 2.9\tex/latex/caption\caption.sty
Package: caption 2020/10/26 v3.5g Customizing captions (AR)

(C:\Program Files\MiKTeX 2.9\tex/latex/caption\caption3.sty
Package: caption3 2020/10/21 v2.2e caption3 kernel (AR)
\captionmargin=\dimen176
\captionmargin@=\dimen177
\captionwidth=\dimen178
\caption@tempdima=\dimen179
\caption@indent=\dimen180
\caption@parindent=\dimen181
\caption@hangindent=\dimen182
Package caption Info: Standard document class detected.
)
\c@caption@flags=\count283
\c@continuedfloat=\count284
Package caption Info: changepage package is loaded.
\caption@adjustwidth@hsize=\dimen183
\caption@adjustwidth@linewidth=\dimen184
)
(C:\Program Files\MiKTeX 2.9\tex/generic/mathdots\mathdots.sty
Package: mathdots 2014/06/11 v0.9 Improve and add various macros for dots in ma
th.
\MDo@unit=\dimen185
\MDo@dotsbox=\box49
\MDoprekern=\muskip18
\MDopostkern=\muskip19
\MDodotkern=\muskip20
)
(C:\Program Files\MiKTeX 2.9\tex/latex/mathtools\mathtools.sty
Package: mathtools 2021/04/12 v1.27 mathematical typesetting tools

(C:\Program Files\MiKTeX 2.9\tex/latex/latex-tools\calc.sty
Package: calc 2017/05/25 v4.3 Infix arithmetic (KKT,FJ)
\calc@Acount=\count285
\calc@Bcount=\count286
\calc@Adimen=\dimen186
\calc@Bdimen=\dimen187
\calc@Askip=\skip53
\calc@Bskip=\skip54
LaTeX Info: Redefining \setlength on input line 80.
LaTeX Info: Redefining \addtolength on input line 81.
\calc@Ccount=\count287
\calc@Cskip=\skip55
)
(C:\Program Files\MiKTeX 2.9\tex/latex/mathtools\mhsetup.sty
Package: mhsetup 2021/03/18 v1.4 programming setup (MH)
)
LaTeX Info: Thecontrolsequence`\('isalreadyrobust on input line 130.
LaTeX Info: Thecontrolsequence`\)'isalreadyrobust on input line 130.
LaTeX Info: Thecontrolsequence`\['isalreadyrobust on input line 130.
LaTeX Info: Thecontrolsequence`\]'isalreadyrobust on input line 130.
\g_MT_multlinerow_int=\count288
\l_MT_multwidth_dim=\dimen188
\origjot=\skip56
\l_MT_shortvdotswithinadjustabove_dim=\dimen189
\l_MT_shortvdotswithinadjustbelow_dim=\dimen190
\l_MT_above_intertext_sep=\dimen191
\l_MT_below_intertext_sep=\dimen192
\l_MT_above_shortintertext_sep=\dimen193
\l_MT_below_shortintertext_sep=\dimen194
\xmathstrut@box=\box50
\xmathstrut@dim=\dimen195
)
(C:\Program Files\MiKTeX 2.9\tex/latex/subfigure\subfigure.sty
Package: subfigure 2002/07/30 v2.1.4 subfigure package
\subfigtopskip=\skip57
\subfigcapskip=\skip58
\subfigcaptopadj=\dimen196
\subfigbottomskip=\skip59
\subfigcapmargin=\dimen197
\subfiglabelskip=\skip60
\c@subfigure=\count289
\c@lofdepth=\count290
\c@subtable=\count291
\c@lotdepth=\count292

****************************************
* Local config file subfigure.cfg used *
****************************************
(C:\Program Files\MiKTeX 2.9\tex/latex/subfigure\subfigure.cfg)
\subfig@top=\skip61
\subfig@bottom=\skip62
)
(C:\Program Files\MiKTeX 2.9\tex/latex/base\makeidx.sty
Package: makeidx 2014/09/29 v1.0m Standard LaTeX package
)
(C:\Program Files\MiKTeX 2.9\tex/latex/latex-tools\multicol.sty
Package: multicol 2019/12/09 v1.8y multicolumn formatting (FMi)
\c@tracingmulticols=\count293
\mult@box=\box51
\multicol@leftmargin=\dimen198
\c@unbalance=\count294
\c@collectmore=\count295
\doublecol@number=\count296
\multicoltolerance=\count297
\multicolpretolerance=\count298
\full@width=\dimen199
\page@free=\dimen256
\premulticols=\dimen257
\postmulticols=\dimen258
\multicolsep=\skip63
\multicolbaselineskip=\skip64
\partial@page=\box52
\last@line=\box53
\maxbalancingoverflow=\dimen259
\mult@rightbox=\box54
\mult@grightbox=\box55
\mult@gfirstbox=\box56
\mult@firstbox=\box57
\@tempa=\box58
\@tempa=\box59
\@tempa=\box60
\@tempa=\box61
\@tempa=\box62
\@tempa=\box63
\@tempa=\box64
\@tempa=\box65
\@tempa=\box66
\@tempa=\box67
\@tempa=\box68
\@tempa=\box69
\@tempa=\box70
\@tempa=\box71
\@tempa=\box72
\@tempa=\box73
\@tempa=\box74
\@tempa=\box75
\@tempa=\box76
\@tempa=\box77
\@tempa=\box78
\@tempa=\box79
\@tempa=\box80
\@tempa=\box81
\@tempa=\box82
\@tempa=\box83
\@tempa=\box84
\@tempa=\box85
\@tempa=\box86
\@tempa=\box87
\@tempa=\box88
\@tempa=\box89
\@tempa=\box90
\@tempa=\box91
\@tempa=\box92
\@tempa=\box93
\@tempa=\box94
\c@minrows=\count299
\c@columnbadness=\count300
\c@finalcolumnbadness=\count301
\last@try=\dimen260
\multicolovershoot=\dimen261
\multicolundershoot=\dimen262
\mult@nat@firstbox=\box95
\colbreak@box=\box96
\mc@col@check@num=\count302
)
(C:\Program Files\MiKTeX 2.9\tex/latex/latex-tools\array.sty
Package: array 2020/10/01 v2.5c Tabular extension package (FMi)
\col@sep=\dimen263
\ar@mcellbox=\box97
\extrarowheight=\dimen264
\NC@list=\toks30
\extratabsurround=\skip65
\backup@length=\skip66
\ar@cellbox=\box98
)
(C:\Program Files\MiKTeX 2.9\tex/latex/cancel\cancel.sty
Package: cancel 2013/04/12 v2.2 Cancel math terms
)
(C:\Program Files\MiKTeX 2.9\tex/latex/polynom\polynom.sty
Package: polynom 2017/07/17 0.19 (CH,HA)
\pld@currstage=\count303
)
(C:\Program Files\MiKTeX 2.9\tex/generic/xypic\xy.sty
(C:\Program Files\MiKTeX 2.9\tex/generic/xypic\xy.tex Bootstrap'ing: catcodes,
docmode, (C:\Program Files\MiKTeX 2.9\tex/generic/xypic\xyrecat.tex)
(C:\Program Files\MiKTeX 2.9\tex/generic/xypic\xyidioms.tex)

 Xy-pic version 3.8.9 <2013/10/06>
 Copyright (c) 1991-2013 by Kristoffer H. Rose <krisrose@tug.org> and others
 Xy-pic is free software: see the User's Guide for details.

Loading kernel: messages; fonts; allocations: state,
\X@c=\dimen265
\Y@c=\dimen266
\U@c=\dimen267
\D@c=\dimen268
\L@c=\dimen269
\R@c=\dimen270
\Edge@c=\toks31
\X@p=\dimen271
\Y@p=\dimen272
\U@p=\dimen273
\D@p=\dimen274
\L@p=\dimen275
\R@p=\dimen276
\Edge@p=\toks32
\X@origin=\dimen277
\Y@origin=\dimen278
\X@xbase=\dimen279
\Y@xbase=\dimen280
\X@ybase=\dimen281
\Y@ybase=\dimen282
\X@min=\dimen283
\Y@min=\dimen284
\X@max=\dimen285
\Y@max=\dimen286
\lastobjectbox@=\box99
\zerodotbox@=\box100
\almostz@=\dimen287
 direction,
\d@X=\dimen288
\d@Y=\dimen289
\K@=\count304
\KK@=\count305
\Direction=\count306
\K@dXdY=\dimen290
\K@dYdX=\dimen291
\xyread@=\read4
\xywrite@=\write3
\csp@=\count307
\quotPTK@=\dimen292

utility macros; pictures: \xy, positions,
\swaptoks@@=\toks33
\connectobjectbox@@=\box101
 objects,
\styletoks@=\toks34
 decorations;
kernel objects: directionals, circles,

Xy-pic Warning: `\cir' redefined.

text; options; algorithms: directions, edges, connections;  Xy-pic loaded)
(C:\Program Files\MiKTeX 2.9\tex/generic/iftex\ifpdf.sty
Package: ifpdf 2019/10/25 v3.4 ifpdf legacy package. Use iftex instead.
)
Package: xy 2013/10/06 Xy-pic version 3.8.9

(C:\Program Files\MiKTeX 2.9\tex/generic/xypic\xypdf.tex
 Xy-pic option: PDF driver v.1.7 loaded)
(C:\Program Files\MiKTeX 2.9\tex/generic/xypic\xyall.tex
 Xy-pic option: All features v.3.8
(C:\Program Files\MiKTeX 2.9\tex/generic/xypic\xycurve.tex
 Xy-pic option: Curve and Spline extension v.3.12 curve,
\crv@cnt@=\count308
\crvpts@=\toks35
\splinebox@=\box102
\splineval@=\dimen293
\splinedepth@=\dimen294
\splinetol@=\dimen295
\splinelength@=\dimen296
 circles,
\L@=\dimen297
 loaded)
Xy-pic pdf driver: `curve' extension support
(C:\Program Files\MiKTeX 2.9\tex/generic/xypic\xypdf-cu.tex loaded)
(C:\Program Files\MiKTeX 2.9\tex/generic/xypic\xyframe.tex
 Xy-pic option: Frame and Bracket extension v.3.14 loaded)
Xy-pic pdf driver: `frame' extension support
(C:\Program Files\MiKTeX 2.9\tex/generic/xypic\xypdf-fr.tex loaded)
(C:\Program Files\MiKTeX 2.9\tex/generic/xypic\xycmtip.tex
 Xy-pic option: Computer Modern tip extension v.3.7
(C:\Program Files\MiKTeX 2.9\tex/generic/xypic\xytips.tex
 Xy-pic option: More Tips extension v.3.11 loaded) loaded)
(C:\Program Files\MiKTeX 2.9\tex/generic/xypic\xyline.tex
 Xy-pic option: Line styles extension v.3.10
\xylinethick@=\dimen298
 loaded)
Xy-pic pdf driver: `line' extension support
(C:\Program Files\MiKTeX 2.9\tex/generic/xypic\xypdf-li.tex loaded)
(C:\Program Files\MiKTeX 2.9\tex/generic/xypic\xyrotate.tex
 Xy-pic option: Rotate and Scale extension v.3.8 loaded)
Xy-pic pdf driver: `rotate' extension support
(C:\Program Files\MiKTeX 2.9\tex/generic/xypic\xypdf-ro.tex loaded)
(C:\Program Files\MiKTeX 2.9\tex/generic/xypic\xycolor.tex
 Xy-pic option: Colour extension v.3.11 loaded)
Xy-pic pdf driver: `color' extension support
(C:\Program Files\MiKTeX 2.9\tex/generic/xypic\xypdf-co.tex loaded)
(C:\Program Files\MiKTeX 2.9\tex/generic/xypic\xymatrix.tex
 Xy-pic option: Matrix feature v.3.14
\Row=\count309
\Col=\count310
\queue@=\toks36
\queue@@=\toks37
\qcount@=\count311
\qcount@@=\count312
\matrixsize@=\count313
 loaded)
(C:\Program Files\MiKTeX 2.9\tex/generic/xypic\xyarrow.tex
 Xy-pic option: Arrow and Path feature v.3.9 path, \ar, loaded)
(C:\Program Files\MiKTeX 2.9\tex/generic/xypic\xygraph.tex
 Xy-pic option: Graph feature v.3.11 loaded) loaded))
(C:\Program Files\MiKTeX 2.9\tex/generic/xypic\xyline.tex
 Xy-pic option: Line styles extension v.3.10 not reloaded)
Xy-pic pdf driver: `line' extension support not reloaded
(C:\Program Files\MiKTeX 2.9\tex/latex/xcolor\xcolor.sty
Package: xcolor 2016/05/11 v2.12 LaTeX color extensions (UK)

(C:\Program Files\MiKTeX 2.9\tex/latex/graphics-cfg\color.cfg
File: color.cfg 2016/01/02 v1.6 sample color configuration
)
Package xcolor Info: Driver file: pdftex.def on input line 225.
Package xcolor Info: Model `cmy' substituted by `cmy0' on input line 1348.
Package xcolor Info: Model `hsb' substituted by `rgb' on input line 1352.
Package xcolor Info: Model `RGB' extended on input line 1364.
Package xcolor Info: Model `HTML' substituted by `rgb' on input line 1366.
Package xcolor Info: Model `Hsb' substituted by `hsb' on input line 1367.
Package xcolor Info: Model `tHsb' substituted by `hsb' on input line 1368.
Package xcolor Info: Model `HSB' substituted by `hsb' on input line 1369.
Package xcolor Info: Model `Gray' substituted by `gray' on input line 1370.
Package xcolor Info: Model `wave' substituted by `hsb' on input line 1371.
)
(C:\Program Files\MiKTeX 2.9\tex/latex/sidecap\sidecap.sty
Package: sidecap 2003/06/06 v1.6f SideCap Package (RN/HjG)

(C:\Program Files\MiKTeX 2.9\tex/latex/base\ifthen.sty
Package: ifthen 2014/09/29 v1.1c Standard LaTeX ifthen package (DPC)
)
\SC@BOXWD=\dimen299
\SC@CAPWD=\dimen300
\SC@tempdima=\dimen301
\SC@tempdimb=\dimen302
\c@SC@C=\count314
\SC@BOX=\box103
)
(C:\Program Files\MiKTeX 2.9\tex/latex/exsheets\exsheets.sty
(C:\Program Files\MiKTeX 2.9\tex/latex/l3kernel\expl3.sty
Package: expl3 2021-05-27 L3 programming layer (loader) 

(C:\Program Files\MiKTeX 2.9\tex/latex/l3backend\l3backend-pdftex.def
File: l3backend-pdftex.def 2021-05-07 L3 backend support: PDF output (pdfTeX)
\l__color_backend_stack_int=\count315
\l__pdf_internal_box=\box104
))
(C:\Program Files\MiKTeX 2.9\tex/latex/l3packages/xparse\xparse.sty
(C:\Program Files\MiKTeX 2.9\tex/latex/l3packages/xparse\xparse-2020-10-01.sty
(C:\Program Files\MiKTeX 2.9\tex/latex/l3packages/xparse\xparse-generic.tex)))
Package: exsheets 2019/09/30 v0.21k Yet another package for the creation of exe
rcise sheets and exams.
\l__exsheets_tmpa_int=\count316
\l__exsheets_tmpb_int=\count317
\l__exsheets_tmpc_int=\count318
\l__exsheets_tmpd_int=\count319
\l__exsheets_tmpe_int=\count320
\g__exsheets_tmpa_int=\count321
\l__exsheets_tmpa_dim=\dimen303
\l__exsheets_tmpb_dim=\dimen304

(C:\Program Files\MiKTeX 2.9\tex/latex/l3packages/xtemplate\xtemplate.sty
Package: xtemplate 2021-05-27 L3 Experimental prototype document functions
\l__xtemplate_tmp_dim=\dimen305
\l__xtemplate_tmp_int=\count322
\l__xtemplate_tmp_muskip=\muskip21
\l__xtemplate_tmp_skip=\skip67
)
(C:\Program Files\MiKTeX 2.9\tex/latex/l3packages/l3keys2e\l3keys2e.sty
Package: l3keys2e 2021-05-27 LaTeX2e option processing using LaTeX3 keys
)
(C:\Program Files\MiKTeX 2.9\tex/latex/etoolbox\etoolbox.sty
Package: etoolbox 2020/10/05 v2.5k e-TeX tools for LaTeX (JAW)
\etb@tempcnta=\count323
)
(C:\Program Files\MiKTeX 2.9\tex/latex/environ\environ.sty
Package: environ 2014/05/04 v0.3 A new way to define environments

(C:\Program Files\MiKTeX 2.9\tex/latex/trimspaces\trimspaces.sty
Package: trimspaces 2009/09/17 v1.1 Trim spaces around a token list
))
(C:\Program Files\MiKTeX 2.9\tex/latex/pgf/basiclayer\pgfcore.sty
(C:\Program Files\MiKTeX 2.9\tex/latex/pgf/systemlayer\pgfsys.sty
(C:\Program Files\MiKTeX 2.9\tex/latex/pgf/utilities\pgfrcs.sty
(C:\Program Files\MiKTeX 2.9\tex/generic/pgf/utilities\pgfutil-common.tex
\pgfutil@everybye=\toks38
\pgfutil@tempdima=\dimen306
\pgfutil@tempdimb=\dimen307

(C:\Program Files\MiKTeX 2.9\tex/generic/pgf/utilities\pgfutil-common-lists.tex
)) (C:\Program Files\MiKTeX 2.9\tex/generic/pgf/utilities\pgfutil-latex.def
\pgfutil@abb=\box105
)
(C:\Program Files\MiKTeX 2.9\tex/generic/pgf/utilities\pgfrcs.code.tex
(C:\Program Files\MiKTeX 2.9\tex/generic/pgf\pgf.revision.tex)
Package: pgfrcs 2021/05/15 v3.1.9a (3.1.9a)
))
(C:\Program Files\MiKTeX 2.9\tex/generic/pgf/systemlayer\pgfsys.code.tex
Package: pgfsys 2021/05/15 v3.1.9a (3.1.9a)

(C:\Program Files\MiKTeX 2.9\tex/generic/pgf/utilities\pgfkeys.code.tex
\pgfkeys@pathtoks=\toks39
\pgfkeys@temptoks=\toks40

(C:\Program Files\MiKTeX 2.9\tex/generic/pgf/utilities\pgfkeysfiltered.code.tex
\pgfkeys@tmptoks=\toks41
))
\pgf@x=\dimen308
\pgf@y=\dimen309
\pgf@xa=\dimen310
\pgf@ya=\dimen311
\pgf@xb=\dimen312
\pgf@yb=\dimen313
\pgf@xc=\dimen314
\pgf@yc=\dimen315
\pgf@xd=\dimen316
\pgf@yd=\dimen317
\w@pgf@writea=\write4
\r@pgf@reada=\read5
\c@pgf@counta=\count324
\c@pgf@countb=\count325
\c@pgf@countc=\count326
\c@pgf@countd=\count327
\t@pgf@toka=\toks42
\t@pgf@tokb=\toks43
\t@pgf@tokc=\toks44
\pgf@sys@id@count=\count328
 (C:\Program Files\MiKTeX 2.9\tex/generic/pgf/systemlayer\pgf.cfg
File: pgf.cfg 2021/05/15 v3.1.9a (3.1.9a)
)
Driver file for pgf: pgfsys-pdftex.def

(C:\Program Files\MiKTeX 2.9\tex/generic/pgf/systemlayer\pgfsys-pdftex.def
File: pgfsys-pdftex.def 2021/05/15 v3.1.9a (3.1.9a)

(C:\Program Files\MiKTeX 2.9\tex/generic/pgf/systemlayer\pgfsys-common-pdf.def
File: pgfsys-common-pdf.def 2021/05/15 v3.1.9a (3.1.9a)
)))
(C:\Program Files\MiKTeX 2.9\tex/generic/pgf/systemlayer\pgfsyssoftpath.code.te
x
File: pgfsyssoftpath.code.tex 2021/05/15 v3.1.9a (3.1.9a)
\pgfsyssoftpath@smallbuffer@items=\count329
\pgfsyssoftpath@bigbuffer@items=\count330
)
(C:\Program Files\MiKTeX 2.9\tex/generic/pgf/systemlayer\pgfsysprotocol.code.te
x
File: pgfsysprotocol.code.tex 2021/05/15 v3.1.9a (3.1.9a)
)) (C:\Program Files\MiKTeX 2.9\tex/generic/pgf/basiclayer\pgfcore.code.tex
Package: pgfcore 2021/05/15 v3.1.9a (3.1.9a)

(C:\Program Files\MiKTeX 2.9\tex/generic/pgf/math\pgfmath.code.tex
(C:\Program Files\MiKTeX 2.9\tex/generic/pgf/math\pgfmathcalc.code.tex
(C:\Program Files\MiKTeX 2.9\tex/generic/pgf/math\pgfmathutil.code.tex)
(C:\Program Files\MiKTeX 2.9\tex/generic/pgf/math\pgfmathparser.code.tex
\pgfmath@dimen=\dimen318
\pgfmath@count=\count331
\pgfmath@box=\box106
\pgfmath@toks=\toks45
\pgfmath@stack@operand=\toks46
\pgfmath@stack@operation=\toks47
)
(C:\Program Files\MiKTeX 2.9\tex/generic/pgf/math\pgfmathfunctions.code.tex
(C:\Program Files\MiKTeX 2.9\tex/generic/pgf/math\pgfmathfunctions.basic.code.t
ex)
(C:\Program Files\MiKTeX 2.9\tex/generic/pgf/math\pgfmathfunctions.trigonometri
c.code.tex)
(C:\Program Files\MiKTeX 2.9\tex/generic/pgf/math\pgfmathfunctions.random.code.
tex)
(C:\Program Files\MiKTeX 2.9\tex/generic/pgf/math\pgfmathfunctions.comparison.c
ode.tex)
(C:\Program Files\MiKTeX 2.9\tex/generic/pgf/math\pgfmathfunctions.base.code.te
x)
(C:\Program Files\MiKTeX 2.9\tex/generic/pgf/math\pgfmathfunctions.round.code.t
ex)
(C:\Program Files\MiKTeX 2.9\tex/generic/pgf/math\pgfmathfunctions.misc.code.te
x)
(C:\Program Files\MiKTeX 2.9\tex/generic/pgf/math\pgfmathfunctions.integerarith
metics.code.tex)))
(C:\Program Files\MiKTeX 2.9\tex/generic/pgf/math\pgfmathfloat.code.tex
\c@pgfmathroundto@lastzeros=\count332
))
(C:\Program Files\MiKTeX 2.9\tex/generic/pgf/math\pgfint.code.tex)
(C:\Program Files\MiKTeX 2.9\tex/generic/pgf/basiclayer\pgfcorepoints.code.tex
File: pgfcorepoints.code.tex 2021/05/15 v3.1.9a (3.1.9a)
\pgf@picminx=\dimen319
\pgf@picmaxx=\dimen320
\pgf@picminy=\dimen321
\pgf@picmaxy=\dimen322
\pgf@pathminx=\dimen323
\pgf@pathmaxx=\dimen324
\pgf@pathminy=\dimen325
\pgf@pathmaxy=\dimen326
\pgf@xx=\dimen327
\pgf@xy=\dimen328
\pgf@yx=\dimen329
\pgf@yy=\dimen330
\pgf@zx=\dimen331
\pgf@zy=\dimen332
)
(C:\Program Files\MiKTeX 2.9\tex/generic/pgf/basiclayer\pgfcorepathconstruct.co
de.tex
File: pgfcorepathconstruct.code.tex 2021/05/15 v3.1.9a (3.1.9a)
\pgf@path@lastx=\dimen333
\pgf@path@lasty=\dimen334
)
(C:\Program Files\MiKTeX 2.9\tex/generic/pgf/basiclayer\pgfcorepathusage.code.t
ex
File: pgfcorepathusage.code.tex 2021/05/15 v3.1.9a (3.1.9a)
\pgf@shorten@end@additional=\dimen335
\pgf@shorten@start@additional=\dimen336
)
(C:\Program Files\MiKTeX 2.9\tex/generic/pgf/basiclayer\pgfcorescopes.code.tex
File: pgfcorescopes.code.tex 2021/05/15 v3.1.9a (3.1.9a)
\pgfpic=\box107
\pgf@hbox=\box108
\pgf@layerbox@main=\box109
\pgf@picture@serial@count=\count333
)
(C:\Program Files\MiKTeX 2.9\tex/generic/pgf/basiclayer\pgfcoregraphicstate.cod
e.tex
File: pgfcoregraphicstate.code.tex 2021/05/15 v3.1.9a (3.1.9a)
\pgflinewidth=\dimen337
)
(C:\Program Files\MiKTeX 2.9\tex/generic/pgf/basiclayer\pgfcoretransformations.
code.tex
File: pgfcoretransformations.code.tex 2021/05/15 v3.1.9a (3.1.9a)
\pgf@pt@x=\dimen338
\pgf@pt@y=\dimen339
\pgf@pt@temp=\dimen340
)
(C:\Program Files\MiKTeX 2.9\tex/generic/pgf/basiclayer\pgfcorequick.code.tex
File: pgfcorequick.code.tex 2021/05/15 v3.1.9a (3.1.9a)
)
(C:\Program Files\MiKTeX 2.9\tex/generic/pgf/basiclayer\pgfcoreobjects.code.tex
File: pgfcoreobjects.code.tex 2021/05/15 v3.1.9a (3.1.9a)
)
(C:\Program Files\MiKTeX 2.9\tex/generic/pgf/basiclayer\pgfcorepathprocessing.c
ode.tex
File: pgfcorepathprocessing.code.tex 2021/05/15 v3.1.9a (3.1.9a)
)
(C:\Program Files\MiKTeX 2.9\tex/generic/pgf/basiclayer\pgfcorearrows.code.tex
File: pgfcorearrows.code.tex 2021/05/15 v3.1.9a (3.1.9a)
\pgfarrowsep=\dimen341
) (C:\Program Files\MiKTeX 2.9\tex/generic/pgf/basiclayer\pgfcoreshade.code.tex
File: pgfcoreshade.code.tex 2021/05/15 v3.1.9a (3.1.9a)
\pgf@max=\dimen342
\pgf@sys@shading@range@num=\count334
\pgf@shadingcount=\count335
) (C:\Program Files\MiKTeX 2.9\tex/generic/pgf/basiclayer\pgfcoreimage.code.tex
File: pgfcoreimage.code.tex 2021/05/15 v3.1.9a (3.1.9a)

(C:\Program Files\MiKTeX 2.9\tex/generic/pgf/basiclayer\pgfcoreexternal.code.te
x
File: pgfcoreexternal.code.tex 2021/05/15 v3.1.9a (3.1.9a)
\pgfexternal@startupbox=\box110
))
(C:\Program Files\MiKTeX 2.9\tex/generic/pgf/basiclayer\pgfcorelayers.code.tex
File: pgfcorelayers.code.tex 2021/05/15 v3.1.9a (3.1.9a)
)
(C:\Program Files\MiKTeX 2.9\tex/generic/pgf/basiclayer\pgfcoretransparency.cod
e.tex
File: pgfcoretransparency.code.tex 2021/05/15 v3.1.9a (3.1.9a)
)
(C:\Program Files\MiKTeX 2.9\tex/generic/pgf/basiclayer\pgfcorepatterns.code.te
x
File: pgfcorepatterns.code.tex 2021/05/15 v3.1.9a (3.1.9a)
) (C:\Program Files\MiKTeX 2.9\tex/generic/pgf/basiclayer\pgfcorerdf.code.tex
File: pgfcorerdf.code.tex 2021/05/15 v3.1.9a (3.1.9a)
)))
\l__exsheets_variations_int=\count336
\g__exsheets_questions_id_int=\count337
\g__exsheets_questions_used_int=\count338
\l__exsheets_include_random_int=\count339
\l__exsheets_questions_set_int=\count340
\g__exsheets_select_random_int=\count341
\g__exsheets_selection_number_int=\count342
\l__exsheets_counter_ch_int=\count343
\l__exsheets_current_ch_int=\count344
\l__exsheets_counter_sec_int=\count345
\l__exsheets_current_sec_int=\count346
\l_exsheets_counter_qu_int=\count347
\l__exsheets_questions_skip_below_dim=\dimen343
\l__exsheets_solutions_skip_below_dim=\dimen344
\l__exsheets_blank_dim=\dimen345
\l__exsheets_blank_line_increment_dim=\dimen346
\l__exsheets_blank_line_minimum_length_dim=\dimen347
\l__exsheets_blank_box=\box111
 (C:\Program Files\MiKTeX 2.9\tex/latex/cntformats\cntformats.sty
Package: cntformats 2014/07/20 v0.7 A different way to read counters. (CN)

(C:\Program Files\MiKTeX 2.9\tex/latex/cnltx\cnltx-base.sty
Package: cnltx-base 2019/11/01 v0.15 LaTeX tools and documenting facilities (CN
)

(C:\Program Files\MiKTeX 2.9\tex/latex/pgfopts\pgfopts.sty
Package: pgfopts 2014/07/10 v2.1a LaTeX package options with pgfkeys

(C:\Program Files\MiKTeX 2.9\tex/latex/pgf/utilities\pgfkeys.sty
(C:\Program Files\MiKTeX 2.9\tex/generic/pgf/utilities\pgfkeys.code.tex))
\pgfopts@list@add@a@toks=\toks48
\pgfopts@list@add@b@toks=\toks49
)
(C:\Program Files\MiKTeX 2.9\tex/generic/pdftexcmds\pdftexcmds.sty
Package: pdftexcmds 2020-06-27 v0.33 Utility functions of pdfTeX for LuaTeX (HO
)

(C:\Program Files\MiKTeX 2.9\tex/generic/infwarerr\infwarerr.sty
Package: infwarerr 2019/12/03 v1.5 Providing info/warning/error messages (HO)
)
Package pdftexcmds Info: \pdf@primitive is available.
Package pdftexcmds Info: \pdf@ifprimitive is available.
Package pdftexcmds Info: \pdfdraftmode found.
)
\c@cnltx@tmpa=\count348
\c@cnltx@tmpb=\count349
\c@cnltx@tmpc=\count350
\cnltx@tmpa@length=\skip68
\cnltx@tmpb@length=\skip69
\cnltx@tmpc@length=\skip70
))
\c@question=\count351

(C:\Program Files\MiKTeX 2.9\tex/latex/exsheets\exsheets_headings.def
File: exsheets_headings.def  2019/09/30 v0.21k ExSheets headings object
\l__exsheets_heading_above_dim=\dimen348
\l__exsheets_heading_below_dim=\dimen349
\l__exsheets_heading_main_coffin=\box112
\l__exsheets_heading_pre_coffin=\box113
\l__exsheets_heading_post_coffin=\box114
\l__exsheets_heading_title_coffin=\box115
\l__exsheets_heading_number_coffin=\box116
\l__exsheets_heading_points_coffin=\box117
\l__exsheets_heading_subtitle_coffin=\box118

Package xtemplate Info: Declaring object type 'exsheets-heading' taking 5
(xtemplate)             argument(s) on line 184.

)
(C:\Program Files\MiKTeX 2.9\tex/latex/exsheets\exsheets_headings.cfg
File: exsheets_headings.cfg  2019/09/30 v0.21k ExSheets headings instances 
)
(C:\Program Files\MiKTeX 2.9\tex/latex/tasks\tasks.sty
Package: tasks 2021/02/20 v1.3a lists with columns filled horizontally
\g__tasks_total_items_int=\count352
\l__tasks_columns_int=\count353
\g__tasks_rows_int=\count354
\g__tasks_current_col_num_int=\count355
\g__tasks_current_row_num_int=\count356
\l__tasks_item_columns_int=\count357
\g__tasks_env_int=\count358
\l__tasks_start_int=\count359
\l__tasks_item_indent_dim=\dimen350
\l__tasks_item_default_indent_dim=\dimen351
\l__tasks_item_width_dim=\dimen352
\l__tasks_label_width_dim=\dimen353
\l__tasks_label_default_width_dim=\dimen354
\l__tasks_label_offset_dim=\dimen355
\l__tasks_label_default_offset_dim=\dimen356
\l__tasks_column_sep_dim=\dimen357
\l__tasks_correction_dim=\dimen358
\l__tasks_full_width_dim=\dimen359
\l__tasks_after_item_skip=\skip71
\l__tasks_custom_after_item_skip=\skip72
\l__tasks_before_list_skip=\skip73
\l__tasks_after_list_skip=\skip74
\l__tasks_item_coffin=\box119
\l__tasks_label_coffin=\box120
\c@task=\count360
\l__tasks_tmpa_int=\count361
\l__tasks_tmpb_int=\count362
\l__tasks_tmpa_coffin=\box121
\l__tasks_tmpa_box=\box122

Package xtemplate Info: Declaring object type 'tasks' taking 3 argument(s) on
(xtemplate)             line 450.


(C:\Program Files\MiKTeX 2.9\tex/latex/tasks\tasks.cfg))
(C:\Program Files\MiKTeX 2.9\tex/latex/ulem\ulem.sty
\UL@box=\box123
\UL@hyphenbox=\box124
\UL@skip=\skip75
\UL@hook=\toks50
\UL@height=\dimen360
\UL@pe=\count363
\UL@pixel=\dimen361
\ULC@box=\box125
Package: ulem 2019/11/18
\ULdepth=\dimen362
)
(C:\Program Files\MiKTeX 2.9\tex/latex/translations\translations.sty
Package: translations 2021/01/17 v1.10a internationalization of LaTeX2e package
s (CN)
))
(C:\Program Files\MiKTeX 2.9\tex/latex/wrapfig\wrapfig.sty
\wrapoverhang=\dimen363
\WF@size=\dimen364
\c@WF@wrappedlines=\count364
\WF@box=\box126
\WF@everypar=\toks51
Package: wrapfig 2003/01/31  v 3.6
)
(C:\Program Files\MiKTeX 2.9\tex/latex/lipsum\lipsum.sty
Package: lipsum 2021-03-03 v2.3 150 paragraphs of Lorem Ipsum dummy text

(C:\Program Files\MiKTeX 2.9\tex/latex/lipsum\lipsum.ltd.tex
File: lipsum.ltd.tex 2021-03-03 v2.3 The Lorem ipsum dummy text
))
(C:\Program Files\MiKTeX 2.9\tex/latex/pgf/basiclayer\pgf.sty
Package: pgf 2021/05/15 v3.1.9a (3.1.9a)

(C:\Program Files\MiKTeX 2.9\tex/generic/pgf/modules\pgfmoduleshapes.code.tex
File: pgfmoduleshapes.code.tex 2021/05/15 v3.1.9a (3.1.9a)
\pgfnodeparttextbox=\box127
)
(C:\Program Files\MiKTeX 2.9\tex/generic/pgf/modules\pgfmoduleplot.code.tex
File: pgfmoduleplot.code.tex 2021/05/15 v3.1.9a (3.1.9a)
)
(C:\Program Files\MiKTeX 2.9\tex/latex/pgf/compatibility\pgfcomp-version-0-65.s
ty
Package: pgfcomp-version-0-65 2021/05/15 v3.1.9a (3.1.9a)
\pgf@nodesepstart=\dimen365
\pgf@nodesepend=\dimen366
)
(C:\Program Files\MiKTeX 2.9\tex/latex/pgf/compatibility\pgfcomp-version-1-18.s
ty
Package: pgfcomp-version-1-18 2021/05/15 v3.1.9a (3.1.9a)
)) (C:\Program Files\MiKTeX 2.9\tex/latex/pgf/frontendlayer\tikz.sty
(C:\Program Files\MiKTeX 2.9\tex/latex/pgf/utilities\pgffor.sty
(C:\Program Files\MiKTeX 2.9\tex/latex/pgf/math\pgfmath.sty
(C:\Program Files\MiKTeX 2.9\tex/generic/pgf/math\pgfmath.code.tex))
(C:\Program Files\MiKTeX 2.9\tex/generic/pgf/utilities\pgffor.code.tex
Package: pgffor 2021/05/15 v3.1.9a (3.1.9a)

(C:\Program Files\MiKTeX 2.9\tex/generic/pgf/math\pgfmath.code.tex)
\pgffor@iter=\dimen367
\pgffor@skip=\dimen368
\pgffor@stack=\toks52
\pgffor@toks=\toks53
))
(C:\Program Files\MiKTeX 2.9\tex/generic/pgf/frontendlayer/tikz\tikz.code.tex
Package: tikz 2021/05/15 v3.1.9a (3.1.9a)

(C:\Program Files\MiKTeX 2.9\tex/generic/pgf/libraries\pgflibraryplothandlers.c
ode.tex
File: pgflibraryplothandlers.code.tex 2021/05/15 v3.1.9a (3.1.9a)
\pgf@plot@mark@count=\count365
\pgfplotmarksize=\dimen369
)
\tikz@lastx=\dimen370
\tikz@lasty=\dimen371
\tikz@lastxsaved=\dimen372
\tikz@lastysaved=\dimen373
\tikz@lastmovetox=\dimen374
\tikz@lastmovetoy=\dimen375
\tikzleveldistance=\dimen376
\tikzsiblingdistance=\dimen377
\tikz@figbox=\box128
\tikz@figbox@bg=\box129
\tikz@tempbox=\box130
\tikz@tempbox@bg=\box131
\tikztreelevel=\count366
\tikznumberofchildren=\count367
\tikznumberofcurrentchild=\count368
\tikz@fig@count=\count369

(C:\Program Files\MiKTeX 2.9\tex/generic/pgf/modules\pgfmodulematrix.code.tex
File: pgfmodulematrix.code.tex 2021/05/15 v3.1.9a (3.1.9a)
\pgfmatrixcurrentrow=\count370
\pgfmatrixcurrentcolumn=\count371
\pgf@matrix@numberofcolumns=\count372
)
\tikz@expandcount=\count373

(C:\Program Files\MiKTeX 2.9\tex/generic/pgf/frontendlayer/tikz/libraries\tikzl
ibrarytopaths.code.tex
File: tikzlibrarytopaths.code.tex 2021/05/15 v3.1.9a (3.1.9a)
)))
(C:\Program Files\MiKTeX 2.9\tex/latex/tikz-cd\tikz-cd.sty
Package: tikz-cd 2021/05/04 v1.0 Commutative diagrams with TikZ

(C:\Program Files\MiKTeX 2.9\tex/latex/tikz-cd\tikzlibrarycd.code.tex
(C:\Program Files\MiKTeX 2.9\tex/generic/pgf/frontendlayer/tikz/libraries\tikzl
ibrarymatrix.code.tex
File: tikzlibrarymatrix.code.tex 2021/05/15 v3.1.9a (3.1.9a)
)
(C:\Program Files\MiKTeX 2.9\tex/generic/pgf/frontendlayer/tikz/libraries\tikzl
ibraryquotes.code.tex
File: tikzlibraryquotes.code.tex 2021/05/15 v3.1.9a (3.1.9a)
)
(C:\Program Files\MiKTeX 2.9\tex/generic/pgf/libraries\pgflibraryarrows.meta.co
de.tex
File: pgflibraryarrows.meta.code.tex 2021/05/15 v3.1.9a (3.1.9a)
\pgfarrowinset=\dimen378
\pgfarrowlength=\dimen379
\pgfarrowwidth=\dimen380
\pgfarrowlinewidth=\dimen381
)))
(C:\Program Files\MiKTeX 2.9\tex/generic/pgf/frontendlayer/tikz/libraries\tikzl
ibrarycalc.code.tex
File: tikzlibrarycalc.code.tex 2021/05/15 v3.1.9a (3.1.9a)
)
(C:\Program Files\MiKTeX 2.9\tex/generic/pgf/frontendlayer/tikz/libraries\tikzl
ibraryarrows.code.tex
File: tikzlibraryarrows.code.tex 2021/05/15 v3.1.9a (3.1.9a)

(C:\Program Files\MiKTeX 2.9\tex/generic/pgf/libraries\pgflibraryarrows.code.te
x
File: pgflibraryarrows.code.tex 2021/05/15 v3.1.9a (3.1.9a)
\arrowsize=\dimen382
)) (C:\Program Files\MiKTeX 2.9\tex/latex/oberdiek\stackrel.sty
Package: stackrel 2016/05/16 v1.3 Adding subscript option to stackrel (HO)

(C:\Program Files\MiKTeX 2.9\tex/generic/etexcmds\etexcmds.sty
Package: etexcmds 2019/12/15 v1.7 Avoid name clashes with e-TeX commands (HO)
))
(C:\Program Files\MiKTeX 2.9\tex/latex/enumitem\enumitem.sty
Package: enumitem 2019/06/20 v3.9 Customized lists
\labelindent=\skip76
\enit@outerparindent=\dimen383
\enit@toks=\toks54
\enit@inbox=\box132
\enit@count@id=\count374
\enitdp@description=\count375
)
(C:\Program Files\MiKTeX 2.9\tex/latex/stmaryrd\stmaryrd.sty
Package: stmaryrd 1994/03/03 St Mary's Road symbol package
\symstmry=\mathgroup8
LaTeX Font Info:    Overwriting symbol font `stmry' in version `bold'
(Font)                  U/stmry/m/n --> U/stmry/b/n on input line 89.
)
(C:\Program Files\MiKTeX 2.9\tex/latex/setspace\setspace.sty
Package: setspace 2011/12/19 v6.7a set line spacing
)
(C:\Program Files\MiKTeX 2.9\tex/generic/pgf/frontendlayer/tikz/libraries\tikzl
ibrarytrees.code.tex
File: tikzlibrarytrees.code.tex 2021/05/15 v3.1.9a (3.1.9a)
)
(C:\Program Files\MiKTeX 2.9\tex/latex/mathalpha\mathalpha.sty
Package: mathalpha 2019/10/05 - 1.13mathalpha (License LPPL) Michael Sharpe

`mathalpha' v1.13, 2019/10/05, a renaming of mathalfa (msharpe)
(C:\Program Files\MiKTeX 2.9\tex/latex/xkeyval\xkeyval.sty
Package: xkeyval 2020/11/20 v2.8 package option processing (HA)

(C:\Program Files\MiKTeX 2.9\tex/generic/xkeyval\xkeyval.tex
(C:\Program Files\MiKTeX 2.9\tex/generic/xkeyval\xkvutils.tex
\XKV@toks=\toks55
\XKV@tempa@toks=\toks56
)
\XKV@depth=\count376
File: xkeyval.tex 2014/12/03 v2.7a key=value parser (HA)
))
LaTeX Font Info:    Redeclaring math alphabet \mathcal on input line 210.
LaTeX Font Info:    Overwriting math alphabet `\mathcal' in version `bold'
(Font)                  U/eus/m/n --> U/eus/b/n on input line 211.
LaTeX Font Info:    Overwriting math alphabet `\mathfrak' in version `bold'
(Font)                  U/euf/b/n --> U/euf/b/n on input line 372.
LaTeX Font Info:    Overwriting math alphabet `\mathfrak' in version `bold'
(Font)                  U/euf/m/n --> U/euf/b/n on input line 372.
)
(C:\Program Files\MiKTeX 2.9\tex/latex/fancyhdr\fancyhdr.sty
Package: fancyhdr 2021/01/28 v4.0.1 Extensive control of page headers and foote
rs
\f@nch@headwidth=\skip77
\f@nch@O@elh=\skip78
\f@nch@O@erh=\skip79
\f@nch@O@olh=\skip80
\f@nch@O@orh=\skip81
\f@nch@O@elf=\skip82
\f@nch@O@erf=\skip83
\f@nch@O@olf=\skip84
\f@nch@O@orf=\skip85
)
(C:\Program Files\MiKTeX 2.9\tex/latex/hyperref\hyperref.sty
Package: hyperref 2021-02-27 v7.00k Hypertext links for LaTeX

(C:\Program Files\MiKTeX 2.9\tex/generic/kvdefinekeys\kvdefinekeys.sty
Package: kvdefinekeys 2019-12-19 v1.6 Define keys (HO)
)
(C:\Program Files\MiKTeX 2.9\tex/generic/pdfescape\pdfescape.sty
Package: pdfescape 2019/12/09 v1.15 Implements pdfTeX's escape features (HO)
)
(C:\Program Files\MiKTeX 2.9\tex/latex/hycolor\hycolor.sty
Package: hycolor 2020-01-27 v1.10 Color options for hyperref/bookmark (HO)
)
(C:\Program Files\MiKTeX 2.9\tex/latex/letltxmacro\letltxmacro.sty
Package: letltxmacro 2019/12/03 v1.6 Let assignment for LaTeX macros (HO)
)
(C:\Program Files\MiKTeX 2.9\tex/latex/auxhook\auxhook.sty
Package: auxhook 2019-12-17 v1.6 Hooks for auxiliary files (HO)
)
\@linkdim=\dimen384
\Hy@linkcounter=\count377
\Hy@pagecounter=\count378

(C:\Program Files\MiKTeX 2.9\tex/latex/hyperref\pd1enc.def
File: pd1enc.def 2021-02-27 v7.00k Hyperref: PDFDocEncoding definition (HO)
)
(C:\Program Files\MiKTeX 2.9\tex/latex/hyperref\hyperref-langpatches.def
File: hyperref-langpatches.def 2021-02-27 v7.00k Hyperref: patches for babel la
nguages
)
(C:\Program Files\MiKTeX 2.9\tex/generic/intcalc\intcalc.sty
Package: intcalc 2019/12/15 v1.3 Expandable calculations with integers (HO)
)
\Hy@SavedSpaceFactor=\count379

(C:\Program Files\MiKTeX 2.9\tex/latex/hyperref\puenc.def
File: puenc.def 2021-02-27 v7.00k Hyperref: PDF Unicode definition (HO)
)
Package hyperref Info: Option `colorlinks' set `true' on input line 4073.
Package hyperref Info: Option `bookmarks' set `true' on input line 4073.
Package hyperref Info: Option `bookmarksnumbered' set `true' on input line 4073
.
Package hyperref Info: Hyper figures OFF on input line 4192.
Package hyperref Info: Link nesting OFF on input line 4197.
Package hyperref Info: Hyper index ON on input line 4200.
Package hyperref Info: Plain pages OFF on input line 4207.
Package hyperref Info: Backreferencing OFF on input line 4212.
Package hyperref Info: Implicit mode ON; LaTeX internals redefined.
Package hyperref Info: Bookmarks ON on input line 4445.
\c@Hy@tempcnt=\count380
LaTeX Info: Redefining \url on input line 4804.
\XeTeXLinkMargin=\dimen385

(C:\Program Files\MiKTeX 2.9\tex/generic/bitset\bitset.sty
Package: bitset 2019/12/09 v1.3 Handle bit-vector datatype (HO)

(C:\Program Files\MiKTeX 2.9\tex/generic/bigintcalc\bigintcalc.sty
Package: bigintcalc 2019/12/15 v1.5 Expandable calculations on big integers (HO
)
))
\Fld@menulength=\count381
\Field@Width=\dimen386
\Fld@charsize=\dimen387
Package hyperref Info: Hyper figures OFF on input line 6075.
Package hyperref Info: Link nesting OFF on input line 6080.
Package hyperref Info: Hyper index ON on input line 6083.
Package hyperref Info: backreferencing OFF on input line 6090.
Package hyperref Info: Link coloring ON on input line 6093.
Package hyperref Info: Link coloring with OCG OFF on input line 6100.
Package hyperref Info: PDF/A mode OFF on input line 6105.
LaTeX Info: Redefining \ref on input line 6145.
LaTeX Info: Redefining \pageref on input line 6149.

(C:\Program Files\MiKTeX 2.9\tex/latex/base\atbegshi-ltx.sty
Package: atbegshi-ltx 2020/08/17 v1.0a Emulation of the original atbegshi packa
ge
with kernel methods
)
\Hy@abspage=\count382
\c@Item=\count383
\c@Hfootnote=\count384
)
Package hyperref Info: Driver: hpdftex.

(C:\Program Files\MiKTeX 2.9\tex/latex/hyperref\hpdftex.def
File: hpdftex.def 2021-02-27 v7.00k Hyperref driver for pdfTeX

(C:\Program Files\MiKTeX 2.9\tex/latex/base\atveryend-ltx.sty
Package: atveryend-ltx 2020/08/19 v1.0a Emulation of the original atvery packag
e
with kernel methods
)
\Fld@listcount=\count385
\c@bookmark@seq@number=\count386

(C:\Program Files\MiKTeX 2.9\tex/latex/rerunfilecheck\rerunfilecheck.sty
Package: rerunfilecheck 2019/12/05 v1.9 Rerun checks for auxiliary files (HO)

(C:\Program Files\MiKTeX 2.9\tex/generic/uniquecounter\uniquecounter.sty
Package: uniquecounter 2019/12/15 v1.4 Provide unlimited unique counter (HO)
)
Package uniquecounter Info: New unique counter `rerunfilecheck' on input line 2
86.
)
\Hy@SectionHShift=\skip86
)
Package hyperref Info: Option `colorlinks' set `true' on input line 169.

(C:\Program Files\MiKTeX 2.9\tex/latex/sectsty\sectsty.sty
Package: sectsty 2002/02/25 v2.0.2 Commands to change all sectional heading sty
les


LaTeX Warning: Command \underbar  has changed.
               Check if current package is valid.


LaTeX Warning: Command \underline  has changed.
               Check if current package is valid.

) (C:\Program Files\MiKTeX 2.9\tex/latex/amscls\amsthm.sty
Package: amsthm 2020/05/29 v2.20.6
\thm@style=\toks57
\thm@bodyfont=\toks58
\thm@headfont=\toks59
\thm@notefont=\toks60
\thm@headpunct=\toks61
\thm@preskip=\skip87
\thm@postskip=\skip88
\thm@headsep=\skip89
\dth@everypar=\toks62
)
(C:\Program Files\MiKTeX 2.9\tex/latex/thmtools\thmtools.sty
Package: thmtools 2020/08/01 v0.72
\thmt@toks=\toks63
\c@thmt@dummyctr=\count387

(C:\Program Files\MiKTeX 2.9\tex/latex/thmtools\thm-patch.sty
Package: thm-patch 2020/08/01 v0.72

(C:\Program Files\MiKTeX 2.9\tex/latex/thmtools\parseargs.sty
Package: parseargs 2020/08/01 v0.72
\@parsespec=\toks64
))
(C:\Program Files\MiKTeX 2.9\tex/latex/thmtools\thm-kv.sty
Package: thm-kv 2020/08/01 v0.72
Package thm-kv Info: Theorem names will be uppercased on input line 42.
Package thm-kv Info: kvsetkeys patch (v1.16 or later) on input line 158.
)
(C:\Program Files\MiKTeX 2.9\tex/latex/thmtools\thm-autoref.sty
Package: thm-autoref 2020/08/01 v0.72

(C:\Program Files\MiKTeX 2.9\tex/latex/thmtools\aliasctr.sty
Package: aliasctr 2020/08/01 v0.72
))
(C:\Program Files\MiKTeX 2.9\tex/latex/thmtools\thm-listof.sty
Package: thm-listof 2020/08/01 v0.72
)
(C:\Program Files\MiKTeX 2.9\tex/latex/thmtools\thm-restate.sty
Package: thm-restate 2020/08/01 v0.72
)
(C:\Program Files\MiKTeX 2.9\tex/latex/thmtools\thm-amsthm.sty
Package: thm-amsthm 2020/08/01 v0.72
\thmt@style@headstyle=\toks65
))
\c@theorem=\count388
\c@introthm=\count389

(C:\Program Files\MiKTeX 2.9\tex/latex/xargs\xargs.sty
Package: xargs 2008/03/22 v1.1  extended macro definitions  (mpg)
\xargs@max=\count390
\xargs@toksa=\toks66
\xargs@toksb=\toks67
)
(C:\Program Files\MiKTeX 2.9\tex/latex/todonotes\todonotes.sty
Package: todonotes 2021/04/26 v1.1.4 Todonotes source and documentation.
Package: todonotes 2018/11/22

(C:\Program Files\MiKTeX 2.9\tex/generic/pgf/frontendlayer/tikz/libraries\tikzl
ibrarypositioning.code.tex
File: tikzlibrarypositioning.code.tex 2021/05/15 v3.1.9a (3.1.9a)
)
\c@@todonotes@numberoftodonotes=\count391
)
(C:\Program Files\MiKTeX 2.9\tex/latex/float\float.sty
Package: float 2001/11/08 v1.3d Float enhancements (AL)
\c@float@type=\count392
\float@exts=\toks68
\float@box=\box133
\@float@everytoks=\toks69
\@floatcapt=\box134
)
(C:\Program Files\MiKTeX 2.9\tex/latex/titlesec\titletoc.sty
Package: titletoc 2019/10/16 v2.13 TOC entries
\ttl@leftsep=\dimen388
)
\@indexfile=\write5
\openout5 = `notes-matamzee.idx'.


Writing index file notes-matamzee.idx
(notes-matamzee.aux)
\openout1 = `notes-matamzee.aux'.

LaTeX Font Info:    Checking defaults for OML/cmm/m/it on input line 484.
LaTeX Font Info:    ... okay on input line 484.
LaTeX Font Info:    Checking defaults for OMS/cmsy/m/n on input line 484.
LaTeX Font Info:    ... okay on input line 484.
LaTeX Font Info:    Checking defaults for OT1/cmr/m/n on input line 484.
LaTeX Font Info:    ... okay on input line 484.
LaTeX Font Info:    Checking defaults for T1/cmr/m/n on input line 484.
LaTeX Font Info:    ... okay on input line 484.
LaTeX Font Info:    Checking defaults for TS1/cmr/m/n on input line 484.
LaTeX Font Info:    ... okay on input line 484.
LaTeX Font Info:    Checking defaults for OMX/cmex/m/n on input line 484.
LaTeX Font Info:    ... okay on input line 484.
LaTeX Font Info:    Checking defaults for U/cmr/m/n on input line 484.
LaTeX Font Info:    ... okay on input line 484.
LaTeX Font Info:    Checking defaults for PD1/pdf/m/n on input line 484.
LaTeX Font Info:    ... okay on input line 484.
LaTeX Font Info:    Checking defaults for PU/pdf/m/n on input line 484.
LaTeX Font Info:    ... okay on input line 484.

*geometry* driver: auto-detecting
*geometry* detected driver: pdftex
*geometry* verbose mode - [ preamble ] result:
* driver: pdftex
* paper: a4paper
* layout: <same size as paper>
* layoutoffset:(h,v)=(0.0pt,0.0pt)
* modes: includehead twoside 
* h-part:(L,W,R)=(83.11005pt, 431.28778pt, 83.11005pt)
* v-part:(T,H,B)=(83.11005pt, 671.5993pt, 90.3375pt)
* \paperwidth=597.50787pt
* \paperheight=845.04684pt
* \textwidth=431.28778pt
* \textheight=634.5993pt
* \oddsidemargin=10.84006pt
* \evensidemargin=10.84006pt
* \topmargin=10.84006pt
* \headheight=12.0pt
* \headsep=25.0pt
* \topskip=10.0pt
* \footskip=30.0pt
* \marginparwidth=111.0pt
* \marginparsep=11.0pt
* \columnsep=10.0pt
* \skip\footins=10.79997pt plus 4.79947pt minus 2.4005pt
* \hoffset=0.0pt
* \voffset=0.0pt
* \mag=1000
* \@twocolumnfalse
* \@twosidetrue
* \@mparswitchtrue
* \@reversemarginfalse
* (1in=72.27pt=25.4mm, 1cm=28.453pt)

(C:\Program Files\MiKTeX 2.9\tex/latex/ucs\ucsencs.def
File: ucsencs.def 2011/01/21 Fixes to fontencodings LGR, T3
)
(C:\Program Files\MiKTeX 2.9\tex/context/base/mkii\supp-pdf.mkii
[Loading MPS to PDF converter (version 2006.09.02).]
\scratchcounter=\count393
\scratchdimen=\dimen389
\scratchbox=\box135
\nofMPsegments=\count394
\nofMParguments=\count395
\everyMPshowfont=\toks70
\MPscratchCnt=\count396
\MPscratchDim=\dimen390
\MPnumerator=\count397
\makeMPintoPDFobject=\count398
\everyMPtoPDFconversion=\toks71
) (C:\Program Files\MiKTeX 2.9\tex/latex/epstopdf-pkg\epstopdf-base.sty
Package: epstopdf-base 2020-01-24 v2.11 Base part for package epstopdf
Package epstopdf-base Info: Redefining graphics rule for `.eps' on input line 4
85.

(C:\Program Files\MiKTeX 2.9\tex/latex/00miktex\epstopdf-sys.cfg
File: epstopdf-sys.cfg 2021/03/18 v2.0 Configuration of epstopdf for MiKTeX
))
Package caption Info: Begin \AtBeginDocument code.
Package caption Info: float package is loaded.
Package caption Info: hyperref package is loaded.
Package caption Info: sidecap package is loaded.
Package caption Info: subfigure package is loaded.
Package caption Info: wrapfig package is loaded.
Package caption Info: End \AtBeginDocument code.
LaTeX Font Info:    Trying to load font information for OT1+ztmcm on input line
 484.

(C:\Program Files\MiKTeX 2.9\tex/latex/psnfss\ot1ztmcm.fd
File: ot1ztmcm.fd 2000/01/03 Fontinst v1.801 font definitions for OT1/ztmcm.
)
LaTeX Font Info:    Trying to load font information for OML+ztmcm on input line
 484.

(C:\Program Files\MiKTeX 2.9\tex/latex/psnfss\omlztmcm.fd
File: omlztmcm.fd 2000/01/03 Fontinst v1.801 font definitions for OML/ztmcm.
)
LaTeX Font Info:    Trying to load font information for OMS+ztmcm on input line
 484.

(C:\Program Files\MiKTeX 2.9\tex/latex/psnfss\omsztmcm.fd
File: omsztmcm.fd 2000/01/03 Fontinst v1.801 font definitions for OMS/ztmcm.
)
LaTeX Font Info:    Trying to load font information for OMX+ztmcm on input line
 484.

(C:\Program Files\MiKTeX 2.9\tex/latex/psnfss\omxztmcm.fd
File: omxztmcm.fd 2000/01/03 Fontinst v1.801 font definitions for OMX/ztmcm.
)
LaTeX Font Info:    Trying to load font information for OT1+ptm on input line 4
84.

(C:\Program Files\MiKTeX 2.9\tex/latex/psnfss\ot1ptm.fd
File: ot1ptm.fd 2001/06/04 font definitions for OT1/ptm.
)
LaTeX Font Info:    Font shape `OT1/ptm/bx/n' in size <12> not available
(Font)              Font shape `OT1/ptm/b/n' tried instead on input line 484.
LaTeX Font Info:    Font shape `OT1/ptm/bx/n' in size <9> not available
(Font)              Font shape `OT1/ptm/b/n' tried instead on input line 484.
LaTeX Font Info:    Font shape `OT1/ptm/bx/n' in size <7> not available
(Font)              Font shape `OT1/ptm/b/n' tried instead on input line 484.
LaTeX Font Info:    Trying to load font information for U+stmry on input line 4
84.

(C:\Program Files\MiKTeX 2.9\tex/latex/stmaryrd\ustmry.fd)
Package xypdf Info: Line width: 0.47987pt on input line 484.

(C:\Program Files\MiKTeX 2.9\tex/latex/ragged2e\ragged2e.sty
Package: ragged2e 2021/02/05 v3.0 ragged2e Package

(C:\Program Files\MiKTeX 2.9\tex/latex/everysel\everysel.sty
Package: everysel 2021/01/20 v2.1 EverySelectfont Package (MS)

(C:\Program Files\MiKTeX 2.9\tex/latex/everysel\everysel-2011-10-28.sty
ABD: EverySelectfont initializing macros
LaTeX Info: Redefining \selectfont on input line 123.
))
\CenteringLeftskip=\skip90
\RaggedLeftLeftskip=\skip91
\RaggedRightLeftskip=\skip92
\CenteringRightskip=\skip93
\RaggedLeftRightskip=\skip94
\RaggedRightRightskip=\skip95
\CenteringParfillskip=\skip96
\RaggedLeftParfillskip=\skip97
\RaggedRightParfillskip=\skip98
\JustifyingParfillskip=\skip99
\CenteringParindent=\skip100
\RaggedLeftParindent=\skip101
\RaggedRightParindent=\skip102
\JustifyingParindent=\skip103
)

Package exsheets Info: Loading custom configurations file
(exsheets)             `exsheets_configurations.cfg'.


(C:\Program Files\MiKTeX 2.9\tex/latex/exsheets\exsheets_configurations.cfg
File: exsheets_configurations.cfg 
)
(C:\Program Files\MiKTeX 2.9\tex/latex/translations/dicts\translations-basic-di
ctionary-english.trsl
File: translations-basic-dictionary-english.trsl (english translation file `tra
nslations-basic-dictionary')
)
Package hyperref Info: Link coloring ON on input line 484.

(C:\Program Files\MiKTeX 2.9\tex/latex/hyperref\nameref.sty
Package: nameref 2021-04-02 v2.47 Cross-referencing by name of section

(C:\Program Files\MiKTeX 2.9\tex/latex/refcount\refcount.sty
Package: refcount 2019/12/15 v3.6 Data extraction from label references (HO)
)
(C:\Program Files\MiKTeX 2.9\tex/generic/gettitlestring\gettitlestring.sty
Package: gettitlestring 2019/12/15 v1.6 Cleanup title references (HO)
)
\c@section@level=\count399
)
LaTeX Info: Redefining \ref on input line 484.
LaTeX Info: Redefining \pageref on input line 484.
LaTeX Info: Redefining \nameref on input line 484.

(notes-matamzee.out) (notes-matamzee.out)
\@outlinefile=\write6
\openout6 = `notes-matamzee.out'.

LaTeX Font Info:    Calculating math sizes for size <10.95007> on input line 51
3.
LaTeX Font Info:    Font shape `OT1/ptm/bx/n' in size <10.95007> not available
(Font)              Font shape `OT1/ptm/b/n' tried instead on input line 513.
LaTeX Font Info:    Font shape `OT1/ptm/bx/n' in size <8.1031> not available
(Font)              Font shape `OT1/ptm/b/n' tried instead on input line 513.
LaTeX Font Info:    Font shape `OT1/ptm/bx/n' in size <6.5701> not available
(Font)              Font shape `OT1/ptm/b/n' tried instead on input line 513.


LaTeX Font Warning: Font shape `U/stmry/m/n' in size <6.5701> not available
(Font)              size <7> substituted on input line 513.

(notes-matamzee.toc [1

{C:/Users/Pedro/AppData/Local/MiKTeX/2.9/pdftex/config/pdftex.map}])
\tf@toc=\write7
\openout7 = `notes-matamzee.toc'.



Package fancyhdr Warning: \headheight is too small (12.0pt): 
(fancyhdr)                Make it at least 13.14003pt, for example:
(fancyhdr)                \setlength{\headheight}{13.14003pt}.
(fancyhdr)                You might also make \topmargin smaller to compensate:

(fancyhdr)                \addtolength{\topmargin}{-1.14003pt}.

[2] (C:\Program Files\MiKTeX 2.9\tex/latex/ucs\uni-32.def
File: uni-32.def 2013/05/13 UCS: Unicode data U+2000..U+20FF
)

Package fancyhdr Warning: \headheight is too small (12.0pt): 
(fancyhdr)                Make it at least 13.14003pt, for example:
(fancyhdr)                \setlength{\headheight}{13.14003pt}.
(fancyhdr)                You might also make \topmargin smaller to compensate:

(fancyhdr)                \addtolength{\topmargin}{-1.14003pt}.

[3]
Overfull \hbox (10.06776pt too wide) in paragraph at lines 620--621
[]\T1/ptm/m/n/12 Complete. Ideal: add many ex-er-cises on pre-lim-in-ar-ies: ho
-mo-lo-gical al-gebra, tensor products,
 []


Package fancyhdr Warning: \headheight is too small (12.0pt): 
(fancyhdr)                Make it at least 13.14003pt, for example:
(fancyhdr)                \setlength{\headheight}{13.14003pt}.
(fancyhdr)                You might also make \topmargin smaller to compensate:

(fancyhdr)                \addtolength{\topmargin}{-1.14003pt}.

[4]

Package fancyhdr Warning: \headheight is too small (12.0pt): 
(fancyhdr)                Make it at least 13.14003pt, for example:
(fancyhdr)                \setlength{\headheight}{13.14003pt}.
(fancyhdr)                You might also make \topmargin smaller to compensate:

(fancyhdr)                \addtolength{\topmargin}{-1.14003pt}.

[5]
LaTeX Font Info:    Trying to load font information for TS1+ptm on input line 7
69.
 (C:\Program Files\MiKTeX 2.9\tex/latex/psnfss\ts1ptm.fd
File: ts1ptm.fd 2001/06/04 font definitions for TS1/ptm.
)

Package fancyhdr Warning: \headheight is too small (12.0pt): 
(fancyhdr)                Make it at least 13.14003pt, for example:
(fancyhdr)                \setlength{\headheight}{13.14003pt}.
(fancyhdr)                You might also make \topmargin smaller to compensate:

(fancyhdr)                \addtolength{\topmargin}{-1.14003pt}.

[6]
Package hyperref Info: bookmark level for unknown lemma defaults to 0 on input 
line 841.


Package fancyhdr Warning: \headheight is too small (12.0pt): 
(fancyhdr)                Make it at least 13.14003pt, for example:
(fancyhdr)                \setlength{\headheight}{13.14003pt}.
(fancyhdr)                You might also make \topmargin smaller to compensate:

(fancyhdr)                \addtolength{\topmargin}{-1.14003pt}.

[7]
Package hyperref Info: bookmark level for unknown note defaults to 0 on input l
ine 908.
Package hyperref Info: bookmark level for unknown definition defaults to 0 on i
nput line 923.


Package fancyhdr Warning: \headheight is too small (12.0pt): 
(fancyhdr)                Make it at least 13.14003pt, for example:
(fancyhdr)                \setlength{\headheight}{13.14003pt}.
(fancyhdr)                You might also make \topmargin smaller to compensate:

(fancyhdr)                \addtolength{\topmargin}{-1.14003pt}.

[8]

Package fancyhdr Warning: \headheight is too small (12.0pt): 
(fancyhdr)                Make it at least 13.14003pt, for example:
(fancyhdr)                \setlength{\headheight}{13.14003pt}.
(fancyhdr)                You might also make \topmargin smaller to compensate:

(fancyhdr)                \addtolength{\topmargin}{-1.14003pt}.

[9]
Package hyperref Info: bookmark level for unknown variante defaults to 0 on inp
ut line 1009.


Package fancyhdr Warning: \headheight is too small (12.0pt): 
(fancyhdr)                Make it at least 13.14003pt, for example:
(fancyhdr)                \setlength{\headheight}{13.14003pt}.
(fancyhdr)                You might also make \topmargin smaller to compensate:

(fancyhdr)                \addtolength{\topmargin}{-1.14003pt}.

[10]

Package fancyhdr Warning: \headheight is too small (12.0pt): 
(fancyhdr)                Make it at least 13.14003pt, for example:
(fancyhdr)                \setlength{\headheight}{13.14003pt}.
(fancyhdr)                You might also make \topmargin smaller to compensate:

(fancyhdr)                \addtolength{\topmargin}{-1.14003pt}.

[11] (notes-matamzee-01.xyc) (notes-matamzee-02.xyc) (notes-matamzee-03.xyc)
(notes-matamzee-04.xyc) (notes-matamzee-05.xyc) (notes-matamzee-06.xyc)

Package fancyhdr Warning: \headheight is too small (12.0pt): 
(fancyhdr)                Make it at least 13.14003pt, for example:
(fancyhdr)                \setlength{\headheight}{13.14003pt}.
(fancyhdr)                You might also make \topmargin smaller to compensate:

(fancyhdr)                \addtolength{\topmargin}{-1.14003pt}.

[12]

Package fancyhdr Warning: \headheight is too small (12.0pt): 
(fancyhdr)                Make it at least 13.14003pt, for example:
(fancyhdr)                \setlength{\headheight}{13.14003pt}.
(fancyhdr)                You might also make \topmargin smaller to compensate:

(fancyhdr)                \addtolength{\topmargin}{-1.14003pt}.

[13]

Package fancyhdr Warning: \headheight is too small (12.0pt): 
(fancyhdr)                Make it at least 13.14003pt, for example:
(fancyhdr)                \setlength{\headheight}{13.14003pt}.
(fancyhdr)                You might also make \topmargin smaller to compensate:

(fancyhdr)                \addtolength{\topmargin}{-1.14003pt}.

[14]

Package fancyhdr Warning: \headheight is too small (12.0pt): 
(fancyhdr)                Make it at least 13.14003pt, for example:
(fancyhdr)                \setlength{\headheight}{13.14003pt}.
(fancyhdr)                You might also make \topmargin smaller to compensate:

(fancyhdr)                \addtolength{\topmargin}{-1.14003pt}.

[15]

Package fancyhdr Warning: \headheight is too small (12.0pt): 
(fancyhdr)                Make it at least 13.14003pt, for example:
(fancyhdr)                \setlength{\headheight}{13.14003pt}.
(fancyhdr)                You might also make \topmargin smaller to compensate:

(fancyhdr)                \addtolength{\topmargin}{-1.14003pt}.

[16]

Package fancyhdr Warning: \headheight is too small (12.0pt): 
(fancyhdr)                Make it at least 13.14003pt, for example:
(fancyhdr)                \setlength{\headheight}{13.14003pt}.
(fancyhdr)                You might also make \topmargin smaller to compensate:

(fancyhdr)                \addtolength{\topmargin}{-1.14003pt}.

[17]

Package fancyhdr Warning: \headheight is too small (12.0pt): 
(fancyhdr)                Make it at least 13.14003pt, for example:
(fancyhdr)                \setlength{\headheight}{13.14003pt}.
(fancyhdr)                You might also make \topmargin smaller to compensate:

(fancyhdr)                \addtolength{\topmargin}{-1.14003pt}.

[18]

Package fancyhdr Warning: \headheight is too small (12.0pt): 
(fancyhdr)                Make it at least 13.14003pt, for example:
(fancyhdr)                \setlength{\headheight}{13.14003pt}.
(fancyhdr)                You might also make \topmargin smaller to compensate:

(fancyhdr)                \addtolength{\topmargin}{-1.14003pt}.

[19]

Package fancyhdr Warning: \headheight is too small (12.0pt): 
(fancyhdr)                Make it at least 13.14003pt, for example:
(fancyhdr)                \setlength{\headheight}{13.14003pt}.
(fancyhdr)                You might also make \topmargin smaller to compensate:

(fancyhdr)                \addtolength{\topmargin}{-1.14003pt}.

[20]

Package fancyhdr Warning: \headheight is too small (12.0pt): 
(fancyhdr)                Make it at least 13.14003pt, for example:
(fancyhdr)                \setlength{\headheight}{13.14003pt}.
(fancyhdr)                You might also make \topmargin smaller to compensate:

(fancyhdr)                \addtolength{\topmargin}{-1.14003pt}.

[21]

Package fancyhdr Warning: \headheight is too small (12.0pt): 
(fancyhdr)                Make it at least 13.14003pt, for example:
(fancyhdr)                \setlength{\headheight}{13.14003pt}.
(fancyhdr)                You might also make \topmargin smaller to compensate:

(fancyhdr)                \addtolength{\topmargin}{-1.14003pt}.

[22]

Package fancyhdr Warning: \headheight is too small (12.0pt): 
(fancyhdr)                Make it at least 13.14003pt, for example:
(fancyhdr)                \setlength{\headheight}{13.14003pt}.
(fancyhdr)                You might also make \topmargin smaller to compensate:

(fancyhdr)                \addtolength{\topmargin}{-1.14003pt}.

[23]

Package fancyhdr Warning: \headheight is too small (12.0pt): 
(fancyhdr)                Make it at least 13.14003pt, for example:
(fancyhdr)                \setlength{\headheight}{13.14003pt}.
(fancyhdr)                You might also make \topmargin smaller to compensate:

(fancyhdr)                \addtolength{\topmargin}{-1.14003pt}.

[24]

Package fancyhdr Warning: \headheight is too small (12.0pt): 
(fancyhdr)                Make it at least 13.14003pt, for example:
(fancyhdr)                \setlength{\headheight}{13.14003pt}.
(fancyhdr)                You might also make \topmargin smaller to compensate:

(fancyhdr)                \addtolength{\topmargin}{-1.14003pt}.

[25]
Overfull \hbox (7.64629pt too wide) in paragraph at lines 1880--1887
\T1/ptm/m/n/12 but also $\OT1/ztmcm/m/n/12 ((\OML/ztmcm/m/it/12 x[]x[]\OT1/ztmc
m/m/n/12 )\OML/ztmcm/m/it/12 x[]\OT1/ztmcm/m/n/12 )\OML/ztmcm/m/it/12 x[] \OT1/
ztmcm/m/n/12 = \OMS/ztmcm/m/n/12  \OT1/ztmcm/m/n/12 (\OML/ztmcm/m/it/12 x[]x[]\
OT1/ztmcm/m/n/12 )(\OML/ztmcm/m/it/12 x[]x[]\OT1/ztmcm/m/n/12 ) = \OML/ztmcm/m/
it/12 x[]\OT1/ztmcm/m/n/12 (\OML/ztmcm/m/it/12 x[]\OT1/ztmcm/m/n/12 (\OML/ztmcm
/m/it/12 x[]x[]\OT1/ztmcm/m/n/12 ))$\T1/ptm/m/n/12 , so that $\OML/ztmcm/m/it/1
2 x[]\OT1/ztmcm/m/n/12 (\OML/ztmcm/m/it/12 x[]\OT1/ztmcm/m/n/12 (\OML/ztmcm/m/i
t/12 x[]x[]\OT1/ztmcm/m/n/12 )) = \OMS/ztmcm/m/n/12  \OML/ztmcm/m/it/12 x[]\OT1
/ztmcm/m/n/12 (\OML/ztmcm/m/it/12 x[]\OT1/ztmcm/m/n/12 (\OML/ztmcm/m/it/12 x[]x
[]\OT1/ztmcm/m/n/12 ))$\T1/ptm/m/n/12 .
 []

Package hyperref Info: bookmark level for unknown problem defaults to 0 on inpu
t line 1920.

Package fancyhdr Warning: \headheight is too small (12.0pt): 
(fancyhdr)                Make it at least 13.14003pt, for example:
(fancyhdr)                \setlength{\headheight}{13.14003pt}.
(fancyhdr)                You might also make \topmargin smaller to compensate:

(fancyhdr)                \addtolength{\topmargin}{-1.14003pt}.

[26]

Package fancyhdr Warning: \headheight is too small (12.0pt): 
(fancyhdr)                Make it at least 13.14003pt, for example:
(fancyhdr)                \setlength{\headheight}{13.14003pt}.
(fancyhdr)                You might also make \topmargin smaller to compensate:

(fancyhdr)                \addtolength{\topmargin}{-1.14003pt}.

[27]

Package fancyhdr Warning: \headheight is too small (12.0pt): 
(fancyhdr)                Make it at least 13.14003pt, for example:
(fancyhdr)                \setlength{\headheight}{13.14003pt}.
(fancyhdr)                You might also make \topmargin smaller to compensate:

(fancyhdr)                \addtolength{\topmargin}{-1.14003pt}.

[28]
Package hyperref Info: bookmark level for unknown theorem defaults to 0 on inpu
t line 2036.

Overfull \hbox (3.98456pt too wide) in paragraph at lines 2036--2042
[][][]\T1/ptm/b/n/12 Theorem 12.2[] [][][]\T1/ptm/m/it/12 If $\U/eus/m/n/12 P$ 
\T1/ptm/m/it/12 ad-mits an in-homo-gen-ous Koszul present-a-tion then the ca-no
n-ical morph-
 []


Overfull \hbox (9.19684pt too wide) in paragraph at lines 2089--2090
[]\T1/ptm/m/n/12 (Algebraic geo-metry) Gromov--Witten in-vari-ants and mod-uli 
spaces of curves (quantum
 []


Package fancyhdr Warning: \headheight is too small (12.0pt): 
(fancyhdr)                Make it at least 13.14003pt, for example:
(fancyhdr)                \setlength{\headheight}{13.14003pt}.
(fancyhdr)                You might also make \topmargin smaller to compensate:

(fancyhdr)                \addtolength{\topmargin}{-1.14003pt}.

[29]

Package fancyhdr Warning: \headheight is too small (12.0pt): 
(fancyhdr)                Make it at least 13.14003pt, for example:
(fancyhdr)                \setlength{\headheight}{13.14003pt}.
(fancyhdr)                You might also make \topmargin smaller to compensate:

(fancyhdr)                \addtolength{\topmargin}{-1.14003pt}.

[30]

Package fancyhdr Warning: \headheight is too small (12.0pt): 
(fancyhdr)                Make it at least 13.14003pt, for example:
(fancyhdr)                \setlength{\headheight}{13.14003pt}.
(fancyhdr)                You might also make \topmargin smaller to compensate:

(fancyhdr)                \addtolength{\topmargin}{-1.14003pt}.

[31] (notes-matamzee.bbl)

Package fancyhdr Warning: \headheight is too small (12.0pt): 
(fancyhdr)                Make it at least 13.14003pt, for example:
(fancyhdr)                \setlength{\headheight}{13.14003pt}.
(fancyhdr)                You might also make \topmargin smaller to compensate:

(fancyhdr)                \addtolength{\topmargin}{-1.14003pt}.

[32] (notes-matamzee.aux)

 *File List*
 article.cls    2020/04/10 v1.4m Standard LaTeX document class
   fleqn.clo    2016/12/29 v1.2b Standard LaTeX option (flush left equations)
  size10.clo    2020/04/10 v1.4m Standard LaTeX file (size option)
geometry.sty    2020/01/02 v5.9 Page Geometry
  keyval.sty    2014/10/28 v1.15 key=value parser (DPC)
  ifvtex.sty    2019/10/25 v1.7 ifvtex legacy package. Use iftex instead.
   iftex.sty    2020/03/06 v1.0d TeX engine tests
geometry.cfg
scrextend.sty    2021/03/17 v3.33 KOMA-Script package (extend other classes wit
h features of KOMA-Script classes)
scrkbase.sty    2021/03/17 v3.33 KOMA-Script package (KOMA-Script-dependent bas
ics and keyval usage)
 scrbase.sty    2021/03/17 v3.33 KOMA-Script package (KOMA-Script-independent b
asics and keyval usage)
scrlfile.sty    2021/03/17 v3.33 KOMA-Script package (file load hooks)
scrlfile-hook.sty    2021/03/17 v3.33 KOMA-Script package (using LaTeX hooks)
 scrlogo.sty    2021/03/17 v3.33 KOMA-Script package (logo)
 nowidow.sty    
kvoptions.sty    2020-10-07 v3.14 Key value format for package options (HO)
 ltxcmds.sty    2020-05-10 v1.25 LaTeX kernel commands for general use (HO)
kvsetkeys.sty    2019/12/15 v1.18 Key value parser (HO)
changepage.sty    2009/10/20 v1.0c check page and change page layout
inputenc.sty    2020/08/01 v1.3d Input encoding file
   utf8x.def    2004/10/17 UCS: Input encoding UTF-8
     ucs.sty    2013/05/11 v2.2 UCS: Unicode input support
uni-global.def    2013/05/13 UCS: Unicode global data
   amscd.sty    2017/04/14 v2.1 AMS Commutative Diagrams
  amsgen.sty    1999/11/30 v2.0 generic functions
 amssymb.sty    2013/01/14 v3.01 AMS font symbols
amsfonts.sty    2013/01/14 v3.01 Basic AMSFonts support
 amsmath.sty    2020/09/23 v2.17i AMS math features
 amstext.sty    2000/06/29 v2.01 AMS text
  amsbsy.sty    1999/11/29 v1.2d Bold Symbols
  amsopn.sty    2016/03/08 v2.02 operator names
 amsrefs.sty    2013/03/07 v2.14
     url.sty    2013/09/16  ver 3.4  Verb mode for urls, etc.
pcatcode.sty    2002/04/16 v1.04
ifoption.sty    2002/03/04 v1.02
 rkeyval.sty    2004/05/05 v1.08
textcmds.sty    2012/08/02 v2.00
mathscinet.sty    2002/04/17 v1.05
mathptmx.sty    2020/03/25 PSNFSS-v9.3 Times w/ Math, improved (SPQR, WaS) 
 fontenc.sty
   t1ptm.fd    2001/06/04 font definitions for T1/ptm.
booktabs.sty    2020/01/12 v1.61803398 Publication quality tables
graphicx.sty    2020/09/09 v1.2b Enhanced LaTeX Graphics (DPC,SPQR)
graphics.sty    2020/08/30 v1.4c Standard LaTeX Graphics (DPC,SPQR)
    trig.sty    2016/01/03 v1.10 sin cos tan (DPC)
graphics.cfg    2016/06/04 v1.11 sample graphics configuration
  pdftex.def    2020/10/05 v1.2a Graphics/color driver for pdftex
   babel.sty    2021/05/16 3.59 The Babel package
 bblopts.cfg    2005/09/08 v0.1 add Arabic and Farsi to "declared" options of b
abel
 british.ldf    2017/06/06 v3.3r English support from the babel system
 caption.sty    2020/10/26 v3.5g Customizing captions (AR)
caption3.sty    2020/10/21 v2.2e caption3 kernel (AR)
mathdots.sty    2014/06/11 v0.9 Improve and add various macros for dots in math
.
mathtools.sty    2021/04/12 v1.27 mathematical typesetting tools
    calc.sty    2017/05/25 v4.3 Infix arithmetic (KKT,FJ)
 mhsetup.sty    2021/03/18 v1.4 programming setup (MH)
subfigure.sty    2002/07/30 v2.1.4 subfigure package
subfigure.cfg
 makeidx.sty    2014/09/29 v1.0m Standard LaTeX package
multicol.sty    2019/12/09 v1.8y multicolumn formatting (FMi)
   array.sty    2020/10/01 v2.5c Tabular extension package (FMi)
  cancel.sty    2013/04/12 v2.2 Cancel math terms
 polynom.sty    2017/07/17 0.19 (CH,HA)
      xy.sty    2013/10/06 Xy-pic version 3.8.9
   ifpdf.sty    2019/10/25 v3.4 ifpdf legacy package. Use iftex instead.
  xcolor.sty    2016/05/11 v2.12 LaTeX color extensions (UK)
   color.cfg    2016/01/02 v1.6 sample color configuration
 sidecap.sty    2003/06/06 v1.6f SideCap Package (RN/HjG)
  ifthen.sty    2014/09/29 v1.1c Standard LaTeX ifthen package (DPC)
exsheets.sty    2019/09/30 v0.21k Yet another package for the creation of exerc
ise sheets and exams.
   expl3.sty    2021-05-27 L3 programming layer (loader) 
l3backend-pdftex.def    2021-05-07 L3 backend support: PDF output (pdfTeX)
  xparse.sty    2021-01-09 L3 Experimental document command parser
xparse-2020-10-01.sty    
xtemplate.sty    2021-05-27 L3 Experimental prototype document functions
l3keys2e.sty    2021-05-27 LaTeX2e option processing using LaTeX3 keys
etoolbox.sty    2020/10/05 v2.5k e-TeX tools for LaTeX (JAW)
 environ.sty    2014/05/04 v0.3 A new way to define environments
trimspaces.sty    2009/09/17 v1.1 Trim spaces around a token list
 pgfcore.sty    2021/05/15 v3.1.9a (3.1.9a)
  pgfsys.sty    2021/05/15 v3.1.9a (3.1.9a)
  pgfrcs.sty    2021/05/15 v3.1.9a (3.1.9a)
pgfrcs.code.tex
pgfsys.code.tex
pgfsyssoftpath.code.tex    2021/05/15 v3.1.9a (3.1.9a)
pgfsysprotocol.code.tex    2021/05/15 v3.1.9a (3.1.9a)
pgfcore.code.tex
cntformats.sty    2014/07/20 v0.7 A different way to read counters. (CN)
cnltx-base.sty    2019/11/01 v0.15 LaTeX tools and documenting facilities (CN)
 pgfopts.sty    2014/07/10 v2.1a LaTeX package options with pgfkeys
 pgfkeys.sty    
pgfkeys.code.tex
pdftexcmds.sty    2020-06-27 v0.33 Utility functions of pdfTeX for LuaTeX (HO)
infwarerr.sty    2019/12/03 v1.5 Providing info/warning/error messages (HO)
exsheets_headings.def     2019/09/30 v0.21k ExSheets headings object
exsheets_headings.cfg     2019/09/30 v0.21k ExSheets headings instances 
   tasks.sty    2021/02/20 v1.3a lists with columns filled horizontally
   tasks.cfg
    ulem.sty    2019/11/18
translations.sty    2021/01/17 v1.10a internationalization of LaTeX2e packages 
(CN)
 wrapfig.sty    2003/01/31  v 3.6
  lipsum.sty    2021-03-03 v2.3 150 paragraphs of Lorem Ipsum dummy text
  lipsum.ltd
     pgf.sty    2021/05/15 v3.1.9a (3.1.9a)
pgfcomp-version-0-65.sty    2021/05/15 v3.1.9a (3.1.9a)
pgfcomp-version-1-18.sty    2021/05/15 v3.1.9a (3.1.9a)
    tikz.sty    2021/05/15 v3.1.9a (3.1.9a)
  pgffor.sty    2021/05/15 v3.1.9a (3.1.9a)
 pgfmath.sty    
pgfmath.code.tex
pgffor.code.tex
tikz.code.tex
 tikz-cd.sty    2021/05/04 v1.0 Commutative diagrams with TikZ
stackrel.sty    2016/05/16 v1.3 Adding subscript option to stackrel (HO)
etexcmds.sty    2019/12/15 v1.7 Avoid name clashes with e-TeX commands (HO)
enumitem.sty    2019/06/20 v3.9 Customized lists
stmaryrd.sty    1994/03/03 St Mary's Road symbol package
setspace.sty    2011/12/19 v6.7a set line spacing
mathalpha.sty    2019/10/05 - 1.13mathalpha (License LPPL) Michael Sharpe
 xkeyval.sty    2020/11/20 v2.8 package option processing (HA)
 xkeyval.tex    2014/12/03 v2.7a key=value parser (HA)
fancyhdr.sty    2021/01/28 v4.0.1 Extensive control of page headers and footers

hyperref.sty    2021-02-27 v7.00k Hypertext links for LaTeX
kvdefinekeys.sty    2019-12-19 v1.6 Define keys (HO)
pdfescape.sty    2019/12/09 v1.15 Implements pdfTeX's escape features (HO)
 hycolor.sty    2020-01-27 v1.10 Color options for hyperref/bookmark (HO)
letltxmacro.sty    2019/12/03 v1.6 Let assignment for LaTeX macros (HO)
 auxhook.sty    2019-12-17 v1.6 Hooks for auxiliary files (HO)
  pd1enc.def    2021-02-27 v7.00k Hyperref: PDFDocEncoding definition (HO)
hyperref-langpatches.def    2021-02-27 v7.00k Hyperref: patches for babel langu
ages
 intcalc.sty    2019/12/15 v1.3 Expandable calculations with integers (HO)
   puenc.def    2021-02-27 v7.00k Hyperref: PDF Unicode definition (HO)
  bitset.sty    2019/12/09 v1.3 Handle bit-vector datatype (HO)
bigintcalc.sty    2019/12/15 v1.5 Expandable calculations on big integers (HO)
atbegshi-ltx.sty    2020/08/17 v1.0a Emulation of the original atbegshi package

with kernel methods
 hpdftex.def    2021-02-27 v7.00k Hyperref driver for pdfTeX
atveryend-ltx.sty    2020/08/19 v1.0a Emulation of the original atvery package
with kernel methods
rerunfilecheck.sty    2019/12/05 v1.9 Rerun checks for auxiliary files (HO)
uniquecounter.sty    2019/12/15 v1.4 Provide unlimited unique counter (HO)
 sectsty.sty    2002/02/25 v2.0.2 Commands to change all sectional heading styl
es
  amsthm.sty    2020/05/29 v2.20.6
thmtools.sty    2020/08/01 v0.72
thm-patch.sty    2020/08/01 v0.72
parseargs.sty    2020/08/01 v0.72
  thm-kv.sty    2020/08/01 v0.72
thm-autoref.sty    2020/08/01 v0.72
aliasctr.sty    2020/08/01 v0.72
thm-listof.sty    2020/08/01 v0.72
thm-restate.sty    2020/08/01 v0.72
thm-amsthm.sty    2020/08/01 v0.72
   xargs.sty    2008/03/22 v1.1  extended macro definitions  (mpg)
todonotes.sty    2018/11/22
   float.sty    2001/11/08 v1.3d Float enhancements (AL)
titletoc.sty    2019/10/16 v2.13 TOC entries
 ucsencs.def    2011/01/21 Fixes to fontencodings LGR, T3
supp-pdf.mkii
epstopdf-base.sty    2020-01-24 v2.11 Base part for package epstopdf
epstopdf-sys.cfg    2021/03/18 v2.0 Configuration of epstopdf for MiKTeX
ot1ztmcm.fd    2000/01/03 Fontinst v1.801 font definitions for OT1/ztmcm.
omlztmcm.fd    2000/01/03 Fontinst v1.801 font definitions for OML/ztmcm.
omsztmcm.fd    2000/01/03 Fontinst v1.801 font definitions for OMS/ztmcm.
omxztmcm.fd    2000/01/03 Fontinst v1.801 font definitions for OMX/ztmcm.
  ot1ptm.fd    2001/06/04 font definitions for OT1/ptm.
  ustmry.fd
ragged2e.sty    2021/02/05 v3.0 ragged2e Package
everysel.sty    2021/01/20 v2.1 EverySelectfont Package (MS)
everysel-2011-10-28.sty
exsheets_configurations.cfg    
translations-basic-dictionary-english.trsl    (english translation file `transl
ations-basic-dictionary')
 nameref.sty    2021-04-02 v2.47 Cross-referencing by name of section
refcount.sty    2019/12/15 v3.6 Data extraction from label references (HO)
gettitlestring.sty    2019/12/15 v1.6 Cleanup title references (HO)
notes-matamzee.out
notes-matamzee.out
  uni-32.def    2013/05/13 UCS: Unicode data U+2000..U+20FF
  ts1ptm.fd    2001/06/04 font definitions for TS1/ptm.
notes-matamzee.bbl
 ***********


LaTeX Font Warning: Size substitutions with differences
(Font)              up to 0.4299pt have occurred.

Package rerunfilecheck Info: File `notes-matamzee.out' has not changed.
(rerunfilecheck)             Checksum: 7978D3917FB1280D779C064262547E41;9684.
 )
(\end occurred inside a group at level 1)

### semi simple group (level 1) entered at line 91 (\begingroup)
### bottom level 
Here is how much of TeX's memory you used:
 36912 strings out of 479076
 683435 string characters out of 2860427
 1200169 words of memory out of 3000000
 53527 multiletter control sequences out of 15000+600000
 492221 words of font info for 172 fonts, out of 8000000 for 9000
 1141 hyphenation exceptions out of 8191
 108i,15n,108p,3240b,10441s stack positions out of 5000i,500n,10000p,200000b,80000s
{C:/Program Files/MiKTeX 2.9/fonts/enc/dvips/base/8r.enc}<C:/Pr
ogram Files/MiKTeX 2.9/fonts/type1/public/amsfonts/cm/cmex10.pfb><C:/Program Fi
les/MiKTeX 2.9/fonts/type1/public/amsfonts/cm/cmmi10.pfb><C:/Program Files/MiKT
eX 2.9/fonts/type1/public/amsfonts/cm/cmr10.pfb><C:/Program Files/MiKTeX 2.9/fo
nts/type1/public/amsfonts/cm/cmss12.pfb><C:/Program Files/MiKTeX 2.9/fonts/type
1/public/amsfonts/cm/cmsy10.pfb><C:/Program Files/MiKTeX 2.9/fonts/type1/public
/amsfonts/euler/eusm10.pfb><C:/Program Files/MiKTeX 2.9/fonts/type1/public/amsf
onts/symbols/msam10.pfb><C:/Program Files/MiKTeX 2.9/fonts/type1/public/amsfont
s/symbols/msbm10.pfb><C:/Program Files/MiKTeX 2.9/fonts/type1/public/rsfs/rsfs1
0.pfb><C:/Program Files/MiKTeX 2.9/fonts/type1/public/hoekwater/stmary10.pfb><C
:/Program Files/MiKTeX 2.9/fonts/type1/urw/symbol/usyr.pfb><C:/Program Files/Mi
KTeX 2.9/fonts/type1/urw/symbol/usyr.pfb><C:/Program Files/MiKTeX 2.9/fonts/typ
e1/urw/times/utmb8a.pfb><C:/Program Files/MiKTeX 2.9/fonts/type1/urw/times/utmr
8a.pfb><C:/Program Files/MiKTeX 2.9/fonts/type1/urw/times/utmri8a.pfb>
Output written on notes-matamzee.pdf (32 pages, 296571 bytes).
PDF statistics:
 700 PDF objects out of 1000 (max. 8388607)
 221 named destinations out of 1000 (max. 500000)
 421 words of extra memory for PDF output out of 10000 (max. 10000000)

