This is pdfTeX, Version 3.141592653-2.6-1.40.23 (MiKTeX 21.7) (preloaded format=pdflatex 2021.11.17)  18 NOV 2021 17:36
entering extended mode
**./partial-notes-15-10.tex
(partial-notes-15-10.tex
LaTeX2e <2021-11-15>
L3 programming layer <2021-11-12>
(/Users/ptamarov/Library/Application Support/MiKTeX/texmfs/install/tex/latex/ba
se/article.cls
Document Class: article 2021/10/04 v1.4n Standard LaTeX document class

(/Users/ptamarov/Library/Application Support/MiKTeX/texmfs/install/tex/latex/ba
se/fleqn.clo
File: fleqn.clo 2016/12/29 v1.2b Standard LaTeX option (flush left equations)
\mathindent=\skip47
Applying: [2015/01/01] Make \[ robust on input line 50.
LaTeX Info: Redefining \[ on input line 51.
Already applied: [0000/00/00] Make \[ robust on input line 62.
Applying: [2015/01/01] Make \] robust on input line 74.
LaTeX Info: Redefining \] on input line 75.
Already applied: [0000/00/00] Make \] robust on input line 83.
)
(/Users/ptamarov/Library/Application Support/MiKTeX/texmfs/install/tex/latex/ba
se/size10.clo
File: size10.clo 2021/10/04 v1.4n Standard LaTeX file (size option)
)
\c@part=\count183
\c@section=\count184
\c@subsection=\count185
\c@subsubsection=\count186
\c@paragraph=\count187
\c@subparagraph=\count188
\c@figure=\count189
\c@table=\count190
\abovecaptionskip=\skip48
\belowcaptionskip=\skip49
\bibindent=\dimen138
)
(/Users/ptamarov/Library/Application Support/MiKTeX/texmfs/install/tex/latex/ge
ometry/geometry.sty
Package: geometry 2020/01/02 v5.9 Page Geometry

(/Users/ptamarov/Library/Application Support/MiKTeX/texmfs/install/tex/latex/gr
aphics/keyval.sty
Package: keyval 2014/10/28 v1.15 key=value parser (DPC)
\KV@toks@=\toks16
)
(/Users/ptamarov/Library/Application Support/MiKTeX/texmfs/install/tex/generic/
iftex/ifvtex.sty
Package: ifvtex 2019/10/25 v1.7 ifvtex legacy package. Use iftex instead.

(/Users/ptamarov/Library/Application Support/MiKTeX/texmfs/install/tex/generic/
iftex/iftex.sty
Package: iftex 2020/03/06 v1.0d TeX engine tests
))
\Gm@cnth=\count191
\Gm@cntv=\count192
\c@Gm@tempcnt=\count193
\Gm@bindingoffset=\dimen139
\Gm@wd@mp=\dimen140
\Gm@odd@mp=\dimen141
\Gm@even@mp=\dimen142
\Gm@layoutwidth=\dimen143
\Gm@layoutheight=\dimen144
\Gm@layouthoffset=\dimen145
\Gm@layoutvoffset=\dimen146
\Gm@dimlist=\toks17

(/Users/ptamarov/Library/Application Support/MiKTeX/texmfs/install/tex/latex/ge
ometry/geometry.cfg))
(/Users/ptamarov/Library/Application Support/MiKTeX/texmfs/install/tex/latex/ko
ma-script/scrextend.sty
Package: scrextend 2021/06/25 v3.34 KOMA-Script package (extend other classes w
ith features of KOMA-Script classes)

(/Users/ptamarov/Library/Application Support/MiKTeX/texmfs/install/tex/latex/ko
ma-script/scrkbase.sty
Package: scrkbase 2021/06/25 v3.34 KOMA-Script package (KOMA-Script-dependent b
asics and keyval usage)

(/Users/ptamarov/Library/Application Support/MiKTeX/texmfs/install/tex/latex/ko
ma-script/scrbase.sty
Package: scrbase 2021/06/25 v3.34 KOMA-Script package (KOMA-Script-independent 
basics and keyval usage)

(/Users/ptamarov/Library/Application Support/MiKTeX/texmfs/install/tex/latex/ko
ma-script/scrlfile.sty
Package: scrlfile 2021/06/25 v3.34 KOMA-Script package (file load hooks)

(/Users/ptamarov/Library/Application Support/MiKTeX/texmfs/install/tex/latex/ko
ma-script/scrlfile-hook.sty
Package: scrlfile-hook 2021/06/25 v3.34 KOMA-Script package (using LaTeX hooks)


(/Users/ptamarov/Library/Application Support/MiKTeX/texmfs/install/tex/latex/ko
ma-script/scrlogo.sty
Package: scrlogo 2021/06/25 v3.34 KOMA-Script package (logo)
)))
Applying: [2021/05/01] Usage of raw or classic option list on input line 252.
Already applied: [0000/00/00] Usage of raw or classic option list on input line
 368.


LaTeX hooks Warning: Generic hook 'file/after/polyglossia.sty' is deprecated.
(hooks)              Use hook 'file/polyglossia.sty/after' instead.

))

LaTeX hooks Warning: Generic hook 'file/before/footmisc.sty' is deprecated.
(hooks)              Use hook 'file/footmisc.sty/before' instead.


LaTeX hooks Warning: Generic hook 'file/before/setspace.sty' is deprecated.
(hooks)              Use hook 'file/setspace.sty/before' instead.


LaTeX hooks Warning: Generic hook 'file/after/setspace.sty' is deprecated.
(hooks)              Use hook 'file/setspace.sty/after' instead.

)
(/Library/Application Support/MiKTeX/texmfs/install/tex/latex/nowidow/nowidow.s
ty
Package: nowidow 2011/09/20 1.0 Easily prevent widows and orphans
Package: nowidow 

(/Users/ptamarov/Library/Application Support/MiKTeX/texmfs/install/tex/latex/kv
options/kvoptions.sty
Package: kvoptions 2020-10-07 v3.14 Key value format for package options (HO)

(/Users/ptamarov/Library/Application Support/MiKTeX/texmfs/install/tex/generic/
ltxcmds/ltxcmds.sty
Package: ltxcmds 2020-05-10 v1.25 LaTeX kernel commands for general use (HO)
)
(/Users/ptamarov/Library/Application Support/MiKTeX/texmfs/install/tex/generic/
kvsetkeys/kvsetkeys.sty
Package: kvsetkeys 2019/12/15 v1.18 Key value parser (HO)
)))
(/Users/ptamarov/Library/Application Support/MiKTeX/texmfs/install/tex/latex/ch
angepage/changepage.sty
Package: changepage 2009/10/20 v1.0c check page and change page layout
\c@cp@cntr=\count194
\cp@tempcnt=\count195
)
(/Users/ptamarov/Library/Application Support/MiKTeX/texmfs/install/tex/latex/ba
se/inputenc.sty
Package: inputenc 2021/02/14 v1.3d Input encoding file
\inpenc@prehook=\toks18
\inpenc@posthook=\toks19

(/Users/ptamarov/Library/Application Support/MiKTeX/texmfs/install/tex/latex/uc
s/utf8x.def
File: utf8x.def 2004/10/17 UCS: Input encoding UTF-8
))
(/Users/ptamarov/Library/Application Support/MiKTeX/texmfs/install/tex/latex/uc
s/ucs.sty
Package: ucs 2013/05/11 v2.2 UCS: Unicode input support

(/Users/ptamarov/Library/Application Support/MiKTeX/texmfs/install/tex/latex/uc
s/uni-global.def
File: uni-global.def 2013/05/13 UCS: Unicode global data
)
\uc@secondtry=\count196
\uc@combtoks=\toks20
\uc@combtoksb=\toks21
\uc@temptokena=\toks22
)
(/Users/ptamarov/Library/Application Support/MiKTeX/texmfs/install/tex/latex/am
smath/amscd.sty
Package: amscd 2017/04/14 v2.1 AMS Commutative Diagrams

(/Users/ptamarov/Library/Application Support/MiKTeX/texmfs/install/tex/latex/am
smath/amsgen.sty
File: amsgen.sty 1999/11/30 v2.0 generic functions
\@emptytoks=\toks23
\ex@=\dimen147
)
\athelp@=\toks24
\minaw@=\dimen148
\bigaw@=\dimen149
\minCDarrowwidth=\dimen150
)
(/Users/ptamarov/Library/Application Support/MiKTeX/texmfs/install/tex/latex/am
sfonts/amssymb.sty
Package: amssymb 2013/01/14 v3.01 AMS font symbols

(/Users/ptamarov/Library/Application Support/MiKTeX/texmfs/install/tex/latex/am
sfonts/amsfonts.sty
Package: amsfonts 2013/01/14 v3.01 Basic AMSFonts support
\symAMSa=\mathgroup4
\symAMSb=\mathgroup5
LaTeX Font Info:    Redeclaring math symbol \hbar on input line 98.
LaTeX Font Info:    Overwriting math alphabet `\mathfrak' in version `bold'
(Font)                  U/euf/m/n --> U/euf/b/n on input line 106.
))
(/Users/ptamarov/Library/Application Support/MiKTeX/texmfs/install/tex/latex/am
smath/amsmath.sty
Package: amsmath 2021/10/15 v2.17l AMS math features
\@mathmargin=\skip50

For additional information on amsmath, use the `?' option.

(/Users/ptamarov/Library/Application Support/MiKTeX/texmfs/install/tex/latex/am
smath/amstext.sty
Package: amstext 2021/08/26 v2.01 AMS text
)
(/Users/ptamarov/Library/Application Support/MiKTeX/texmfs/install/tex/latex/am
smath/amsbsy.sty
Package: amsbsy 1999/11/29 v1.2d Bold Symbols
\pmbraise@=\dimen151
)
(/Users/ptamarov/Library/Application Support/MiKTeX/texmfs/install/tex/latex/am
smath/amsopn.sty
Package: amsopn 2021/08/26 v2.02 operator names
)
\inf@bad=\count197
LaTeX Info: Redefining \frac on input line 234.
\uproot@=\count198
\leftroot@=\count199
LaTeX Info: Redefining \overline on input line 399.
\classnum@=\count266
\DOTSCASE@=\count267
LaTeX Info: Redefining \ldots on input line 496.
LaTeX Info: Redefining \dots on input line 499.
LaTeX Info: Redefining \cdots on input line 620.
\Mathstrutbox@=\box50
\strutbox@=\box51
\big@size=\dimen152
LaTeX Font Info:    Redeclaring font encoding OML on input line 743.
LaTeX Font Info:    Redeclaring font encoding OMS on input line 744.
\macc@depth=\count268
\c@MaxMatrixCols=\count269
\dotsspace@=\muskip16
\c@parentequation=\count270
\dspbrk@lvl=\count271
\tag@help=\toks25
\row@=\count272
\column@=\count273
\maxfields@=\count274
\andhelp@=\toks26
\eqnshift@=\dimen153
\alignsep@=\dimen154
\tagshift@=\dimen155
\tagwidth@=\dimen156
\totwidth@=\dimen157
\lineht@=\dimen158
\@envbody=\toks27
\multlinegap=\skip51
\multlinetaggap=\skip52
\mathdisplay@stack=\toks28
LaTeX Info: Redefining \[ on input line 2938.
LaTeX Info: Redefining \] on input line 2939.
)
(/Users/ptamarov/Library/Application Support/MiKTeX/texmfs/install/tex/latex/am
srefs/amsrefs.sty
Package: amsrefs 2013/03/07 v2.14

(/Users/ptamarov/Library/Application Support/MiKTeX/texmfs/install/tex/latex/ur
l/url.sty
\Urlmuskip=\muskip17
Package: url 2013/09/16  ver 3.4  Verb mode for urls, etc.
)
(/Users/ptamarov/Library/Application Support/MiKTeX/texmfs/install/tex/latex/am
srefs/pcatcode.sty
Package: pcatcode 2002/04/16 v1.04
)
(/Users/ptamarov/Library/Application Support/MiKTeX/texmfs/install/tex/latex/am
srefs/ifoption.sty
Package: ifoption 2002/03/04 v1.02
)
(/Users/ptamarov/Library/Application Support/MiKTeX/texmfs/install/tex/latex/am
srefs/rkeyval.sty
Package: rkeyval 2004/05/05 v1.08
\@temptokenb=\toks29
\rsk@toks=\toks30
)
(/Users/ptamarov/Library/Application Support/MiKTeX/texmfs/install/tex/latex/am
srefs/textcmds.sty
Package: textcmds 2012/08/02 v2.00
)
(/Users/ptamarov/Library/Application Support/MiKTeX/texmfs/install/tex/latex/am
srefs/mathscinet.sty
Package: mathscinet 2002/04/17 v1.05
)
\c@bib=\count275
\@maxlabelwidth=\dimen159
\c@bib@env=\count276
\bib@dbfile=\read2
\alpha@suffix=\count277
\series@index=\count278
)
(/Library/Application Support/MiKTeX/texmfs/install/tex/latex/psnfss/mathptmx.s
ty
Package: mathptmx 2020/03/25 PSNFSS-v9.3 Times w/ Math, improved (SPQR, WaS) 
LaTeX Font Info:    Redeclaring symbol font `operators' on input line 28.
LaTeX Font Info:    Overwriting symbol font `operators' in version `normal'
(Font)                  OT1/cmr/m/n --> OT1/ztmcm/m/n on input line 28.
LaTeX Font Info:    Overwriting symbol font `operators' in version `bold'
(Font)                  OT1/cmr/bx/n --> OT1/ztmcm/m/n on input line 28.
LaTeX Font Info:    Redeclaring symbol font `letters' on input line 29.
LaTeX Font Info:    Overwriting symbol font `letters' in version `normal'
(Font)                  OML/cmm/m/it --> OML/ztmcm/m/it on input line 29.
LaTeX Font Info:    Overwriting symbol font `letters' in version `bold'
(Font)                  OML/cmm/b/it --> OML/ztmcm/m/it on input line 29.
LaTeX Font Info:    Redeclaring symbol font `symbols' on input line 30.
LaTeX Font Info:    Overwriting symbol font `symbols' in version `normal'
(Font)                  OMS/cmsy/m/n --> OMS/ztmcm/m/n on input line 30.
LaTeX Font Info:    Overwriting symbol font `symbols' in version `bold'
(Font)                  OMS/cmsy/b/n --> OMS/ztmcm/m/n on input line 30.
LaTeX Font Info:    Redeclaring symbol font `largesymbols' on input line 31.
LaTeX Font Info:    Overwriting symbol font `largesymbols' in version `normal'
(Font)                  OMX/cmex/m/n --> OMX/ztmcm/m/n on input line 31.
LaTeX Font Info:    Overwriting symbol font `largesymbols' in version `bold'
(Font)                  OMX/cmex/m/n --> OMX/ztmcm/m/n on input line 31.
\symbold=\mathgroup6
\symitalic=\mathgroup7
LaTeX Font Info:    Redeclaring math alphabet \mathbf on input line 34.
LaTeX Font Info:    Overwriting math alphabet `\mathbf' in version `normal'
(Font)                  OT1/cmr/bx/n --> OT1/ptm/bx/n on input line 34.
LaTeX Font Info:    Overwriting math alphabet `\mathbf' in version `bold'
(Font)                  OT1/cmr/bx/n --> OT1/ptm/bx/n on input line 34.
LaTeX Font Info:    Redeclaring math alphabet \mathit on input line 35.
LaTeX Font Info:    Overwriting math alphabet `\mathit' in version `normal'
(Font)                  OT1/cmr/m/it --> OT1/ptm/m/it on input line 35.
LaTeX Font Info:    Overwriting math alphabet `\mathit' in version `bold'
(Font)                  OT1/cmr/bx/it --> OT1/ptm/m/it on input line 35.
LaTeX Info: Redefining \hbar on input line 50.
)
(/Users/ptamarov/Library/Application Support/MiKTeX/texmfs/install/tex/latex/ba
se/fontenc.sty
Package: fontenc 2021/04/29 v2.0v Standard LaTeX package
LaTeX Font Info:    Trying to load font information for T1+ptm on input line 11
2.

(/Library/Application Support/MiKTeX/texmfs/install/tex/latex/psnfss/t1ptm.fd
File: t1ptm.fd 2001/06/04 font definitions for T1/ptm.
))
(/Library/Application Support/MiKTeX/texmfs/install/tex/latex/booktabs/booktabs
.sty
Package: booktabs 2020/01/12 v1.61803398 Publication quality tables
\heavyrulewidth=\dimen160
\lightrulewidth=\dimen161
\cmidrulewidth=\dimen162
\belowrulesep=\dimen163
\belowbottomsep=\dimen164
\aboverulesep=\dimen165
\abovetopsep=\dimen166
\cmidrulesep=\dimen167
\cmidrulekern=\dimen168
\defaultaddspace=\dimen169
\@cmidla=\count279
\@cmidlb=\count280
\@aboverulesep=\dimen170
\@belowrulesep=\dimen171
\@thisruleclass=\count281
\@lastruleclass=\count282
\@thisrulewidth=\dimen172
)
(/Users/ptamarov/Library/Application Support/MiKTeX/texmfs/install/tex/latex/gr
aphics/graphicx.sty
Package: graphicx 2021/09/16 v1.2d Enhanced LaTeX Graphics (DPC,SPQR)

(/Users/ptamarov/Library/Application Support/MiKTeX/texmfs/install/tex/latex/gr
aphics/graphics.sty
Package: graphics 2021/03/04 v1.4d Standard LaTeX Graphics (DPC,SPQR)

(/Users/ptamarov/Library/Application Support/MiKTeX/texmfs/install/tex/latex/gr
aphics/trig.sty
Package: trig 2021/08/11 v1.11 sin cos tan (DPC)
)
(/Users/ptamarov/Library/Application Support/MiKTeX/texmfs/install/tex/latex/gr
aphics-cfg/graphics.cfg
File: graphics.cfg 2016/06/04 v1.11 sample graphics configuration
)
Package graphics Info: Driver file: pdftex.def on input line 107.

(/Users/ptamarov/Library/Application Support/MiKTeX/texmfs/install/tex/latex/gr
aphics-def/pdftex.def
File: pdftex.def 2020/10/05 v1.2a Graphics/color driver for pdftex
))
\Gin@req@height=\dimen173
\Gin@req@width=\dimen174
)
(/Users/ptamarov/Library/Application Support/MiKTeX/texmfs/install/tex/generic/
babel/babel.sty
Package: babel 2021/11/08 3.66 The Babel package
\babel@savecnt=\count283
\U@D=\dimen175
\l@unhyphenated=\language1

(/Users/ptamarov/Library/Application Support/MiKTeX/texmfs/install/tex/generic/
babel/txtbabel.def)
\bbl@readstream=\read3
\bbl@dirlevel=\count284

*************************************
* Local config file bblopts.cfg used
*

(/Users/ptamarov/Library/Application Support/MiKTeX/texmfs/install/tex/latex/ar
abi/bblopts.cfg
File: bblopts.cfg 2005/09/08 v0.1 add Arabic and Farsi to "declared" options of
 babel
)
(/Users/ptamarov/Library/Application Support/MiKTeX/texmfs/install/tex/latex/ba
bel-english/british.ldf
Language: british 2017/06/06 v3.3r English support from the babel system

(/Users/ptamarov/Library/Application Support/MiKTeX/texmfs/install/tex/latex/ba
bel-english/english.ldf
Language: english 2017/06/06 v3.3r English support from the babel system
)))
(/Users/ptamarov/Library/Application Support/MiKTeX/texmfs/install/tex/latex/ca
ption/caption.sty
Package: caption 2020/10/26 v3.5g Customizing captions (AR)

(/Users/ptamarov/Library/Application Support/MiKTeX/texmfs/install/tex/latex/ca
ption/caption3.sty
Package: caption3 2020/10/21 v2.2e caption3 kernel (AR)
\captionmargin=\dimen176
\captionmargin@=\dimen177
\captionwidth=\dimen178
\caption@tempdima=\dimen179
\caption@indent=\dimen180
\caption@parindent=\dimen181
\caption@hangindent=\dimen182
Package caption Info: Standard document class detected.
)
\c@caption@flags=\count285
\c@continuedfloat=\count286
Package caption Info: changepage package is loaded.
\caption@adjustwidth@hsize=\dimen183
\caption@adjustwidth@linewidth=\dimen184
)
(/Users/ptamarov/Library/Application Support/MiKTeX/texmfs/install/tex/generic/
mathdots/mathdots.sty
Package: mathdots 2014/06/11 v0.9 Improve and add various macros for dots in ma
th.
\MDo@unit=\dimen185
\MDo@dotsbox=\box52
\MDoprekern=\muskip18
\MDopostkern=\muskip19
\MDodotkern=\muskip20
)
(/Users/ptamarov/Library/Application Support/MiKTeX/texmfs/install/tex/latex/ma
thtools/mathtools.sty
Package: mathtools 2021/04/12 v1.27 mathematical typesetting tools

(/Users/ptamarov/Library/Application Support/MiKTeX/texmfs/install/tex/latex/to
ols/calc.sty
Package: calc 2017/05/25 v4.3 Infix arithmetic (KKT,FJ)
\calc@Acount=\count287
\calc@Bcount=\count288
\calc@Adimen=\dimen186
\calc@Bdimen=\dimen187
\calc@Askip=\skip53
\calc@Bskip=\skip54
LaTeX Info: Redefining \setlength on input line 80.
LaTeX Info: Redefining \addtolength on input line 81.
\calc@Ccount=\count289
\calc@Cskip=\skip55
)
(/Users/ptamarov/Library/Application Support/MiKTeX/texmfs/install/tex/latex/ma
thtools/mhsetup.sty
Package: mhsetup 2021/03/18 v1.4 programming setup (MH)
)
LaTeX Info: Thecontrolsequence`\('isalreadyrobust on input line 130.
LaTeX Info: Thecontrolsequence`\)'isalreadyrobust on input line 130.
LaTeX Info: Thecontrolsequence`\['isalreadyrobust on input line 130.
LaTeX Info: Thecontrolsequence`\]'isalreadyrobust on input line 130.
\g_MT_multlinerow_int=\count290
\l_MT_multwidth_dim=\dimen188
\origjot=\skip56
\l_MT_shortvdotswithinadjustabove_dim=\dimen189
\l_MT_shortvdotswithinadjustbelow_dim=\dimen190
\l_MT_above_intertext_sep=\dimen191
\l_MT_below_intertext_sep=\dimen192
\l_MT_above_shortintertext_sep=\dimen193
\l_MT_below_shortintertext_sep=\dimen194
\xmathstrut@box=\box53
\xmathstrut@dim=\dimen195
)
(/Users/ptamarov/Library/Application Support/MiKTeX/texmfs/install/tex/latex/su
bfigure/subfigure.sty
Package: subfigure 2002/07/30 v2.1.4 subfigure package
\subfigtopskip=\skip57
\subfigcapskip=\skip58
\subfigcaptopadj=\dimen196
\subfigbottomskip=\skip59
\subfigcapmargin=\dimen197
\subfiglabelskip=\skip60
\c@subfigure=\count291
\c@lofdepth=\count292
\c@subtable=\count293
\c@lotdepth=\count294

****************************************
* Local config file subfigure.cfg used *
****************************************

(/Users/ptamarov/Library/Application Support/MiKTeX/texmfs/install/tex/latex/su
bfigure/subfigure.cfg)
\subfig@top=\skip61
\subfig@bottom=\skip62
)
(/Users/ptamarov/Library/Application Support/MiKTeX/texmfs/install/tex/latex/ba
se/makeidx.sty
Package: makeidx 2021/10/04 v1.0m Standard LaTeX package
)
(/Users/ptamarov/Library/Application Support/MiKTeX/texmfs/install/tex/latex/to
ols/multicol.sty
Package: multicol 2021/10/28 v1.9b multicolumn formatting (FMi)
\c@tracingmulticols=\count295
\mult@box=\box54
\multicol@leftmargin=\dimen198
\c@unbalance=\count296
\c@collectmore=\count297
\doublecol@number=\count298
\multicoltolerance=\count299
\multicolpretolerance=\count300
\full@width=\dimen199
\page@free=\dimen256
\premulticols=\dimen257
\postmulticols=\dimen258
\multicolsep=\skip63
\multicolbaselineskip=\skip64
\partial@page=\box55
\last@line=\box56
\maxbalancingoverflow=\dimen259
\mult@rightbox=\box57
\mult@grightbox=\box58
\mult@firstbox=\box59
\mult@gfirstbox=\box60
\@tempa=\box61
\@tempa=\box62
\@tempa=\box63
\@tempa=\box64
\@tempa=\box65
\@tempa=\box66
\@tempa=\box67
\@tempa=\box68
\@tempa=\box69
\@tempa=\box70
\@tempa=\box71
\@tempa=\box72
\@tempa=\box73
\@tempa=\box74
\@tempa=\box75
\@tempa=\box76
\@tempa=\box77
\@tempa=\box78
\@tempa=\box79
\@tempa=\box80
\@tempa=\box81
\@tempa=\box82
\@tempa=\box83
\@tempa=\box84
\@tempa=\box85
\@tempa=\box86
\@tempa=\box87
\@tempa=\box88
\@tempa=\box89
\@tempa=\box90
\@tempa=\box91
\@tempa=\box92
\@tempa=\box93
\@tempa=\box94
\@tempa=\box95
\@tempa=\box96
\c@minrows=\count301
\c@columnbadness=\count302
\c@finalcolumnbadness=\count303
\last@try=\dimen260
\multicolovershoot=\dimen261
\multicolundershoot=\dimen262
\mult@nat@firstbox=\box97
\colbreak@box=\box98
\mc@col@check@num=\count304
)
(/Users/ptamarov/Library/Application Support/MiKTeX/texmfs/install/tex/latex/to
ols/array.sty
Package: array 2021/10/04 v2.5f Tabular extension package (FMi)
\col@sep=\dimen263
\ar@mcellbox=\box99
\extrarowheight=\dimen264
\NC@list=\toks31
\extratabsurround=\skip65
\backup@length=\skip66
\ar@cellbox=\box100
)
(/Library/Application Support/MiKTeX/texmfs/install/tex/latex/cancel/cancel.sty
Package: cancel 2013/04/12 v2.2 Cancel math terms
)
(/Users/ptamarov/Library/Application Support/MiKTeX/texmfs/install/tex/latex/po
lynom/polynom.sty
Package: polynom 2017/07/17 0.19 (CH,HA)
\pld@currstage=\count305
)
(/Library/Application Support/MiKTeX/texmfs/install/tex/generic/xypic/xy.sty
(/Library/Application Support/MiKTeX/texmfs/install/tex/generic/xypic/xy.tex
Bootstrap'ing: catcodes, docmode,
(/Library/Application Support/MiKTeX/texmfs/install/tex/generic/xypic/xyrecat.t
ex)
(/Library/Application Support/MiKTeX/texmfs/install/tex/generic/xypic/xyidioms.
tex)

 Xy-pic version 3.8.9 <2013/10/06>
 Copyright (c) 1991-2013 by Kristoffer H. Rose <krisrose@tug.org> and others
 Xy-pic is free software: see the User's Guide for details.

Loading kernel: messages; fonts; allocations: state,
\X@c=\dimen265
\Y@c=\dimen266
\U@c=\dimen267
\D@c=\dimen268
\L@c=\dimen269
\R@c=\dimen270
\Edge@c=\toks32
\X@p=\dimen271
\Y@p=\dimen272
\U@p=\dimen273
\D@p=\dimen274
\L@p=\dimen275
\R@p=\dimen276
\Edge@p=\toks33
\X@origin=\dimen277
\Y@origin=\dimen278
\X@xbase=\dimen279
\Y@xbase=\dimen280
\X@ybase=\dimen281
\Y@ybase=\dimen282
\X@min=\dimen283
\Y@min=\dimen284
\X@max=\dimen285
\Y@max=\dimen286
\lastobjectbox@=\box101
\zerodotbox@=\box102
\almostz@=\dimen287
 direction,
\d@X=\dimen288
\d@Y=\dimen289
\K@=\count306
\KK@=\count307
\Direction=\count308
\K@dXdY=\dimen290
\K@dYdX=\dimen291
\xyread@=\read4
\xywrite@=\write3
\csp@=\count309
\quotPTK@=\dimen292

utility macros; pictures: \xy, positions,
\swaptoks@@=\toks34
\connectobjectbox@@=\box103
 objects,
\styletoks@=\toks35
 decorations;
kernel objects: directionals, circles,

Xy-pic Warning: `\cir' redefined.

text; options; algorithms: directions, edges, connections;  Xy-pic loaded)
(/Users/ptamarov/Library/Application Support/MiKTeX/texmfs/install/tex/generic/
iftex/ifpdf.sty
Package: ifpdf 2019/10/25 v3.4 ifpdf legacy package. Use iftex instead.
)
Package: xy 2013/10/06 Xy-pic version 3.8.9

(/Library/Application Support/MiKTeX/texmfs/install/tex/generic/xypic/xypdf.tex
 Xy-pic option: PDF driver v.1.7 loaded)
(/Library/Application Support/MiKTeX/texmfs/install/tex/generic/xypic/xyall.tex
 Xy-pic option: All features v.3.8
(/Library/Application Support/MiKTeX/texmfs/install/tex/generic/xypic/xycurve.t
ex  Xy-pic option: Curve and Spline extension v.3.12 curve,
\crv@cnt@=\count310
\crvpts@=\toks36
\splinebox@=\box104
\splineval@=\dimen293
\splinedepth@=\dimen294
\splinetol@=\dimen295
\splinelength@=\dimen296
 circles,
\L@=\dimen297
 loaded)
Xy-pic pdf driver: `curve' extension support
(/Library/Application Support/MiKTeX/texmfs/install/tex/generic/xypic/xypdf-cu.
tex loaded)
(/Library/Application Support/MiKTeX/texmfs/install/tex/generic/xypic/xyframe.t
ex  Xy-pic option: Frame and Bracket extension v.3.14 loaded)
Xy-pic pdf driver: `frame' extension support
(/Library/Application Support/MiKTeX/texmfs/install/tex/generic/xypic/xypdf-fr.
tex loaded)
(/Library/Application Support/MiKTeX/texmfs/install/tex/generic/xypic/xycmtip.t
ex  Xy-pic option: Computer Modern tip extension v.3.7
(/Library/Application Support/MiKTeX/texmfs/install/tex/generic/xypic/xytips.te
x  Xy-pic option: More Tips extension v.3.11 loaded) loaded)
(/Library/Application Support/MiKTeX/texmfs/install/tex/generic/xypic/xyline.te
x  Xy-pic option: Line styles extension v.3.10
\xylinethick@=\dimen298
 loaded)
Xy-pic pdf driver: `line' extension support
(/Library/Application Support/MiKTeX/texmfs/install/tex/generic/xypic/xypdf-li.
tex loaded)
(/Library/Application Support/MiKTeX/texmfs/install/tex/generic/xypic/xyrotate.
tex  Xy-pic option: Rotate and Scale extension v.3.8 loaded)
Xy-pic pdf driver: `rotate' extension support
(/Library/Application Support/MiKTeX/texmfs/install/tex/generic/xypic/xypdf-ro.
tex loaded)
(/Library/Application Support/MiKTeX/texmfs/install/tex/generic/xypic/xycolor.t
ex  Xy-pic option: Colour extension v.3.11 loaded)
Xy-pic pdf driver: `color' extension support
(/Library/Application Support/MiKTeX/texmfs/install/tex/generic/xypic/xypdf-co.
tex loaded)
(/Library/Application Support/MiKTeX/texmfs/install/tex/generic/xypic/xymatrix.
tex  Xy-pic option: Matrix feature v.3.14
\Row=\count311
\Col=\count312
\queue@=\toks37
\queue@@=\toks38
\qcount@=\count313
\qcount@@=\count314
\matrixsize@=\count315
 loaded)
(/Library/Application Support/MiKTeX/texmfs/install/tex/generic/xypic/xyarrow.t
ex  Xy-pic option: Arrow and Path feature v.3.9 path, \ar, loaded)
(/Library/Application Support/MiKTeX/texmfs/install/tex/generic/xypic/xygraph.t
ex  Xy-pic option: Graph feature v.3.11 loaded) loaded))
(/Library/Application Support/MiKTeX/texmfs/install/tex/generic/xypic/xyline.te
x  Xy-pic option: Line styles extension v.3.10 not reloaded)
Xy-pic pdf driver: `line' extension support not reloaded
(/Users/ptamarov/Library/Application Support/MiKTeX/texmfs/install/tex/latex/xc
olor/xcolor.sty
Package: xcolor 2021/10/31 v2.13 LaTeX color extensions (UK)

(/Users/ptamarov/Library/Application Support/MiKTeX/texmfs/install/tex/latex/gr
aphics-cfg/color.cfg
File: color.cfg 2016/01/02 v1.6 sample color configuration
)
Package xcolor Info: Driver file: pdftex.def on input line 227.
Package xcolor Info: Model `cmy' substituted by `cmy0' on input line 1352.
Package xcolor Info: Model `hsb' substituted by `rgb' on input line 1356.
Package xcolor Info: Model `RGB' extended on input line 1368.
Package xcolor Info: Model `HTML' substituted by `rgb' on input line 1370.
Package xcolor Info: Model `Hsb' substituted by `hsb' on input line 1371.
Package xcolor Info: Model `tHsb' substituted by `hsb' on input line 1372.
Package xcolor Info: Model `HSB' substituted by `hsb' on input line 1373.
Package xcolor Info: Model `Gray' substituted by `gray' on input line 1374.
Package xcolor Info: Model `wave' substituted by `hsb' on input line 1375.
)
(/Users/ptamarov/Library/Application Support/MiKTeX/texmfs/install/tex/latex/si
decap/sidecap.sty
Package: sidecap 2003/06/06 v1.6f SideCap Package (RN/HjG)

(/Users/ptamarov/Library/Application Support/MiKTeX/texmfs/install/tex/latex/ba
se/ifthen.sty
Package: ifthen 2020/11/24 v1.1c Standard LaTeX ifthen package (DPC)
)
\SC@BOXWD=\dimen299
\SC@CAPWD=\dimen300
\SC@tempdima=\dimen301
\SC@tempdimb=\dimen302
\c@SC@C=\count316
\SC@BOX=\box105
)
(/Users/ptamarov/Library/Application Support/MiKTeX/texmfs/install/tex/latex/ex
sheets/exsheets.sty
(/Users/ptamarov/Library/Application Support/MiKTeX/texmfs/install/tex/latex/l3
kernel/expl3.sty
Package: expl3 2021-11-12 L3 programming layer (loader) 

(/Users/ptamarov/Library/Application Support/MiKTeX/texmfs/install/tex/latex/l3
backend/l3backend-pdftex.def
File: l3backend-pdftex.def 2021-10-18 L3 backend support: PDF output (pdfTeX)
\l__color_backend_stack_int=\count317
\l__pdf_internal_box=\box106
))
(/Users/ptamarov/Library/Application Support/MiKTeX/texmfs/install/tex/latex/l3
packages/xparse/xparse.sty
Package: xparse 2021-11-12 L3 Experimental document command parser
)
Package: exsheets 2019/09/30 v0.21k Yet another package for the creation of exe
rcise sheets and exams.
\l__exsheets_tmpa_int=\count318
\l__exsheets_tmpb_int=\count319
\l__exsheets_tmpc_int=\count320
\l__exsheets_tmpd_int=\count321
\l__exsheets_tmpe_int=\count322
\g__exsheets_tmpa_int=\count323
\l__exsheets_tmpa_dim=\dimen303
\l__exsheets_tmpb_dim=\dimen304

(/Users/ptamarov/Library/Application Support/MiKTeX/texmfs/install/tex/latex/l3
packages/xtemplate/xtemplate.sty
Package: xtemplate 2021-11-12 L3 Experimental prototype document functions
\l__xtemplate_tmp_dim=\dimen305
\l__xtemplate_tmp_int=\count324
\l__xtemplate_tmp_muskip=\muskip21
\l__xtemplate_tmp_skip=\skip67
)
(/Users/ptamarov/Library/Application Support/MiKTeX/texmfs/install/tex/latex/l3
packages/l3keys2e/l3keys2e.sty
Package: l3keys2e 2021-11-12 LaTeX2e option processing using LaTeX3 keys
)
(/Users/ptamarov/Library/Application Support/MiKTeX/texmfs/install/tex/latex/et
oolbox/etoolbox.sty
Package: etoolbox 2020/10/05 v2.5k e-TeX tools for LaTeX (JAW)
\etb@tempcnta=\count325
)
(/Users/ptamarov/Library/Application Support/MiKTeX/texmfs/install/tex/latex/en
viron/environ.sty
Package: environ 2014/05/04 v0.3 A new way to define environments

(/Users/ptamarov/Library/Application Support/MiKTeX/texmfs/install/tex/latex/tr
imspaces/trimspaces.sty
Package: trimspaces 2009/09/17 v1.1 Trim spaces around a token list
))
(/Users/ptamarov/Library/Application Support/MiKTeX/texmfs/install/tex/latex/pg
f/basiclayer/pgfcore.sty
(/Users/ptamarov/Library/Application Support/MiKTeX/texmfs/install/tex/latex/pg
f/systemlayer/pgfsys.sty
(/Users/ptamarov/Library/Application Support/MiKTeX/texmfs/install/tex/latex/pg
f/utilities/pgfrcs.sty
(/Users/ptamarov/Library/Application Support/MiKTeX/texmfs/install/tex/generic/
pgf/utilities/pgfutil-common.tex
\pgfutil@everybye=\toks39
\pgfutil@tempdima=\dimen306
\pgfutil@tempdimb=\dimen307

(/Users/ptamarov/Library/Application Support/MiKTeX/texmfs/install/tex/generic/
pgf/utilities/pgfutil-common-lists.tex))
(/Users/ptamarov/Library/Application Support/MiKTeX/texmfs/install/tex/generic/
pgf/utilities/pgfutil-latex.def
\pgfutil@abb=\box107
)
(/Users/ptamarov/Library/Application Support/MiKTeX/texmfs/install/tex/generic/
pgf/utilities/pgfrcs.code.tex
(/Users/ptamarov/Library/Application Support/MiKTeX/texmfs/install/tex/generic/
pgf/pgf.revision.tex)
Package: pgfrcs 2021/05/15 v3.1.9a (3.1.9a)
))
(/Users/ptamarov/Library/Application Support/MiKTeX/texmfs/install/tex/generic/
pgf/systemlayer/pgfsys.code.tex
Package: pgfsys 2021/05/15 v3.1.9a (3.1.9a)

(/Users/ptamarov/Library/Application Support/MiKTeX/texmfs/install/tex/generic/
pgf/utilities/pgfkeys.code.tex
\pgfkeys@pathtoks=\toks40
\pgfkeys@temptoks=\toks41

(/Users/ptamarov/Library/Application Support/MiKTeX/texmfs/install/tex/generic/
pgf/utilities/pgfkeysfiltered.code.tex
\pgfkeys@tmptoks=\toks42
))
\pgf@x=\dimen308
\pgf@y=\dimen309
\pgf@xa=\dimen310
\pgf@ya=\dimen311
\pgf@xb=\dimen312
\pgf@yb=\dimen313
\pgf@xc=\dimen314
\pgf@yc=\dimen315
\pgf@xd=\dimen316
\pgf@yd=\dimen317
\w@pgf@writea=\write4
\r@pgf@reada=\read5
\c@pgf@counta=\count326
\c@pgf@countb=\count327
\c@pgf@countc=\count328
\c@pgf@countd=\count329
\t@pgf@toka=\toks43
\t@pgf@tokb=\toks44
\t@pgf@tokc=\toks45
\pgf@sys@id@count=\count330

(/Users/ptamarov/Library/Application Support/MiKTeX/texmfs/install/tex/generic/
pgf/systemlayer/pgf.cfg
File: pgf.cfg 2021/05/15 v3.1.9a (3.1.9a)
)
Driver file for pgf: pgfsys-pdftex.def

(/Users/ptamarov/Library/Application Support/MiKTeX/texmfs/install/tex/generic/
pgf/systemlayer/pgfsys-pdftex.def
File: pgfsys-pdftex.def 2021/05/15 v3.1.9a (3.1.9a)

(/Users/ptamarov/Library/Application Support/MiKTeX/texmfs/install/tex/generic/
pgf/systemlayer/pgfsys-common-pdf.def
File: pgfsys-common-pdf.def 2021/05/15 v3.1.9a (3.1.9a)
)))
(/Users/ptamarov/Library/Application Support/MiKTeX/texmfs/install/tex/generic/
pgf/systemlayer/pgfsyssoftpath.code.tex
File: pgfsyssoftpath.code.tex 2021/05/15 v3.1.9a (3.1.9a)
\pgfsyssoftpath@smallbuffer@items=\count331
\pgfsyssoftpath@bigbuffer@items=\count332
)
(/Users/ptamarov/Library/Application Support/MiKTeX/texmfs/install/tex/generic/
pgf/systemlayer/pgfsysprotocol.code.tex
File: pgfsysprotocol.code.tex 2021/05/15 v3.1.9a (3.1.9a)
))
(/Users/ptamarov/Library/Application Support/MiKTeX/texmfs/install/tex/generic/
pgf/basiclayer/pgfcore.code.tex
Package: pgfcore 2021/05/15 v3.1.9a (3.1.9a)

(/Users/ptamarov/Library/Application Support/MiKTeX/texmfs/install/tex/generic/
pgf/math/pgfmath.code.tex
(/Users/ptamarov/Library/Application Support/MiKTeX/texmfs/install/tex/generic/
pgf/math/pgfmathcalc.code.tex
(/Users/ptamarov/Library/Application Support/MiKTeX/texmfs/install/tex/generic/
pgf/math/pgfmathutil.code.tex)
(/Users/ptamarov/Library/Application Support/MiKTeX/texmfs/install/tex/generic/
pgf/math/pgfmathparser.code.tex
\pgfmath@dimen=\dimen318
\pgfmath@count=\count333
\pgfmath@box=\box108
\pgfmath@toks=\toks46
\pgfmath@stack@operand=\toks47
\pgfmath@stack@operation=\toks48
)
(/Users/ptamarov/Library/Application Support/MiKTeX/texmfs/install/tex/generic/
pgf/math/pgfmathfunctions.code.tex
(/Users/ptamarov/Library/Application Support/MiKTeX/texmfs/install/tex/generic/
pgf/math/pgfmathfunctions.basic.code.tex)
(/Users/ptamarov/Library/Application Support/MiKTeX/texmfs/install/tex/generic/
pgf/math/pgfmathfunctions.trigonometric.code.tex)
(/Users/ptamarov/Library/Application Support/MiKTeX/texmfs/install/tex/generic/
pgf/math/pgfmathfunctions.random.code.tex)
(/Users/ptamarov/Library/Application Support/MiKTeX/texmfs/install/tex/generic/
pgf/math/pgfmathfunctions.comparison.code.tex)
(/Users/ptamarov/Library/Application Support/MiKTeX/texmfs/install/tex/generic/
pgf/math/pgfmathfunctions.base.code.tex)
(/Users/ptamarov/Library/Application Support/MiKTeX/texmfs/install/tex/generic/
pgf/math/pgfmathfunctions.round.code.tex)
(/Users/ptamarov/Library/Application Support/MiKTeX/texmfs/install/tex/generic/
pgf/math/pgfmathfunctions.misc.code.tex)
(/Users/ptamarov/Library/Application Support/MiKTeX/texmfs/install/tex/generic/
pgf/math/pgfmathfunctions.integerarithmetics.code.tex)))
(/Users/ptamarov/Library/Application Support/MiKTeX/texmfs/install/tex/generic/
pgf/math/pgfmathfloat.code.tex
\c@pgfmathroundto@lastzeros=\count334
))
(/Users/ptamarov/Library/Application Support/MiKTeX/texmfs/install/tex/generic/
pgf/math/pgfint.code.tex)
(/Users/ptamarov/Library/Application Support/MiKTeX/texmfs/install/tex/generic/
pgf/basiclayer/pgfcorepoints.code.tex
File: pgfcorepoints.code.tex 2021/05/15 v3.1.9a (3.1.9a)
\pgf@picminx=\dimen319
\pgf@picmaxx=\dimen320
\pgf@picminy=\dimen321
\pgf@picmaxy=\dimen322
\pgf@pathminx=\dimen323
\pgf@pathmaxx=\dimen324
\pgf@pathminy=\dimen325
\pgf@pathmaxy=\dimen326
\pgf@xx=\dimen327
\pgf@xy=\dimen328
\pgf@yx=\dimen329
\pgf@yy=\dimen330
\pgf@zx=\dimen331
\pgf@zy=\dimen332
)
(/Users/ptamarov/Library/Application Support/MiKTeX/texmfs/install/tex/generic/
pgf/basiclayer/pgfcorepathconstruct.code.tex
File: pgfcorepathconstruct.code.tex 2021/05/15 v3.1.9a (3.1.9a)
\pgf@path@lastx=\dimen333
\pgf@path@lasty=\dimen334
)
(/Users/ptamarov/Library/Application Support/MiKTeX/texmfs/install/tex/generic/
pgf/basiclayer/pgfcorepathusage.code.tex
File: pgfcorepathusage.code.tex 2021/05/15 v3.1.9a (3.1.9a)
\pgf@shorten@end@additional=\dimen335
\pgf@shorten@start@additional=\dimen336
)
(/Users/ptamarov/Library/Application Support/MiKTeX/texmfs/install/tex/generic/
pgf/basiclayer/pgfcorescopes.code.tex
File: pgfcorescopes.code.tex 2021/05/15 v3.1.9a (3.1.9a)
\pgfpic=\box109
\pgf@hbox=\box110
\pgf@layerbox@main=\box111
\pgf@picture@serial@count=\count335
)
(/Users/ptamarov/Library/Application Support/MiKTeX/texmfs/install/tex/generic/
pgf/basiclayer/pgfcoregraphicstate.code.tex
File: pgfcoregraphicstate.code.tex 2021/05/15 v3.1.9a (3.1.9a)
\pgflinewidth=\dimen337
)
(/Users/ptamarov/Library/Application Support/MiKTeX/texmfs/install/tex/generic/
pgf/basiclayer/pgfcoretransformations.code.tex
File: pgfcoretransformations.code.tex 2021/05/15 v3.1.9a (3.1.9a)
\pgf@pt@x=\dimen338
\pgf@pt@y=\dimen339
\pgf@pt@temp=\dimen340
)
(/Users/ptamarov/Library/Application Support/MiKTeX/texmfs/install/tex/generic/
pgf/basiclayer/pgfcorequick.code.tex
File: pgfcorequick.code.tex 2021/05/15 v3.1.9a (3.1.9a)
)
(/Users/ptamarov/Library/Application Support/MiKTeX/texmfs/install/tex/generic/
pgf/basiclayer/pgfcoreobjects.code.tex
File: pgfcoreobjects.code.tex 2021/05/15 v3.1.9a (3.1.9a)
)
(/Users/ptamarov/Library/Application Support/MiKTeX/texmfs/install/tex/generic/
pgf/basiclayer/pgfcorepathprocessing.code.tex
File: pgfcorepathprocessing.code.tex 2021/05/15 v3.1.9a (3.1.9a)
)
(/Users/ptamarov/Library/Application Support/MiKTeX/texmfs/install/tex/generic/
pgf/basiclayer/pgfcorearrows.code.tex
File: pgfcorearrows.code.tex 2021/05/15 v3.1.9a (3.1.9a)
\pgfarrowsep=\dimen341
)
(/Users/ptamarov/Library/Application Support/MiKTeX/texmfs/install/tex/generic/
pgf/basiclayer/pgfcoreshade.code.tex
File: pgfcoreshade.code.tex 2021/05/15 v3.1.9a (3.1.9a)
\pgf@max=\dimen342
\pgf@sys@shading@range@num=\count336
\pgf@shadingcount=\count337
)
(/Users/ptamarov/Library/Application Support/MiKTeX/texmfs/install/tex/generic/
pgf/basiclayer/pgfcoreimage.code.tex
File: pgfcoreimage.code.tex 2021/05/15 v3.1.9a (3.1.9a)

(/Users/ptamarov/Library/Application Support/MiKTeX/texmfs/install/tex/generic/
pgf/basiclayer/pgfcoreexternal.code.tex
File: pgfcoreexternal.code.tex 2021/05/15 v3.1.9a (3.1.9a)
\pgfexternal@startupbox=\box112
))
(/Users/ptamarov/Library/Application Support/MiKTeX/texmfs/install/tex/generic/
pgf/basiclayer/pgfcorelayers.code.tex
File: pgfcorelayers.code.tex 2021/05/15 v3.1.9a (3.1.9a)
)
(/Users/ptamarov/Library/Application Support/MiKTeX/texmfs/install/tex/generic/
pgf/basiclayer/pgfcoretransparency.code.tex
File: pgfcoretransparency.code.tex 2021/05/15 v3.1.9a (3.1.9a)
)
(/Users/ptamarov/Library/Application Support/MiKTeX/texmfs/install/tex/generic/
pgf/basiclayer/pgfcorepatterns.code.tex
File: pgfcorepatterns.code.tex 2021/05/15 v3.1.9a (3.1.9a)
)
(/Users/ptamarov/Library/Application Support/MiKTeX/texmfs/install/tex/generic/
pgf/basiclayer/pgfcorerdf.code.tex
File: pgfcorerdf.code.tex 2021/05/15 v3.1.9a (3.1.9a)
)))
\l__exsheets_variations_int=\count338
\g__exsheets_questions_id_int=\count339
\g__exsheets_questions_used_int=\count340
\l__exsheets_include_random_int=\count341
\l__exsheets_questions_set_int=\count342
\g__exsheets_select_random_int=\count343
\g__exsheets_selection_number_int=\count344
\l__exsheets_counter_ch_int=\count345
\l__exsheets_current_ch_int=\count346
\l__exsheets_counter_sec_int=\count347
\l__exsheets_current_sec_int=\count348
\l_exsheets_counter_qu_int=\count349
\l__exsheets_questions_skip_below_dim=\dimen343
\l__exsheets_solutions_skip_below_dim=\dimen344
\l__exsheets_blank_dim=\dimen345
\l__exsheets_blank_line_increment_dim=\dimen346
\l__exsheets_blank_line_minimum_length_dim=\dimen347
\l__exsheets_blank_box=\box113

(/Users/ptamarov/Library/Application Support/MiKTeX/texmfs/install/tex/latex/cn
tformats/cntformats.sty
Package: cntformats 2014/07/20 v0.7 A different way to read counters. (CN)

(/Users/ptamarov/Library/Application Support/MiKTeX/texmfs/install/tex/latex/cn
ltx/cnltx-base.sty
Package: cnltx-base 2019/11/01 v0.15 LaTeX tools and documenting facilities (CN
)

(/Users/ptamarov/Library/Application Support/MiKTeX/texmfs/install/tex/latex/pg
fopts/pgfopts.sty
Package: pgfopts 2014/07/10 v2.1a LaTeX package options with pgfkeys

(/Users/ptamarov/Library/Application Support/MiKTeX/texmfs/install/tex/latex/pg
f/utilities/pgfkeys.sty
(/Users/ptamarov/Library/Application Support/MiKTeX/texmfs/install/tex/generic/
pgf/utilities/pgfkeys.code.tex))
\pgfopts@list@add@a@toks=\toks49
\pgfopts@list@add@b@toks=\toks50
)
(/Users/ptamarov/Library/Application Support/MiKTeX/texmfs/install/tex/generic/
pdftexcmds/pdftexcmds.sty
Package: pdftexcmds 2020-06-27 v0.33 Utility functions of pdfTeX for LuaTeX (HO
)

(/Users/ptamarov/Library/Application Support/MiKTeX/texmfs/install/tex/generic/
infwarerr/infwarerr.sty
Package: infwarerr 2019/12/03 v1.5 Providing info/warning/error messages (HO)
)
Package pdftexcmds Info: \pdf@primitive is available.
Package pdftexcmds Info: \pdf@ifprimitive is available.
Package pdftexcmds Info: \pdfdraftmode found.
)
\c@cnltx@tmpa=\count350
\c@cnltx@tmpb=\count351
\c@cnltx@tmpc=\count352
\cnltx@tmpa@length=\skip68
\cnltx@tmpb@length=\skip69
\cnltx@tmpc@length=\skip70
))
\c@question=\count353

(/Users/ptamarov/Library/Application Support/MiKTeX/texmfs/install/tex/latex/ex
sheets/exsheets_headings.def
File: exsheets_headings.def  2019/09/30 v0.21k ExSheets headings object
\l__exsheets_heading_above_dim=\dimen348
\l__exsheets_heading_below_dim=\dimen349
\l__exsheets_heading_main_coffin=\box114
\l__exsheets_heading_pre_coffin=\box115
\l__exsheets_heading_post_coffin=\box116
\l__exsheets_heading_title_coffin=\box117
\l__exsheets_heading_number_coffin=\box118
\l__exsheets_heading_points_coffin=\box119
\l__exsheets_heading_subtitle_coffin=\box120

Package xtemplate Info: Declaring object type 'exsheets-heading' taking 5
(xtemplate)             argument(s) on line 184.

)
(/Users/ptamarov/Library/Application Support/MiKTeX/texmfs/install/tex/latex/ex
sheets/exsheets_headings.cfg
File: exsheets_headings.cfg  2019/09/30 v0.21k ExSheets headings instances 
)
(/Users/ptamarov/Library/Application Support/MiKTeX/texmfs/install/tex/latex/ta
sks/tasks.sty
Package: tasks 2021/02/20 v1.3a lists with columns filled horizontally
\g__tasks_total_items_int=\count354
\l__tasks_columns_int=\count355
\g__tasks_rows_int=\count356
\g__tasks_current_col_num_int=\count357
\g__tasks_current_row_num_int=\count358
\l__tasks_item_columns_int=\count359
\g__tasks_env_int=\count360
\l__tasks_start_int=\count361
\l__tasks_item_indent_dim=\dimen350
\l__tasks_item_default_indent_dim=\dimen351
\l__tasks_item_width_dim=\dimen352
\l__tasks_label_width_dim=\dimen353
\l__tasks_label_default_width_dim=\dimen354
\l__tasks_label_offset_dim=\dimen355
\l__tasks_label_default_offset_dim=\dimen356
\l__tasks_column_sep_dim=\dimen357
\l__tasks_correction_dim=\dimen358
\l__tasks_full_width_dim=\dimen359
\l__tasks_after_item_skip=\skip71
\l__tasks_custom_after_item_skip=\skip72
\l__tasks_before_list_skip=\skip73
\l__tasks_after_list_skip=\skip74
\l__tasks_item_coffin=\box121
\l__tasks_label_coffin=\box122
\c@task=\count362
\l__tasks_tmpa_int=\count363
\l__tasks_tmpb_int=\count364
\l__tasks_tmpa_coffin=\box123
\l__tasks_tmpa_box=\box124

Package xtemplate Info: Declaring object type 'tasks' taking 3 argument(s) on
(xtemplate)             line 450.


(/Users/ptamarov/Library/Application Support/MiKTeX/texmfs/install/tex/latex/ta
sks/tasks.cfg))
(/Users/ptamarov/Library/Application Support/MiKTeX/texmfs/install/tex/latex/ul
em/ulem.sty
\UL@box=\box125
\UL@hyphenbox=\box126
\UL@skip=\skip75
\UL@hook=\toks51
\UL@height=\dimen360
\UL@pe=\count365
\UL@pixel=\dimen361
\ULC@box=\box127
Package: ulem 2019/11/18
\ULdepth=\dimen362
)
(/Users/ptamarov/Library/Application Support/MiKTeX/texmfs/install/tex/latex/tr
anslations/translations.sty
Package: translations 2021/01/17 v1.10a internationalization of LaTeX2e package
s (CN)
))
(/Library/Application Support/MiKTeX/texmfs/install/tex/latex/wrapfig/wrapfig.s
ty
\wrapoverhang=\dimen363
\WF@size=\dimen364
\c@WF@wrappedlines=\count366
\WF@box=\box128
\WF@everypar=\toks52
Package: wrapfig 2003/01/31  v 3.6
)
(/Users/ptamarov/Library/Application Support/MiKTeX/texmfs/install/tex/latex/li
psum/lipsum.sty
Package: lipsum 2021-09-20 v2.7 150 paragraphs of Lorem Ipsum dummy text
\g__lipsum_par_int=\count367
\l__lipsum_a_int=\count368
\l__lipsum_b_int=\count369

(/Users/ptamarov/Library/Application Support/MiKTeX/texmfs/install/tex/latex/li
psum/lipsum.ltd.tex))
(/Users/ptamarov/Library/Application Support/MiKTeX/texmfs/install/tex/latex/pg
f/basiclayer/pgf.sty
Package: pgf 2021/05/15 v3.1.9a (3.1.9a)

(/Users/ptamarov/Library/Application Support/MiKTeX/texmfs/install/tex/generic/
pgf/modules/pgfmoduleshapes.code.tex
File: pgfmoduleshapes.code.tex 2021/05/15 v3.1.9a (3.1.9a)
\pgfnodeparttextbox=\box129
)
(/Users/ptamarov/Library/Application Support/MiKTeX/texmfs/install/tex/generic/
pgf/modules/pgfmoduleplot.code.tex
File: pgfmoduleplot.code.tex 2021/05/15 v3.1.9a (3.1.9a)
)
(/Users/ptamarov/Library/Application Support/MiKTeX/texmfs/install/tex/latex/pg
f/compatibility/pgfcomp-version-0-65.sty
Package: pgfcomp-version-0-65 2021/05/15 v3.1.9a (3.1.9a)
\pgf@nodesepstart=\dimen365
\pgf@nodesepend=\dimen366
)
(/Users/ptamarov/Library/Application Support/MiKTeX/texmfs/install/tex/latex/pg
f/compatibility/pgfcomp-version-1-18.sty
Package: pgfcomp-version-1-18 2021/05/15 v3.1.9a (3.1.9a)
))
(/Users/ptamarov/Library/Application Support/MiKTeX/texmfs/install/tex/latex/pg
f/frontendlayer/tikz.sty
(/Users/ptamarov/Library/Application Support/MiKTeX/texmfs/install/tex/latex/pg
f/utilities/pgffor.sty
(/Users/ptamarov/Library/Application Support/MiKTeX/texmfs/install/tex/latex/pg
f/math/pgfmath.sty
(/Users/ptamarov/Library/Application Support/MiKTeX/texmfs/install/tex/generic/
pgf/math/pgfmath.code.tex))
(/Users/ptamarov/Library/Application Support/MiKTeX/texmfs/install/tex/generic/
pgf/utilities/pgffor.code.tex
Package: pgffor 2021/05/15 v3.1.9a (3.1.9a)

(/Users/ptamarov/Library/Application Support/MiKTeX/texmfs/install/tex/generic/
pgf/math/pgfmath.code.tex)
\pgffor@iter=\dimen367
\pgffor@skip=\dimen368
\pgffor@stack=\toks53
\pgffor@toks=\toks54
))
(/Users/ptamarov/Library/Application Support/MiKTeX/texmfs/install/tex/generic/
pgf/frontendlayer/tikz/tikz.code.tex
Package: tikz 2021/05/15 v3.1.9a (3.1.9a)

(/Users/ptamarov/Library/Application Support/MiKTeX/texmfs/install/tex/generic/
pgf/libraries/pgflibraryplothandlers.code.tex
File: pgflibraryplothandlers.code.tex 2021/05/15 v3.1.9a (3.1.9a)
\pgf@plot@mark@count=\count370
\pgfplotmarksize=\dimen369
)
\tikz@lastx=\dimen370
\tikz@lasty=\dimen371
\tikz@lastxsaved=\dimen372
\tikz@lastysaved=\dimen373
\tikz@lastmovetox=\dimen374
\tikz@lastmovetoy=\dimen375
\tikzleveldistance=\dimen376
\tikzsiblingdistance=\dimen377
\tikz@figbox=\box130
\tikz@figbox@bg=\box131
\tikz@tempbox=\box132
\tikz@tempbox@bg=\box133
\tikztreelevel=\count371
\tikznumberofchildren=\count372
\tikznumberofcurrentchild=\count373
\tikz@fig@count=\count374

(/Users/ptamarov/Library/Application Support/MiKTeX/texmfs/install/tex/generic/
pgf/modules/pgfmodulematrix.code.tex
File: pgfmodulematrix.code.tex 2021/05/15 v3.1.9a (3.1.9a)
\pgfmatrixcurrentrow=\count375
\pgfmatrixcurrentcolumn=\count376
\pgf@matrix@numberofcolumns=\count377
)
\tikz@expandcount=\count378

(/Users/ptamarov/Library/Application Support/MiKTeX/texmfs/install/tex/generic/
pgf/frontendlayer/tikz/libraries/tikzlibrarytopaths.code.tex
File: tikzlibrarytopaths.code.tex 2021/05/15 v3.1.9a (3.1.9a)
)))
\pgf@layerbox@bg=\box134
\pgf@layerboxsaved@bg=\box135

(/Users/ptamarov/Library/Application Support/MiKTeX/texmfs/install/tex/latex/ti
kz-cd/tikz-cd.sty
Package: tikz-cd 2021/05/04 v1.0 Commutative diagrams with TikZ

(/Users/ptamarov/Library/Application Support/MiKTeX/texmfs/install/tex/latex/ti
kz-cd/tikzlibrarycd.code.tex
(/Users/ptamarov/Library/Application Support/MiKTeX/texmfs/install/tex/generic/
pgf/frontendlayer/tikz/libraries/tikzlibrarymatrix.code.tex
File: tikzlibrarymatrix.code.tex 2021/05/15 v3.1.9a (3.1.9a)
)
(/Users/ptamarov/Library/Application Support/MiKTeX/texmfs/install/tex/generic/
pgf/frontendlayer/tikz/libraries/tikzlibraryquotes.code.tex
File: tikzlibraryquotes.code.tex 2021/05/15 v3.1.9a (3.1.9a)
)
(/Users/ptamarov/Library/Application Support/MiKTeX/texmfs/install/tex/generic/
pgf/libraries/pgflibraryarrows.meta.code.tex
File: pgflibraryarrows.meta.code.tex 2021/05/15 v3.1.9a (3.1.9a)
\pgfarrowinset=\dimen378
\pgfarrowlength=\dimen379
\pgfarrowwidth=\dimen380
\pgfarrowlinewidth=\dimen381
)))
(/Users/ptamarov/Library/Application Support/MiKTeX/texmfs/install/tex/generic/
pgf/frontendlayer/tikz/libraries/tikzlibrarycalc.code.tex
File: tikzlibrarycalc.code.tex 2021/05/15 v3.1.9a (3.1.9a)
)
(/Users/ptamarov/Library/Application Support/MiKTeX/texmfs/install/tex/generic/
pgf/frontendlayer/tikz/libraries/tikzlibraryarrows.code.tex
File: tikzlibraryarrows.code.tex 2021/05/15 v3.1.9a (3.1.9a)

(/Users/ptamarov/Library/Application Support/MiKTeX/texmfs/install/tex/generic/
pgf/libraries/pgflibraryarrows.code.tex
File: pgflibraryarrows.code.tex 2021/05/15 v3.1.9a (3.1.9a)
\arrowsize=\dimen382
))
(/Users/ptamarov/Library/Application Support/MiKTeX/texmfs/install/tex/latex/ob
erdiek/stackrel.sty
Package: stackrel 2016/05/16 v1.3 Adding subscript option to stackrel (HO)

(/Users/ptamarov/Library/Application Support/MiKTeX/texmfs/install/tex/generic/
etexcmds/etexcmds.sty
Package: etexcmds 2019/12/15 v1.7 Avoid name clashes with e-TeX commands (HO)
))
(/Users/ptamarov/Library/Application Support/MiKTeX/texmfs/install/tex/latex/en
umitem/enumitem.sty
Package: enumitem 2019/06/20 v3.9 Customized lists
\labelindent=\skip76
\enit@outerparindent=\dimen383
\enit@toks=\toks55
\enit@inbox=\box136
\enit@count@id=\count379
\enitdp@description=\count380
)
(/Users/ptamarov/Library/Application Support/MiKTeX/texmfs/install/tex/latex/st
maryrd/stmaryrd.sty
Package: stmaryrd 1994/03/03 St Mary's Road symbol package
\symstmry=\mathgroup8
LaTeX Font Info:    Overwriting symbol font `stmry' in version `bold'
(Font)                  U/stmry/m/n --> U/stmry/b/n on input line 89.
)
(/Users/ptamarov/Library/Application Support/MiKTeX/texmfs/install/tex/latex/se
tspace/setspace.sty
Package: setspace 2011/12/19 v6.7a set line spacing
)
(/Users/ptamarov/Library/Application Support/MiKTeX/texmfs/install/tex/generic/
pgf/frontendlayer/tikz/libraries/tikzlibrarytrees.code.tex
File: tikzlibrarytrees.code.tex 2021/05/15 v3.1.9a (3.1.9a)
)
(/Library/Application Support/MiKTeX/texmfs/install/tex/latex/mathalpha/mathalp
ha.sty
Package: mathalpha 2021/11/01 - 1.142mathalpha (License LPPL) Michael Sharpe
 `mathalpha' v1.142, 2021/11/01, a renaming of mathalfa (msharpe)
(/Library/Application Support/MiKTeX/texmfs/install/tex/latex/xkeyval/xkeyval.s
ty
Package: xkeyval 2020/11/20 v2.8 package option processing (HA)

(/Library/Application Support/MiKTeX/texmfs/install/tex/generic/xkeyval/xkeyval
.tex
(/Library/Application Support/MiKTeX/texmfs/install/tex/generic/xkeyval/xkvutil
s.tex
\XKV@toks=\toks56
\XKV@tempa@toks=\toks57
)
\XKV@depth=\count381
File: xkeyval.tex 2014/12/03 v2.7a key=value parser (HA)
))
LaTeX Font Info:    Redeclaring math alphabet \mathcal on input line 448.
LaTeX Font Info:    Overwriting math alphabet `\mathcal' in version `bold'
(Font)                  U/eus/m/n --> U/eus/b/n on input line 450.
LaTeX Font Info:    Overwriting math alphabet `\mathfrak' in version `bold'
(Font)                  U/euf/b/n --> U/euf/b/n on input line 712.
LaTeX Font Info:    Overwriting math alphabet `\mathfrak' in version `bold'
(Font)                  U/euf/m/n --> U/euf/b/n on input line 712.
)
(/Users/ptamarov/Library/Application Support/MiKTeX/texmfs/install/tex/latex/fa
ncyhdr/fancyhdr.sty
Package: fancyhdr 2021/01/28 v4.0.1 Extensive control of page headers and foote
rs
\f@nch@headwidth=\skip77
\f@nch@O@elh=\skip78
\f@nch@O@erh=\skip79
\f@nch@O@olh=\skip80
\f@nch@O@orh=\skip81
\f@nch@O@elf=\skip82
\f@nch@O@erf=\skip83
\f@nch@O@olf=\skip84
\f@nch@O@orf=\skip85
)
(/Users/ptamarov/Library/Application Support/MiKTeX/texmfs/install/tex/latex/hy
perref/hyperref.sty
Package: hyperref 2021-06-07 v7.00m Hypertext links for LaTeX

(/Users/ptamarov/Library/Application Support/MiKTeX/texmfs/install/tex/generic/
kvdefinekeys/kvdefinekeys.sty
Package: kvdefinekeys 2019-12-19 v1.6 Define keys (HO)
)
(/Users/ptamarov/Library/Application Support/MiKTeX/texmfs/install/tex/generic/
pdfescape/pdfescape.sty
Package: pdfescape 2019/12/09 v1.15 Implements pdfTeX's escape features (HO)
)
(/Users/ptamarov/Library/Application Support/MiKTeX/texmfs/install/tex/latex/hy
color/hycolor.sty
Package: hycolor 2020-01-27 v1.10 Color options for hyperref/bookmark (HO)
)
(/Users/ptamarov/Library/Application Support/MiKTeX/texmfs/install/tex/latex/le
tltxmacro/letltxmacro.sty
Package: letltxmacro 2019/12/03 v1.6 Let assignment for LaTeX macros (HO)
)
(/Users/ptamarov/Library/Application Support/MiKTeX/texmfs/install/tex/latex/au
xhook/auxhook.sty
Package: auxhook 2019-12-17 v1.6 Hooks for auxiliary files (HO)
)
\@linkdim=\dimen384
\Hy@linkcounter=\count382
\Hy@pagecounter=\count383

(/Users/ptamarov/Library/Application Support/MiKTeX/texmfs/install/tex/latex/hy
perref/pd1enc.def
File: pd1enc.def 2021-06-07 v7.00m Hyperref: PDFDocEncoding definition (HO)
)
(/Users/ptamarov/Library/Application Support/MiKTeX/texmfs/install/tex/latex/hy
perref/hyperref-langpatches.def
File: hyperref-langpatches.def 2021-06-07 v7.00m Hyperref: patches for babel la
nguages
)
(/Users/ptamarov/Library/Application Support/MiKTeX/texmfs/install/tex/generic/
intcalc/intcalc.sty
Package: intcalc 2019/12/15 v1.3 Expandable calculations with integers (HO)
)
\Hy@SavedSpaceFactor=\count384

(/Users/ptamarov/Library/Application Support/MiKTeX/texmfs/install/tex/latex/hy
perref/puenc.def
File: puenc.def 2021-06-07 v7.00m Hyperref: PDF Unicode definition (HO)
)
Package hyperref Info: Option `colorlinks' set `true' on input line 4073.
Package hyperref Info: Option `bookmarks' set `true' on input line 4073.
Package hyperref Info: Option `bookmarksnumbered' set `true' on input line 4073
.
Package hyperref Info: Hyper figures OFF on input line 4192.
Package hyperref Info: Link nesting OFF on input line 4197.
Package hyperref Info: Hyper index ON on input line 4200.
Package hyperref Info: Plain pages OFF on input line 4207.
Package hyperref Info: Backreferencing OFF on input line 4212.
Package hyperref Info: Implicit mode ON; LaTeX internals redefined.
Package hyperref Info: Bookmarks ON on input line 4445.
\c@Hy@tempcnt=\count385
LaTeX Info: Redefining \url on input line 4804.
\XeTeXLinkMargin=\dimen385

(/Users/ptamarov/Library/Application Support/MiKTeX/texmfs/install/tex/generic/
bitset/bitset.sty
Package: bitset 2019/12/09 v1.3 Handle bit-vector datatype (HO)

(/Users/ptamarov/Library/Application Support/MiKTeX/texmfs/install/tex/generic/
bigintcalc/bigintcalc.sty
Package: bigintcalc 2019/12/15 v1.5 Expandable calculations on big integers (HO
)
))
\Fld@menulength=\count386
\Field@Width=\dimen386
\Fld@charsize=\dimen387
Package hyperref Info: Hyper figures OFF on input line 6076.
Package hyperref Info: Link nesting OFF on input line 6081.
Package hyperref Info: Hyper index ON on input line 6084.
Package hyperref Info: backreferencing OFF on input line 6091.
Package hyperref Info: Link coloring ON on input line 6094.
Package hyperref Info: Link coloring with OCG OFF on input line 6101.
Package hyperref Info: PDF/A mode OFF on input line 6106.
LaTeX Info: Redefining \ref on input line 6146.
LaTeX Info: Redefining \pageref on input line 6150.

(/Users/ptamarov/Library/Application Support/MiKTeX/texmfs/install/tex/latex/ba
se/atbegshi-ltx.sty
Package: atbegshi-ltx 2021/01/10 v1.0c Emulation of the original atbegshi
package with kernel methods
)
\Hy@abspage=\count387
\c@Item=\count388
\c@Hfootnote=\count389
)
Package hyperref Info: Driver: hpdftex.

(/Users/ptamarov/Library/Application Support/MiKTeX/texmfs/install/tex/latex/hy
perref/hpdftex.def
File: hpdftex.def 2021-06-07 v7.00m Hyperref driver for pdfTeX

(/Users/ptamarov/Library/Application Support/MiKTeX/texmfs/install/tex/latex/ba
se/atveryend-ltx.sty
Package: atveryend-ltx 2020/08/19 v1.0a Emulation of the original atveryend pac
kage
with kernel methods
)
\Fld@listcount=\count390
\c@bookmark@seq@number=\count391

(/Users/ptamarov/Library/Application Support/MiKTeX/texmfs/install/tex/latex/re
runfilecheck/rerunfilecheck.sty
Package: rerunfilecheck 2019/12/05 v1.9 Rerun checks for auxiliary files (HO)

(/Users/ptamarov/Library/Application Support/MiKTeX/texmfs/install/tex/generic/
uniquecounter/uniquecounter.sty
Package: uniquecounter 2019/12/15 v1.4 Provide unlimited unique counter (HO)
)
Package uniquecounter Info: New unique counter `rerunfilecheck' on input line 2
86.
)
\Hy@SectionHShift=\skip86
)
Package hyperref Info: Option `colorlinks' set `true' on input line 225.

(/Users/ptamarov/Library/Application Support/MiKTeX/texmfs/install/tex/latex/se
ctsty/sectsty.sty
Package: sectsty 2002/02/25 v2.0.2 Commands to change all sectional heading sty
les


LaTeX Warning: Command \underbar  has changed.
               Check if current package is valid.


LaTeX Warning: Command \underline  has changed.
               Check if current package is valid.

)
(/Users/ptamarov/Library/Application Support/MiKTeX/texmfs/install/tex/latex/am
scls/amsthm.sty
Package: amsthm 2020/05/29 v2.20.6
\thm@style=\toks58
\thm@bodyfont=\toks59
\thm@headfont=\toks60
\thm@notefont=\toks61
\thm@headpunct=\toks62
\thm@preskip=\skip87
\thm@postskip=\skip88
\thm@headsep=\skip89
\dth@everypar=\toks63
)
(/Users/ptamarov/Library/Application Support/MiKTeX/texmfs/install/tex/latex/th
mtools/thmtools.sty
Package: thmtools 2020/08/01 v0.72
\thmt@toks=\toks64
\c@thmt@dummyctr=\count392

(/Users/ptamarov/Library/Application Support/MiKTeX/texmfs/install/tex/latex/th
mtools/thm-patch.sty
Package: thm-patch 2020/08/01 v0.72

(/Users/ptamarov/Library/Application Support/MiKTeX/texmfs/install/tex/latex/th
mtools/parseargs.sty
Package: parseargs 2020/08/01 v0.72
\@parsespec=\toks65
))
(/Users/ptamarov/Library/Application Support/MiKTeX/texmfs/install/tex/latex/th
mtools/thm-kv.sty
Package: thm-kv 2020/08/01 v0.72
Package thm-kv Info: Theorem names will be uppercased on input line 42.
Package thm-kv Info: kvsetkeys patch (v1.16 or later) on input line 158.
)
(/Users/ptamarov/Library/Application Support/MiKTeX/texmfs/install/tex/latex/th
mtools/thm-autoref.sty
Package: thm-autoref 2020/08/01 v0.72

(/Users/ptamarov/Library/Application Support/MiKTeX/texmfs/install/tex/latex/th
mtools/aliasctr.sty
Package: aliasctr 2020/08/01 v0.72
))
(/Users/ptamarov/Library/Application Support/MiKTeX/texmfs/install/tex/latex/th
mtools/thm-listof.sty
Package: thm-listof 2020/08/01 v0.72
)
(/Users/ptamarov/Library/Application Support/MiKTeX/texmfs/install/tex/latex/th
mtools/thm-restate.sty
Package: thm-restate 2020/08/01 v0.72
)
(/Users/ptamarov/Library/Application Support/MiKTeX/texmfs/install/tex/latex/th
mtools/thm-amsthm.sty
Package: thm-amsthm 2020/08/01 v0.72
\thmt@style@headstyle=\toks66
))
\c@theorem=\count393
\c@introthm=\count394

(/Users/ptamarov/Library/Application Support/MiKTeX/texmfs/install/tex/latex/xa
rgs/xargs.sty
Package: xargs 2008/03/22 v1.1  extended macro definitions  (mpg)
\xargs@max=\count395
\xargs@toksa=\toks67
\xargs@toksb=\toks68
)
(/Users/ptamarov/Library/Application Support/MiKTeX/texmfs/install/tex/latex/to
donotes/todonotes.sty
Package: todonotes 2021/06/04 v1.1.5 Todonotes source and documentation.
Package: todonotes 2021/06/04

(/Users/ptamarov/Library/Application Support/MiKTeX/texmfs/install/tex/generic/
pgf/frontendlayer/tikz/libraries/tikzlibrarypositioning.code.tex
File: tikzlibrarypositioning.code.tex 2021/05/15 v3.1.9a (3.1.9a)
)
\c@@todonotes@numberoftodonotes=\count396
)
(/Users/ptamarov/Library/Application Support/MiKTeX/texmfs/install/tex/latex/fl
oat/float.sty
Package: float 2001/11/08 v1.3d Float enhancements (AL)
\c@float@type=\count397
\float@exts=\toks69
\float@box=\box137
\@float@everytoks=\toks70
\@floatcapt=\box138
)
(/Users/ptamarov/Library/Application Support/MiKTeX/texmfs/install/tex/latex/ti
tlesec/titletoc.sty
Package: titletoc 2021/07/05 v2.14 TOC entries
\ttl@leftsep=\dimen388
)
\@indexfile=\write5
\openout5 = `partial-notes-15-10.idx'.


Writing index file partial-notes-15-10.idx
(partial-notes-15-10.aux)
\openout1 = `partial-notes-15-10.aux'.

LaTeX Font Info:    Checking defaults for OML/cmm/m/it on input line 540.
LaTeX Font Info:    ... okay on input line 540.
LaTeX Font Info:    Checking defaults for OMS/cmsy/m/n on input line 540.
LaTeX Font Info:    ... okay on input line 540.
LaTeX Font Info:    Checking defaults for OT1/cmr/m/n on input line 540.
LaTeX Font Info:    ... okay on input line 540.
LaTeX Font Info:    Checking defaults for T1/cmr/m/n on input line 540.
LaTeX Font Info:    ... okay on input line 540.
LaTeX Font Info:    Checking defaults for TS1/cmr/m/n on input line 540.
LaTeX Font Info:    ... okay on input line 540.
LaTeX Font Info:    Checking defaults for OMX/cmex/m/n on input line 540.
LaTeX Font Info:    ... okay on input line 540.
LaTeX Font Info:    Checking defaults for U/cmr/m/n on input line 540.
LaTeX Font Info:    ... okay on input line 540.
LaTeX Font Info:    Checking defaults for PD1/pdf/m/n on input line 540.
LaTeX Font Info:    ... okay on input line 540.
LaTeX Font Info:    Checking defaults for PU/pdf/m/n on input line 540.
LaTeX Font Info:    ... okay on input line 540.

*geometry* driver: auto-detecting
*geometry* detected driver: pdftex
*geometry* verbose mode - [ preamble ] result:
* driver: pdftex
* paper: a4paper
* layout: <same size as paper>
* layoutoffset:(h,v)=(0.0pt,0.0pt)
* modes: includehead twoside 
* h-part:(L,W,R)=(83.11005pt, 431.28778pt, 83.11005pt)
* v-part:(T,H,B)=(83.11005pt, 671.5993pt, 90.3375pt)
* \paperwidth=597.50787pt
* \paperheight=845.04684pt
* \textwidth=431.28778pt
* \textheight=634.5993pt
* \oddsidemargin=10.84006pt
* \evensidemargin=10.84006pt
* \topmargin=10.84006pt
* \headheight=12.0pt
* \headsep=25.0pt
* \topskip=10.0pt
* \footskip=30.0pt
* \marginparwidth=111.0pt
* \marginparsep=11.0pt
* \columnsep=10.0pt
* \skip\footins=10.79997pt plus 4.79947pt minus 2.4005pt
* \hoffset=0.0pt
* \voffset=0.0pt
* \mag=1000
* \@twocolumnfalse
* \@twosidetrue
* \@mparswitchtrue
* \@reversemarginfalse
* (1in=72.27pt=25.4mm, 1cm=28.453pt)


(/Users/ptamarov/Library/Application Support/MiKTeX/texmfs/install/tex/latex/uc
s/ucsencs.def
File: ucsencs.def 2011/01/21 Fixes to fontencodings LGR, T3
)
(/Users/ptamarov/Library/Application Support/MiKTeX/texmfs/install/tex/context/
base/mkii/supp-pdf.mkii
[Loading MPS to PDF converter (version 2006.09.02).]
\scratchcounter=\count398
\scratchdimen=\dimen389
\scratchbox=\box139
\nofMPsegments=\count399
\nofMParguments=\count400
\everyMPshowfont=\toks71
\MPscratchCnt=\count401
\MPscratchDim=\dimen390
\MPnumerator=\count402
\makeMPintoPDFobject=\count403
\everyMPtoPDFconversion=\toks72
)
(/Users/ptamarov/Library/Application Support/MiKTeX/texmfs/install/tex/latex/ep
stopdf-pkg/epstopdf-base.sty
Package: epstopdf-base 2020-01-24 v2.11 Base part for package epstopdf
Package epstopdf-base Info: Redefining graphics rule for `.eps' on input line 4
85.

(/Users/ptamarov/Library/Application Support/MiKTeX/texmfs/install/tex/latex/00
miktex/epstopdf-sys.cfg
File: epstopdf-sys.cfg 2021/03/18 v2.0 Configuration of epstopdf for MiKTeX
))
Package caption Info: Begin \AtBeginDocument code.
Package caption Info: float package is loaded.
Package caption Info: hyperref package is loaded.
Package caption Info: sidecap package is loaded.
Package caption Info: subfigure package is loaded.
Package caption Info: wrapfig package is loaded.
Package caption Info: End \AtBeginDocument code.
LaTeX Font Info:    Trying to load font information for OT1+ztmcm on input line
 540.

(/Library/Application Support/MiKTeX/texmfs/install/tex/latex/psnfss/ot1ztmcm.f
d
File: ot1ztmcm.fd 2000/01/03 Fontinst v1.801 font definitions for OT1/ztmcm.
)
LaTeX Font Info:    Trying to load font information for OML+ztmcm on input line
 540.

(/Library/Application Support/MiKTeX/texmfs/install/tex/latex/psnfss/omlztmcm.f
d
File: omlztmcm.fd 2000/01/03 Fontinst v1.801 font definitions for OML/ztmcm.
)
LaTeX Font Info:    Trying to load font information for OMS+ztmcm on input line
 540.

(/Library/Application Support/MiKTeX/texmfs/install/tex/latex/psnfss/omsztmcm.f
d
File: omsztmcm.fd 2000/01/03 Fontinst v1.801 font definitions for OMS/ztmcm.
)
LaTeX Font Info:    Trying to load font information for OMX+ztmcm on input line
 540.

(/Library/Application Support/MiKTeX/texmfs/install/tex/latex/psnfss/omxztmcm.f
d
File: omxztmcm.fd 2000/01/03 Fontinst v1.801 font definitions for OMX/ztmcm.
)
LaTeX Font Info:    Trying to load font information for OT1+ptm on input line 5
40.

(/Library/Application Support/MiKTeX/texmfs/install/tex/latex/psnfss/ot1ptm.fd
File: ot1ptm.fd 2001/06/04 font definitions for OT1/ptm.
)
LaTeX Font Info:    Font shape `OT1/ptm/bx/n' in size <12> not available
(Font)              Font shape `OT1/ptm/b/n' tried instead on input line 540.
LaTeX Font Info:    Font shape `OT1/ptm/bx/n' in size <9> not available
(Font)              Font shape `OT1/ptm/b/n' tried instead on input line 540.
LaTeX Font Info:    Font shape `OT1/ptm/bx/n' in size <7> not available
(Font)              Font shape `OT1/ptm/b/n' tried instead on input line 540.
LaTeX Font Info:    Trying to load font information for U+stmry on input line 5
40.

(/Users/ptamarov/Library/Application Support/MiKTeX/texmfs/install/tex/latex/st
maryrd/Ustmry.fd)
Package xypdf Info: Line width: 0.47987pt on input line 540.

(/Library/Application Support/MiKTeX/texmfs/install/tex/latex/ragged2e/ragged2e
.sty
Package: ragged2e 2021/02/05 v3.0 ragged2e Package
\CenteringLeftskip=\skip90
\RaggedLeftLeftskip=\skip91
\RaggedRightLeftskip=\skip92
\CenteringRightskip=\skip93
\RaggedLeftRightskip=\skip94
\RaggedRightRightskip=\skip95
\CenteringParfillskip=\skip96
\RaggedLeftParfillskip=\skip97
\RaggedRightParfillskip=\skip98
\JustifyingParfillskip=\skip99
\CenteringParindent=\skip100
\RaggedLeftParindent=\skip101
\RaggedRightParindent=\skip102
\JustifyingParindent=\skip103
)

Package exsheets Info: Loading custom configurations file
(exsheets)             `exsheets_configurations.cfg'.


(/Users/ptamarov/Library/Application Support/MiKTeX/texmfs/install/tex/latex/ex
sheets/exsheets_configurations.cfg
File: exsheets_configurations.cfg 
)

LaTeX hooks Warning: Generic hook
(hooks)              'file/after/translations-basic-dictionary-british.trsl'
(hooks)              is deprecated.
(hooks)              Use hook
(hooks)              'file/translations-basic-dictionary-british.trsl/after'
(hooks)              instead.


(/Users/ptamarov/Library/Application Support/MiKTeX/texmfs/install/tex/latex/tr
anslations/dicts/translations-basic-dictionary-english.trsl
File: translations-basic-dictionary-english.trsl (english translation file `tra
nslations-basic-dictionary')
)
Package hyperref Info: Link coloring ON on input line 540.

(/Users/ptamarov/Library/Application Support/MiKTeX/texmfs/install/tex/latex/hy
perref/nameref.sty
Package: nameref 2021-04-02 v2.47 Cross-referencing by name of section

(/Users/ptamarov/Library/Application Support/MiKTeX/texmfs/install/tex/latex/re
fcount/refcount.sty
Package: refcount 2019/12/15 v3.6 Data extraction from label references (HO)
)
(/Users/ptamarov/Library/Application Support/MiKTeX/texmfs/install/tex/generic/
gettitlestring/gettitlestring.sty
Package: gettitlestring 2019/12/15 v1.6 Cleanup title references (HO)
)
\c@section@level=\count404
)
LaTeX Info: Redefining \ref on input line 540.
LaTeX Info: Redefining \pageref on input line 540.
LaTeX Info: Redefining \nameref on input line 540.
 (partial-notes-15-10.out)
(partial-notes-15-10.out)
\@outlinefile=\write6
\openout6 = `partial-notes-15-10.out'.

LaTeX Font Info:    Calculating math sizes for size <10.95007> on input line 56
9.
LaTeX Font Info:    Font shape `OT1/ptm/bx/n' in size <10.95007> not available
(Font)              Font shape `OT1/ptm/b/n' tried instead on input line 569.
LaTeX Font Info:    Font shape `OT1/ptm/bx/n' in size <8.1031> not available
(Font)              Font shape `OT1/ptm/b/n' tried instead on input line 569.
LaTeX Font Info:    Font shape `OT1/ptm/bx/n' in size <6.5701> not available
(Font)              Font shape `OT1/ptm/b/n' tried instead on input line 569.


LaTeX Font Warning: Font shape `U/stmry/m/n' in size <6.5701> not available
(Font)              size <7> substituted on input line 569.

(partial-notes-15-10.toc)
\tf@toc=\write7
\openout7 = `partial-notes-15-10.toc'.

 [1

{/Users/ptamarov/Library/Application Support/MiKTeX/texmfs/data/pdftex/config/p
dftex.map}]
Overfull \hbox (16.43195pt too wide) in paragraph at lines 599--603
[]\T1/ptm/m/n/12 (Stasheff, Sugawara) Study homotopy associative $\OML/ztmcm/m/
it/12 H$\T1/ptm/m/n/12 -spaces, Stasheff implicitly discovers
 []


(/Users/ptamarov/Library/Application Support/MiKTeX/texmfs/install/tex/latex/uc
s/uni-32.def
File: uni-32.def 2013/05/13 UCS: Unicode data U+2000..U+20FF
)
Overfull \hbox (28.25343pt too wide) in paragraph at lines 635--640
\T1/ptm/m/n/12 and cousins allows to develop a robust homotopy theory of homoto
py algebras, cohomology
 []


Package fancyhdr Warning: \headheight is too small (12.0pt): 
(fancyhdr)                Make it at least 13.14003pt, for example:
(fancyhdr)                \setlength{\headheight}{13.14003pt}.
(fancyhdr)                You might also make \topmargin smaller to compensate:

(fancyhdr)                \addtolength{\topmargin}{-1.14003pt}.

[2]

Package fancyhdr Warning: \headheight is too small (12.0pt): 
(fancyhdr)                Make it at least 13.14003pt, for example:
(fancyhdr)                \setlength{\headheight}{13.14003pt}.
(fancyhdr)                You might also make \topmargin smaller to compensate:

(fancyhdr)                \addtolength{\topmargin}{-1.14003pt}.

[3]
Overfull \hbox (25.69173pt too wide) in paragraph at lines 690--702
\T1/ptm/m/n/12 automorphisms, and algebras are the gadgets that act on objects 
by their (linear) endomorphisms.
 []

LaTeX Font Info:    Font shape `U/eus/m/n' will be
(Font)              scaled to size 12.0pt on input line 707.
LaTeX Font Info:    Font shape `U/eus/m/n' will be
(Font)              scaled to size 9.0pt on input line 707.
LaTeX Font Info:    Font shape `U/eus/m/n' will be
(Font)              scaled to size 7.0pt on input line 707.

Overfull \hbox (6.74393pt too wide) in paragraph at lines 703--711
[]\T1/ptm/m/n/12 The underlying objects to operads are known as \T1/ptm/m/it/12
 symmetric sequences\T1/ptm/m/n/12 : a symmetric sequence
 []

Package hyperref Info: bookmark level for unknown lemma defaults to 0 on input 
line 728.

Package fancyhdr Warning: \headheight is too small (12.0pt): 
(fancyhdr)                Make it at least 13.14003pt, for example:
(fancyhdr)                \setlength{\headheight}{13.14003pt}.
(fancyhdr)                You might also make \topmargin smaller to compensate:

(fancyhdr)                \addtolength{\topmargin}{-1.14003pt}.

[4]
Package hyperref Info: bookmark level for unknown definition defaults to 0 on i
nput line 793.


Package fancyhdr Warning: \headheight is too small (12.0pt): 
(fancyhdr)                Make it at least 13.14003pt, for example:
(fancyhdr)                \setlength{\headheight}{13.14003pt}.
(fancyhdr)                You might also make \topmargin smaller to compensate:

(fancyhdr)                \addtolength{\topmargin}{-1.14003pt}.

[5]
Package hyperref Info: bookmark level for unknown variante defaults to 0 on inp
ut line 879.


Package fancyhdr Warning: \headheight is too small (12.0pt): 
(fancyhdr)                Make it at least 13.14003pt, for example:
(fancyhdr)                \setlength{\headheight}{13.14003pt}.
(fancyhdr)                You might also make \topmargin smaller to compensate:

(fancyhdr)                \addtolength{\topmargin}{-1.14003pt}.

[6]

Package fancyhdr Warning: \headheight is too small (12.0pt): 
(fancyhdr)                Make it at least 13.14003pt, for example:
(fancyhdr)                \setlength{\headheight}{13.14003pt}.
(fancyhdr)                You might also make \topmargin smaller to compensate:

(fancyhdr)                \addtolength{\topmargin}{-1.14003pt}.

[7]
Overfull \hbox (3.11804pt too wide) in paragraph at lines 955--959
[]\T1/ptm/m/it/12 Commutative operad. \T1/ptm/m/n/12 The reduced symmetric topo
logical (or set) operad with $[]\OT1/ztmcm/m/n/12 (\OML/ztmcm/m/it/12 n\OT1/ztm
cm/m/n/12 )$
 []


Overfull \hbox (1.49652pt too wide) in paragraph at lines 959--963
[]\T1/ptm/m/it/12 Associative operad. \T1/ptm/m/n/12 The reduced set operad wit
h $[]\OT1/ztmcm/m/n/12 (\OML/ztmcm/m/it/12 n\OT1/ztmcm/m/n/12 ) = \OML/ztmcm/m/
it/12 S[]$ \T1/ptm/m/n/12 the regular representation
 []


Package fancyhdr Warning: \headheight is too small (12.0pt): 
(fancyhdr)                Make it at least 13.14003pt, for example:
(fancyhdr)                \setlength{\headheight}{13.14003pt}.
(fancyhdr)                You might also make \topmargin smaller to compensate:

(fancyhdr)                \addtolength{\topmargin}{-1.14003pt}.

[8]

Package fancyhdr Warning: \headheight is too small (12.0pt): 
(fancyhdr)                Make it at least 13.14003pt, for example:
(fancyhdr)                \setlength{\headheight}{13.14003pt}.
(fancyhdr)                You might also make \topmargin smaller to compensate:

(fancyhdr)                \addtolength{\topmargin}{-1.14003pt}.

[9]

Package fancyhdr Warning: \headheight is too small (12.0pt): 
(fancyhdr)                Make it at least 13.14003pt, for example:
(fancyhdr)                \setlength{\headheight}{13.14003pt}.
(fancyhdr)                You might also make \topmargin smaller to compensate:

(fancyhdr)                \addtolength{\topmargin}{-1.14003pt}.

[10]
Overfull \hbox (2.56602pt too wide) in paragraph at lines 1120--1129
\T1/ptm/m/n/12 rooted tree, along with a bijection $\OML/ztmcm/m/it/12 f \OT1/z
tmcm/m/n/12 : \OML/ztmcm/m/it/12 I [][]\OMS/ztmcm/m/n/12 ! \OML/ztmcm/m/it/12 L
\OT1/ztmcm/m/n/12 (\OML/ztmcm/m/it/12 \OT1/ztmcm/m/n/12 )$\T1/ptm/m/n/12 . Two
 $\OML/ztmcm/m/it/12 I$\T1/ptm/m/n/12 -labeled trees $\OML/ztmcm/m/it/12 T$ \T1
/ptm/m/n/12 an $\OML/ztmcm/m/it/12 T[]$ \T1/ptm/m/n/12 are isomorphic
 []

LaTeX Font Info:    Trying to load font information for TS1+ptm on input line 1
141.
(/Library/Application Support/MiKTeX/texmfs/install/tex/latex/psnfss/ts1ptm.fd
File: ts1ptm.fd 2001/06/04 font definitions for TS1/ptm.
)

Package fancyhdr Warning: \headheight is too small (12.0pt): 
(fancyhdr)                Make it at least 13.14003pt, for example:
(fancyhdr)                \setlength{\headheight}{13.14003pt}.
(fancyhdr)                You might also make \topmargin smaller to compensate:

(fancyhdr)                \addtolength{\topmargin}{-1.14003pt}.

[11]
Package hyperref Info: bookmark level for unknown example defaults to 0 on inpu
t line 1199.


Package fancyhdr Warning: \headheight is too small (12.0pt): 
(fancyhdr)                Make it at least 13.14003pt, for example:
(fancyhdr)                \setlength{\headheight}{13.14003pt}.
(fancyhdr)                You might also make \topmargin smaller to compensate:

(fancyhdr)                \addtolength{\topmargin}{-1.14003pt}.

[12]
Overfull \hbox (2.98026pt too wide) in paragraph at lines 1277--1282
[][][]\T1/ptm/b/n/12 Definition 3.5[] [][][]\T1/ptm/m/n/12 The free operad gene
rated by a symmetric collection $\OML/ztmcm/m/it/12 X$ \T1/ptm/m/n/12 is define
d inductively
 []


Package fancyhdr Warning: \headheight is too small (12.0pt): 
(fancyhdr)                Make it at least 13.14003pt, for example:
(fancyhdr)                \setlength{\headheight}{13.14003pt}.
(fancyhdr)                You might also make \topmargin smaller to compensate:

(fancyhdr)                \addtolength{\topmargin}{-1.14003pt}.

[13]
Overfull \hbox (4.83693pt too wide) in paragraph at lines 1325--1332
[][][]\T1/ptm/b/n/12 Definition 4.1[] [][][]\T1/ptm/m/n/12 A symmetric sequence
 $\U/eus/m/n/12 X$ \T1/ptm/m/n/12 is weight graded if for each finite set the c
omponent
 []


Package fancyhdr Warning: \headheight is too small (12.0pt): 
(fancyhdr)                Make it at least 13.14003pt, for example:
(fancyhdr)                \setlength{\headheight}{13.14003pt}.
(fancyhdr)                You might also make \topmargin smaller to compensate:

(fancyhdr)                \addtolength{\topmargin}{-1.14003pt}.

[14]
Overfull \hbox (9.20395pt too wide) in paragraph at lines 1397--1402
\T1/ptm/m/n/12 Similarly, the commutative operad is generated by a binary opera
tion which instead generates
 []


Overfull \hbox (20.868pt too wide) in paragraph at lines 1403--1407
[]\T1/ptm/m/n/12 The Lie operad is generated by a single binary operation $\OML
/ztmcm/m/it/12 $ \T1/ptm/m/n/12 that generates the sign representation
 []

Package hyperref Info: bookmark level for unknown note defaults to 0 on input l
ine 1419.

Package fancyhdr Warning: \headheight is too small (12.0pt): 
(fancyhdr)                Make it at least 13.14003pt, for example:
(fancyhdr)                \setlength{\headheight}{13.14003pt}.
(fancyhdr)                You might also make \topmargin smaller to compensate:

(fancyhdr)                \addtolength{\topmargin}{-1.14003pt}.

[15]

Package fancyhdr Warning: \headheight is too small (12.0pt): 
(fancyhdr)                Make it at least 13.14003pt, for example:
(fancyhdr)                \setlength{\headheight}{13.14003pt}.
(fancyhdr)                You might also make \topmargin smaller to compensate:

(fancyhdr)                \addtolength{\topmargin}{-1.14003pt}.

[16]

Package fancyhdr Warning: \headheight is too small (12.0pt): 
(fancyhdr)                Make it at least 13.14003pt, for example:
(fancyhdr)                \setlength{\headheight}{13.14003pt}.
(fancyhdr)                You might also make \topmargin smaller to compensate:

(fancyhdr)                \addtolength{\topmargin}{-1.14003pt}.

[17]

Package fancyhdr Warning: \headheight is too small (12.0pt): 
(fancyhdr)                Make it at least 13.14003pt, for example:
(fancyhdr)                \setlength{\headheight}{13.14003pt}.
(fancyhdr)                You might also make \topmargin smaller to compensate:

(fancyhdr)                \addtolength{\topmargin}{-1.14003pt}.

[18]

Package fancyhdr Warning: \headheight is too small (12.0pt): 
(fancyhdr)                Make it at least 13.14003pt, for example:
(fancyhdr)                \setlength{\headheight}{13.14003pt}.
(fancyhdr)                You might also make \topmargin smaller to compensate:

(fancyhdr)                \addtolength{\topmargin}{-1.14003pt}.

[19]
LaTeX Font Info:    Font shape `U/rsfso/m/n' will be
(Font)              scaled to size 12.0pt on input line 1721.
LaTeX Font Info:    Font shape `U/rsfso/m/n' will be
(Font)              scaled to size 9.0pt on input line 1721.
LaTeX Font Info:    Font shape `U/rsfso/m/n' will be
(Font)              scaled to size 7.0pt on input line 1721.
Package hyperref Info: bookmark level for unknown prop defaults to 0 on input l
ine 1724.


Package fancyhdr Warning: \headheight is too small (12.0pt): 
(fancyhdr)                Make it at least 13.14003pt, for example:
(fancyhdr)                \setlength{\headheight}{13.14003pt}.
(fancyhdr)                You might also make \topmargin smaller to compensate:

(fancyhdr)                \addtolength{\topmargin}{-1.14003pt}.

[20]
Overfull \hbox (2.18428pt too wide) in paragraph at lines 1818--1823
\T1/ptm/m/n/12 the Koszul sign we have introduced, guaranteeing that this pairi
ng in equivariant, introduces
 []


Overfull \hbox (9.48962pt too wide) in paragraph at lines 1826--1832
[]\T1/ptm/m/it/12 The commutative and Lie operads. \T1/ptm/m/n/12 We have compu
ted that if $\U/eus/m/n/12 X\OT1/ztmcm/m/n/12 (2)$ \T1/ptm/m/n/12 is the trivia
l representation
 []


Package fancyhdr Warning: \headheight is too small (12.0pt): 
(fancyhdr)                Make it at least 13.14003pt, for example:
(fancyhdr)                \setlength{\headheight}{13.14003pt}.
(fancyhdr)                You might also make \topmargin smaller to compensate:

(fancyhdr)                \addtolength{\topmargin}{-1.14003pt}.

[21]

Package fancyhdr Warning: \headheight is too small (12.0pt): 
(fancyhdr)                Make it at least 13.14003pt, for example:
(fancyhdr)                \setlength{\headheight}{13.14003pt}.
(fancyhdr)                You might also make \topmargin smaller to compensate:

(fancyhdr)                \addtolength{\topmargin}{-1.14003pt}.

[22]

Package fancyhdr Warning: \headheight is too small (12.0pt): 
(fancyhdr)                Make it at least 13.14003pt, for example:
(fancyhdr)                \setlength{\headheight}{13.14003pt}.
(fancyhdr)                You might also make \topmargin smaller to compensate:

(fancyhdr)                \addtolength{\topmargin}{-1.14003pt}.

[23]

Package fancyhdr Warning: \headheight is too small (12.0pt): 
(fancyhdr)                Make it at least 13.14003pt, for example:
(fancyhdr)                \setlength{\headheight}{13.14003pt}.
(fancyhdr)                You might also make \topmargin smaller to compensate:

(fancyhdr)                \addtolength{\topmargin}{-1.14003pt}.

[24] (partial-notes-15-10.aux)

 *File List*
 article.cls    2021/10/04 v1.4n Standard LaTeX document class
   fleqn.clo    2016/12/29 v1.2b Standard LaTeX option (flush left equations)
  size10.clo    2021/10/04 v1.4n Standard LaTeX file (size option)
geometry.sty    2020/01/02 v5.9 Page Geometry
  keyval.sty    2014/10/28 v1.15 key=value parser (DPC)
  ifvtex.sty    2019/10/25 v1.7 ifvtex legacy package. Use iftex instead.
   iftex.sty    2020/03/06 v1.0d TeX engine tests
geometry.cfg
scrextend.sty    2021/06/25 v3.34 KOMA-Script package (extend other classes wit
h features of KOMA-Script classes)
scrkbase.sty    2021/06/25 v3.34 KOMA-Script package (KOMA-Script-dependent bas
ics and keyval usage)
 scrbase.sty    2021/06/25 v3.34 KOMA-Script package (KOMA-Script-independent b
asics and keyval usage)
scrlfile.sty    2021/06/25 v3.34 KOMA-Script package (file load hooks)
scrlfile-hook.sty    2021/06/25 v3.34 KOMA-Script package (using LaTeX hooks)
 scrlogo.sty    2021/06/25 v3.34 KOMA-Script package (logo)
 nowidow.sty    
kvoptions.sty    2020-10-07 v3.14 Key value format for package options (HO)
 ltxcmds.sty    2020-05-10 v1.25 LaTeX kernel commands for general use (HO)
kvsetkeys.sty    2019/12/15 v1.18 Key value parser (HO)
changepage.sty    2009/10/20 v1.0c check page and change page layout
inputenc.sty    2021/02/14 v1.3d Input encoding file
   utf8x.def    2004/10/17 UCS: Input encoding UTF-8
     ucs.sty    2013/05/11 v2.2 UCS: Unicode input support
uni-global.def    2013/05/13 UCS: Unicode global data
   amscd.sty    2017/04/14 v2.1 AMS Commutative Diagrams
  amsgen.sty    1999/11/30 v2.0 generic functions
 amssymb.sty    2013/01/14 v3.01 AMS font symbols
amsfonts.sty    2013/01/14 v3.01 Basic AMSFonts support
 amsmath.sty    2021/10/15 v2.17l AMS math features
 amstext.sty    2021/08/26 v2.01 AMS text
  amsbsy.sty    1999/11/29 v1.2d Bold Symbols
  amsopn.sty    2021/08/26 v2.02 operator names
 amsrefs.sty    2013/03/07 v2.14
     url.sty    2013/09/16  ver 3.4  Verb mode for urls, etc.
pcatcode.sty    2002/04/16 v1.04
ifoption.sty    2002/03/04 v1.02
 rkeyval.sty    2004/05/05 v1.08
textcmds.sty    2012/08/02 v2.00
mathscinet.sty    2002/04/17 v1.05
mathptmx.sty    2020/03/25 PSNFSS-v9.3 Times w/ Math, improved (SPQR, WaS) 
 fontenc.sty
   t1ptm.fd    2001/06/04 font definitions for T1/ptm.
booktabs.sty    2020/01/12 v1.61803398 Publication quality tables
graphicx.sty    2021/09/16 v1.2d Enhanced LaTeX Graphics (DPC,SPQR)
graphics.sty    2021/03/04 v1.4d Standard LaTeX Graphics (DPC,SPQR)
    trig.sty    2021/08/11 v1.11 sin cos tan (DPC)
graphics.cfg    2016/06/04 v1.11 sample graphics configuration
  pdftex.def    2020/10/05 v1.2a Graphics/color driver for pdftex
   babel.sty    2021/11/08 3.66 The Babel package
 bblopts.cfg    2005/09/08 v0.1 add Arabic and Farsi to "declared" options of b
abel
 british.ldf    2017/06/06 v3.3r English support from the babel system
 caption.sty    2020/10/26 v3.5g Customizing captions (AR)
caption3.sty    2020/10/21 v2.2e caption3 kernel (AR)
mathdots.sty    2014/06/11 v0.9 Improve and add various macros for dots in math
.
mathtools.sty    2021/04/12 v1.27 mathematical typesetting tools
    calc.sty    2017/05/25 v4.3 Infix arithmetic (KKT,FJ)
 mhsetup.sty    2021/03/18 v1.4 programming setup (MH)
subfigure.sty    2002/07/30 v2.1.4 subfigure package
subfigure.cfg
 makeidx.sty    2021/10/04 v1.0m Standard LaTeX package
multicol.sty    2021/10/28 v1.9b multicolumn formatting (FMi)
   array.sty    2021/10/04 v2.5f Tabular extension package (FMi)
  cancel.sty    2013/04/12 v2.2 Cancel math terms
 polynom.sty    2017/07/17 0.19 (CH,HA)
      xy.sty    2013/10/06 Xy-pic version 3.8.9
   ifpdf.sty    2019/10/25 v3.4 ifpdf legacy package. Use iftex instead.
  xcolor.sty    2021/10/31 v2.13 LaTeX color extensions (UK)
   color.cfg    2016/01/02 v1.6 sample color configuration
 sidecap.sty    2003/06/06 v1.6f SideCap Package (RN/HjG)
  ifthen.sty    2020/11/24 v1.1c Standard LaTeX ifthen package (DPC)
exsheets.sty    2019/09/30 v0.21k Yet another package for the creation of exerc
ise sheets and exams.
   expl3.sty    2021-11-12 L3 programming layer (loader) 
l3backend-pdftex.def    2021-10-18 L3 backend support: PDF output (pdfTeX)
  xparse.sty    2021-11-12 L3 Experimental document command parser
xtemplate.sty    2021-11-12 L3 Experimental prototype document functions
l3keys2e.sty    2021-11-12 LaTeX2e option processing using LaTeX3 keys
etoolbox.sty    2020/10/05 v2.5k e-TeX tools for LaTeX (JAW)
 environ.sty    2014/05/04 v0.3 A new way to define environments
trimspaces.sty    2009/09/17 v1.1 Trim spaces around a token list
 pgfcore.sty    2021/05/15 v3.1.9a (3.1.9a)
  pgfsys.sty    2021/05/15 v3.1.9a (3.1.9a)
  pgfrcs.sty    2021/05/15 v3.1.9a (3.1.9a)
pgfrcs.code.tex
pgfsys.code.tex
pgfsyssoftpath.code.tex    2021/05/15 v3.1.9a (3.1.9a)
pgfsysprotocol.code.tex    2021/05/15 v3.1.9a (3.1.9a)
pgfcore.code.tex
cntformats.sty    2014/07/20 v0.7 A different way to read counters. (CN)
cnltx-base.sty    2019/11/01 v0.15 LaTeX tools and documenting facilities (CN)
 pgfopts.sty    2014/07/10 v2.1a LaTeX package options with pgfkeys
 pgfkeys.sty    
pgfkeys.code.tex
pdftexcmds.sty    2020-06-27 v0.33 Utility functions of pdfTeX for LuaTeX (HO)
infwarerr.sty    2019/12/03 v1.5 Providing info/warning/error messages (HO)
exsheets_headings.def     2019/09/30 v0.21k ExSheets headings object
exsheets_headings.cfg     2019/09/30 v0.21k ExSheets headings instances 
   tasks.sty    2021/02/20 v1.3a lists with columns filled horizontally
   tasks.cfg
    ulem.sty    2019/11/18
translations.sty    2021/01/17 v1.10a internationalization of LaTeX2e packages 
(CN)
 wrapfig.sty    2003/01/31  v 3.6
  lipsum.sty    2021-09-20 v2.7 150 paragraphs of Lorem Ipsum dummy text
  lipsum.ltd
     pgf.sty    2021/05/15 v3.1.9a (3.1.9a)
pgfcomp-version-0-65.sty    2021/05/15 v3.1.9a (3.1.9a)
pgfcomp-version-1-18.sty    2021/05/15 v3.1.9a (3.1.9a)
    tikz.sty    2021/05/15 v3.1.9a (3.1.9a)
  pgffor.sty    2021/05/15 v3.1.9a (3.1.9a)
 pgfmath.sty    
pgfmath.code.tex
pgffor.code.tex
tikz.code.tex
 tikz-cd.sty    2021/05/04 v1.0 Commutative diagrams with TikZ
stackrel.sty    2016/05/16 v1.3 Adding subscript option to stackrel (HO)
etexcmds.sty    2019/12/15 v1.7 Avoid name clashes with e-TeX commands (HO)
enumitem.sty    2019/06/20 v3.9 Customized lists
stmaryrd.sty    1994/03/03 St Mary's Road symbol package
setspace.sty    2011/12/19 v6.7a set line spacing
mathalpha.sty    2021/11/01 - 1.142mathalpha (License LPPL) Michael Sharpe
 xkeyval.sty    2020/11/20 v2.8 package option processing (HA)
 xkeyval.tex    2014/12/03 v2.7a key=value parser (HA)
fancyhdr.sty    2021/01/28 v4.0.1 Extensive control of page headers and footers

hyperref.sty    2021-06-07 v7.00m Hypertext links for LaTeX
kvdefinekeys.sty    2019-12-19 v1.6 Define keys (HO)
pdfescape.sty    2019/12/09 v1.15 Implements pdfTeX's escape features (HO)
 hycolor.sty    2020-01-27 v1.10 Color options for hyperref/bookmark (HO)
letltxmacro.sty    2019/12/03 v1.6 Let assignment for LaTeX macros (HO)
 auxhook.sty    2019-12-17 v1.6 Hooks for auxiliary files (HO)
  pd1enc.def    2021-06-07 v7.00m Hyperref: PDFDocEncoding definition (HO)
hyperref-langpatches.def    2021-06-07 v7.00m Hyperref: patches for babel langu
ages
 intcalc.sty    2019/12/15 v1.3 Expandable calculations with integers (HO)
   puenc.def    2021-06-07 v7.00m Hyperref: PDF Unicode definition (HO)
  bitset.sty    2019/12/09 v1.3 Handle bit-vector datatype (HO)
bigintcalc.sty    2019/12/15 v1.5 Expandable calculations on big integers (HO)
atbegshi-ltx.sty    2021/01/10 v1.0c Emulation of the original atbegshi
package with kernel methods
 hpdftex.def    2021-06-07 v7.00m Hyperref driver for pdfTeX
atveryend-ltx.sty    2020/08/19 v1.0a Emulation of the original atveryend packa
ge
with kernel methods
rerunfilecheck.sty    2019/12/05 v1.9 Rerun checks for auxiliary files (HO)
uniquecounter.sty    2019/12/15 v1.4 Provide unlimited unique counter (HO)
 sectsty.sty    2002/02/25 v2.0.2 Commands to change all sectional heading styl
es
  amsthm.sty    2020/05/29 v2.20.6
thmtools.sty    2020/08/01 v0.72
thm-patch.sty    2020/08/01 v0.72
parseargs.sty    2020/08/01 v0.72
  thm-kv.sty    2020/08/01 v0.72
thm-autoref.sty    2020/08/01 v0.72
aliasctr.sty    2020/08/01 v0.72
thm-listof.sty    2020/08/01 v0.72
thm-restate.sty    2020/08/01 v0.72
thm-amsthm.sty    2020/08/01 v0.72
   xargs.sty    2008/03/22 v1.1  extended macro definitions  (mpg)
todonotes.sty    2021/06/04
   float.sty    2001/11/08 v1.3d Float enhancements (AL)
titletoc.sty    2021/07/05 v2.14 TOC entries
 ucsencs.def    2011/01/21 Fixes to fontencodings LGR, T3
supp-pdf.mkii
epstopdf-base.sty    2020-01-24 v2.11 Base part for package epstopdf
epstopdf-sys.cfg    2021/03/18 v2.0 Configuration of epstopdf for MiKTeX
ot1ztmcm.fd    2000/01/03 Fontinst v1.801 font definitions for OT1/ztmcm.
omlztmcm.fd    2000/01/03 Fontinst v1.801 font definitions for OML/ztmcm.
omsztmcm.fd    2000/01/03 Fontinst v1.801 font definitions for OMS/ztmcm.
omxztmcm.fd    2000/01/03 Fontinst v1.801 font definitions for OMX/ztmcm.
  ot1ptm.fd    2001/06/04 font definitions for OT1/ptm.
  Ustmry.fd
ragged2e.sty    2021/02/05 v3.0 ragged2e Package
exsheets_configurations.cfg    
translations-basic-dictionary-english.trsl    (english translation file `transl
ations-basic-dictionary')
 nameref.sty    2021-04-02 v2.47 Cross-referencing by name of section
refcount.sty    2019/12/15 v3.6 Data extraction from label references (HO)
gettitlestring.sty    2019/12/15 v1.6 Cleanup title references (HO)
partial-notes-15-10.out
partial-notes-15-10.out
  uni-32.def    2013/05/13 UCS: Unicode data U+2000..U+20FF
  ts1ptm.fd    2001/06/04 font definitions for TS1/ptm.
 ***********


LaTeX Font Warning: Size substitutions with differences
(Font)              up to 0.4299pt have occurred.


Package rerunfilecheck Warning: File `partial-notes-15-10.out' has changed.
(rerunfilecheck)                Rerun to get outlines right
(rerunfilecheck)                or use package `bookmark'.

Package rerunfilecheck Info: Checksums for `partial-notes-15-10.out':
(rerunfilecheck)             Before: AB453BA717775F54427A9E22973432CA;4220
(rerunfilecheck)             After:  9F2097168CEFA279673430C137E01273;4041.
 )
(\end occurred inside a group at level 1)

### semi simple group (level 1) entered at line 146 (\begingroup)
### bottom level 
Here is how much of TeX's memory you used:
 38638 strings out of 480634
 763744 string characters out of 2896310
 1189975 words of memory out of 3000000
 55517 multiletter control sequences out of 15000+600000
 480733 words of font info for 166 fonts, out of 8000000 for 9000
 0 hyphenation exceptions out of 8191
 108i,15n,106p,3245b,11071s stack positions out of 5000i,500n,10000p,200000b,80000s
pdfTeX warning (dest): name{subsection.6.3} has been referenced
 but does not exist, replaced by a fixed one

{/Users/ptamarov/Library/Application Support/MiKTeX/texmfs/install/fonts/enc/dv
ips/base/8r.enc}</Users/ptamarov/Library/Application Support/MiKTeX/texmfs/inst
all/fonts/type1/public/amsfonts/cm/cmex10.pfb></Users/ptamarov/Library/Applicat
ion Support/MiKTeX/texmfs/install/fonts/type1/public/amsfonts/cm/cmmi10.pfb></U
sers/ptamarov/Library/Application Support/MiKTeX/texmfs/install/fonts/type1/pub
lic/amsfonts/cm/cmr10.pfb></Users/ptamarov/Library/Application Support/MiKTeX/t
exmfs/install/fonts/type1/public/amsfonts/cm/cmss12.pfb></Users/ptamarov/Librar
y/Application Support/MiKTeX/texmfs/install/fonts/type1/public/amsfonts/cm/cmsy
10.pfb></Users/ptamarov/Library/Application Support/MiKTeX/texmfs/install/fonts
/type1/public/amsfonts/euler/eusm10.pfb></Users/ptamarov/Library/Application Su
pport/MiKTeX/texmfs/install/fonts/type1/public/amsfonts/symbols/msam10.pfb></Us
ers/ptamarov/Library/Application Support/MiKTeX/texmfs/install/fonts/type1/publ
ic/amsfonts/symbols/msbm10.pfb></Library/Application Support/MiKTeX/texmfs/inst
all/fonts/type1/public/rsfs/rsfs10.pfb></Users/ptamarov/Library/Application Sup
port/MiKTeX/texmfs/install/fonts/type1/public/hoekwater/stmary10.pfb></Library/
Application Support/MiKTeX/texmfs/install/fonts/type1/urw/symbol/usyr.pfb></Lib
rary/Application Support/MiKTeX/texmfs/install/fonts/type1/urw/symbol/usyr.pfb>
</Library/Application Support/MiKTeX/texmfs/install/fonts/type1/urw/times/utmb8
a.pfb></Library/Application Support/MiKTeX/texmfs/install/fonts/type1/urw/times
/utmr8a.pfb></Library/Application Support/MiKTeX/texmfs/install/fonts/type1/urw
/times/utmri8a.pfb>
Output written on partial-notes-15-10.pdf (24 pages, 252193 bytes).
PDF statistics:
 440 PDF objects out of 1000 (max. 8388607)
 135 named destinations out of 1000 (max. 500000)
 197 words of extra memory for PDF output out of 10000 (max. 10000000)

