\BOOKMARK [1][-]{section.1}{\376\377\0001\000\040\000M\000o\000t\000i\000v\000a\000t\000i\000o\000n\000\040\000a\000n\000d\000\040\000h\000i\000s\000t\000o\000r\000y}{}% 1
\BOOKMARK [2][-]{subsection.1.1}{\376\377\0001\000.\0001\000\040\000I\000n\000t\000r\000o\000d\000u\000c\000t\000i\000o\000n\000\040\000a\000n\000d\000\040\000m\000o\000t\000i\000v\000a\000t\000i\000o\000n}{section.1}% 2
\BOOKMARK [2][-]{subsection.1.2}{\376\377\0001\000.\0002\000\040\000E\000x\000e\000r\000c\000i\000s\000e\000s}{section.1}% 3
\BOOKMARK [1][-]{section.2}{\376\377\0002\000\040\000S\000y\000m\000m\000e\000t\000r\000i\000c\000\040\000s\000e\000q\000u\000e\000n\000c\000e\000s\000,\000\040\000c\000o\000m\000p\000o\000s\000i\000t\000i\000o\000n\000\040\000p\000r\000o\000d\000u\000c\000t\000s\000,\000\040\000u\000n\000b\000i\000a\000s\000e\000d\000\040\000a\000p\000p\000r\000o\000a\000c\000h}{}% 4
\BOOKMARK [2][-]{subsection.2.1}{\376\377\0002\000.\0001\000\040\000B\000a\000s\000i\000c\000\040\000d\000e\000f\000i\000n\000i\000t\000i\000o\000n\000s}{section.2}% 5
\BOOKMARK [2][-]{subsection.2.2}{\376\377\0002\000.\0002\000\040\000C\000o\000n\000s\000t\000r\000u\000c\000t\000i\000n\000g\000\040\000o\000p\000e\000r\000a\000d\000s\000\040\000b\000y\000\040\000h\000a\000n\000d}{section.2}% 6
\BOOKMARK [2][-]{subsection.2.3}{\376\377\0002\000.\0003\000\040\000E\000x\000e\000r\000c\000i\000s\000e\000s}{section.2}% 7
\BOOKMARK [1][-]{section.3}{\376\377\0003\000\040\000F\000r\000e\000e\000\040\000o\000p\000e\000r\000a\000d\000s\000\040\000a\000n\000d\000\040\000p\000r\000e\000s\000e\000n\000t\000a\000t\000i\000o\000n\000s}{}% 8
\BOOKMARK [2][-]{subsection.3.1}{\376\377\0003\000.\0001\000\040\000P\000l\000a\000n\000a\000r\000\040\000a\000n\000d\000\040\000n\000o\000n\000-\000p\000l\000a\000n\000a\000r\000\040\000t\000r\000e\000e\000s}{section.3}% 9
\BOOKMARK [2][-]{subsection.3.2}{\376\377\0003\000.\0002\000\040\000T\000h\000e\000\040\000f\000r\000e\000e\000\040\000o\000p\000e\000r\000a\000d}{section.3}% 10
\BOOKMARK [2][-]{subsection.3.3}{\376\377\0003\000.\0003\000\040\000E\000x\000e\000r\000c\000i\000s\000e\000s}{section.3}% 11
\BOOKMARK [1][-]{section.4}{\376\377\0004\000\040\000Q\000u\000a\000d\000r\000a\000t\000i\000c\000\040\000o\000p\000e\000r\000a\000d\000s}{}% 12
\BOOKMARK [2][-]{subsection.4.1}{\376\377\0004\000.\0001\000\040\000W\000e\000i\000g\000h\000t\000\040\000g\000r\000a\000d\000i\000n\000g\000s\000\040\000a\000n\000d\000\040\000p\000r\000e\000s\000e\000n\000t\000a\000t\000i\000o\000n\000s}{section.4}% 13
\BOOKMARK [2][-]{subsection.4.2}{\376\377\0004\000.\0002\000\040\000Q\000u\000a\000d\000r\000a\000t\000i\000c\000\040\000o\000p\000e\000r\000a\000d\000s}{section.4}% 14
\BOOKMARK [2][-]{subsection.4.3}{\376\377\0004\000.\0003\000\040\000E\000x\000e\000r\000c\000i\000s\000e\000s}{section.4}% 15
\BOOKMARK [1][-]{section.5}{\376\377\0005\000\040\000K\000o\000s\000z\000u\000l\000\040\000d\000u\000a\000l\000i\000t\000y\000\040\000I}{}% 16
\BOOKMARK [2][-]{subsection.5.1}{\376\377\0005\000.\0001\000\040\000D\000i\000f\000f\000e\000r\000e\000n\000t\000i\000a\000l\000\040\000g\000r\000a\000d\000e\000d\000\040\000s\000e\000q\000u\000e\000n\000c\000e\000s}{section.5}% 17
\BOOKMARK [2][-]{subsection.5.2}{\376\377\0005\000.\0002\000\040\000T\000h\000e\000\040\000K\000o\000s\000z\000u\000l\000\040\000d\000u\000a\000l}{section.5}% 18
\BOOKMARK [2][-]{subsection.5.3}{\376\377\0005\000.\0003\000\040\000E\000x\000e\000r\000c\000i\000s\000e\000s}{section.5}% 19
\BOOKMARK [1][-]{section.6}{\376\377\0006\000\040\000G\000r\000\366\000b\000n\000e\000r\000\040\000b\000a\000s\000e\000s\000\040\000f\000o\000r\000\040\000a\000l\000g\000e\000b\000r\000a\000i\000c\000\040\000o\000p\000e\000r\000a\000d\000s\000\040\000I}{}% 20
\BOOKMARK [2][-]{subsection.6.1}{\376\377\0006\000.\0001\000\040\000S\000h\000u\000f\000f\000l\000e\000\040\000o\000p\000e\000r\000a\000d\000s}{section.6}% 21
\BOOKMARK [2][-]{subsection.6.2}{\376\377\0006\000.\0002\000\040\000E\000x\000e\000r\000c\000i\000s\000e\000s}{section.6}% 22
